mode: set
github.com/Kyanite/noise/internal/app/ai.go:21.32,25.2 1 0
github.com/Kyanite/noise/internal/app/ai.go:28.64,41.2 2 0
github.com/Kyanite/noise/internal/app/ai.go:44.101,57.53 2 0
github.com/Kyanite/noise/internal/app/ai.go:57.53,59.3 1 0
github.com/Kyanite/noise/internal/app/ai.go:61.2,61.46 1 0
github.com/Kyanite/noise/internal/app/ai.go:65.82,71.2 2 0
github.com/Kyanite/noise/internal/app/ai.go:74.85,77.2 1 0
github.com/Kyanite/noise/internal/app/ai.go:80.86,85.12 2 0
github.com/Kyanite/noise/internal/app/ai.go:85.12,88.3 2 0
github.com/Kyanite/noise/internal/app/ai.go:90.2,90.26 1 0
github.com/Kyanite/noise/internal/app/ai.go:94.40,98.2 1 0
github.com/Kyanite/noise/internal/app/ai.go:101.61,108.2 1 0
github.com/Kyanite/noise/internal/app/ai.go:113.126,117.25 2 0
github.com/Kyanite/noise/internal/app/ai.go:117.25,125.17 2 0
github.com/Kyanite/noise/internal/app/ai.go:125.17,127.4 1 0
github.com/Kyanite/noise/internal/app/ai.go:128.3,128.31 1 0
github.com/Kyanite/noise/internal/app/ai.go:132.2,136.8 1 0
github.com/Kyanite/noise/internal/app/ai.go:140.113,142.25 1 0
github.com/Kyanite/noise/internal/app/ai.go:142.25,151.17 2 0
github.com/Kyanite/noise/internal/app/ai.go:151.17,153.4 1 0
github.com/Kyanite/noise/internal/app/ai.go:154.3,154.31 1 0
github.com/Kyanite/noise/internal/app/ai.go:158.2,162.8 1 0
github.com/Kyanite/noise/internal/app/ai.go:166.113,168.25 1 0
github.com/Kyanite/noise/internal/app/ai.go:168.25,177.17 2 0
github.com/Kyanite/noise/internal/app/ai.go:177.17,179.4 1 0
github.com/Kyanite/noise/internal/app/ai.go:180.3,180.57 1 0
github.com/Kyanite/noise/internal/app/ai.go:180.57,182.4 1 0
github.com/Kyanite/noise/internal/app/ai.go:183.3,183.31 1 0
github.com/Kyanite/noise/internal/app/ai.go:187.2,192.51 2 0
github.com/Kyanite/noise/internal/app/ai.go:192.51,194.3 1 0
github.com/Kyanite/noise/internal/app/ai.go:195.2,195.25 1 0
github.com/Kyanite/noise/internal/app/ai.go:199.99,201.25 1 0
github.com/Kyanite/noise/internal/app/ai.go:201.25,210.17 2 0
github.com/Kyanite/noise/internal/app/ai.go:210.17,212.4 1 0
github.com/Kyanite/noise/internal/app/ai.go:213.3,213.33 1 0
github.com/Kyanite/noise/internal/app/ai.go:213.33,215.4 1 0
github.com/Kyanite/noise/internal/app/ai.go:216.3,216.34 1 0
github.com/Kyanite/noise/internal/app/ai.go:220.2,220.61 1 0
github.com/Kyanite/noise/internal/app/ai.go:226.106,227.25 1 0
github.com/Kyanite/noise/internal/app/ai.go:227.25,235.3 1 0
github.com/Kyanite/noise/internal/app/ai.go:238.2,241.8 1 0
github.com/Kyanite/noise/internal/app/ai.go:245.103,246.25 1 0
github.com/Kyanite/noise/internal/app/ai.go:246.25,254.3 1 0
github.com/Kyanite/noise/internal/app/ai.go:257.2,260.8 1 0
github.com/Kyanite/noise/internal/app/ai.go:264.102,265.25 1 0
github.com/Kyanite/noise/internal/app/ai.go:265.25,273.3 1 0
github.com/Kyanite/noise/internal/app/ai.go:276.2,279.8 1 0
github.com/Kyanite/noise/internal/app/ai.go:283.117,284.25 1 0
github.com/Kyanite/noise/internal/app/ai.go:284.25,292.3 1 0
github.com/Kyanite/noise/internal/app/ai.go:295.2,298.8 1 0
github.com/Kyanite/noise/internal/app/autosave.go:32.41,33.11 1 0
github.com/Kyanite/noise/internal/app/autosave.go:34.20,35.16 1 0
github.com/Kyanite/noise/internal/app/autosave.go:36.22,37.21 1 0
github.com/Kyanite/noise/internal/app/autosave.go:38.23,39.17 1 0
github.com/Kyanite/noise/internal/app/autosave.go:40.21,41.17 1 0
github.com/Kyanite/noise/internal/app/autosave.go:42.10,43.19 1 0
github.com/Kyanite/noise/internal/app/autosave.go:59.46,69.2 1 1
github.com/Kyanite/noise/internal/app/autosave.go:75.75,79.2 1 0
github.com/Kyanite/noise/internal/app/autosave.go:82.78,86.2 1 0
github.com/Kyanite/noise/internal/app/autosave.go:89.49,90.27 1 0
github.com/Kyanite/noise/internal/app/autosave.go:90.27,92.3 1 0
github.com/Kyanite/noise/internal/app/autosave.go:93.2,93.29 1 0
github.com/Kyanite/noise/internal/app/autosave.go:93.29,95.3 1 0
github.com/Kyanite/noise/internal/app/autosave.go:96.2,96.24 1 0
github.com/Kyanite/noise/internal/app/autosave.go:96.24,98.3 1 0
github.com/Kyanite/noise/internal/app/autosave.go:99.2,99.26 1 0
github.com/Kyanite/noise/internal/app/autosave.go:99.26,101.3 1 0
github.com/Kyanite/noise/internal/app/autosave.go:102.2,102.22 1 0
github.com/Kyanite/noise/internal/app/autosave.go:102.22,104.3 1 0
github.com/Kyanite/noise/internal/app/autosave.go:105.2,105.23 1 0
github.com/Kyanite/noise/internal/app/autosave.go:105.23,107.3 1 0
github.com/Kyanite/noise/internal/app/autosave.go:108.2,108.23 1 0
github.com/Kyanite/noise/internal/app/autosave.go:108.23,110.3 1 0
github.com/Kyanite/noise/internal/app/autosave.go:111.2,111.25 1 0
github.com/Kyanite/noise/internal/app/autosave.go:111.25,113.3 1 0
github.com/Kyanite/noise/internal/app/autosave.go:114.2,114.12 1 0
github.com/Kyanite/noise/internal/app/autosave.go:143.42,145.2 1 0
github.com/Kyanite/noise/internal/app/autosave.go:148.83,149.19 1 1
github.com/Kyanite/noise/internal/app/autosave.go:149.19,151.3 1 0
github.com/Kyanite/noise/internal/app/autosave.go:153.2,160.3 1 1
github.com/Kyanite/noise/internal/app/autosave.go:164.60,165.23 1 1
github.com/Kyanite/noise/internal/app/autosave.go:165.23,167.3 1 0
github.com/Kyanite/noise/internal/app/autosave.go:170.2,179.12 5 1
github.com/Kyanite/noise/internal/app/autosave.go:183.40,188.9 2 1
github.com/Kyanite/noise/internal/app/autosave.go:189.20,189.20 0 0
github.com/Kyanite/noise/internal/app/autosave.go:191.10,192.20 1 1
github.com/Kyanite/noise/internal/app/autosave.go:194.2,195.12 2 1
github.com/Kyanite/noise/internal/app/autosave.go:199.55,200.23 1 1
github.com/Kyanite/noise/internal/app/autosave.go:200.23,202.3 1 0
github.com/Kyanite/noise/internal/app/autosave.go:207.2,207.16 1 1
github.com/Kyanite/noise/internal/app/autosave.go:207.16,209.30 2 1
github.com/Kyanite/noise/internal/app/autosave.go:209.30,211.4 1 1
github.com/Kyanite/noise/internal/app/autosave.go:212.3,212.13 1 1
github.com/Kyanite/noise/internal/app/autosave.go:212.13,213.49 1 1
github.com/Kyanite/noise/internal/app/autosave.go:213.49,214.25 1 0
github.com/Kyanite/noise/internal/app/autosave.go:214.25,216.6 1 0
github.com/Kyanite/noise/internal/app/autosave.go:219.3,219.9 1 1
github.com/Kyanite/noise/internal/app/autosave.go:223.2,223.9 1 1
github.com/Kyanite/noise/internal/app/autosave.go:224.29,224.29 0 1
github.com/Kyanite/noise/internal/app/autosave.go:226.10,228.10 1 0
github.com/Kyanite/noise/internal/app/autosave.go:229.21,229.21 0 0
github.com/Kyanite/noise/internal/app/autosave.go:230.11,230.11 0 0
github.com/Kyanite/noise/internal/app/autosave.go:232.3,232.10 1 0
github.com/Kyanite/noise/internal/app/autosave.go:233.30,233.30 0 0
github.com/Kyanite/noise/internal/app/autosave.go:234.11,234.11 0 0
github.com/Kyanite/noise/internal/app/autosave.go:242.2,242.67 1 1
github.com/Kyanite/noise/internal/app/autosave.go:246.59,248.2 1 1
github.com/Kyanite/noise/internal/app/autosave.go:251.54,253.2 1 1
github.com/Kyanite/noise/internal/app/autosave.go:256.55,260.2 3 1
github.com/Kyanite/noise/internal/app/autosave.go:263.82,265.2 1 1
github.com/Kyanite/noise/internal/app/autosave.go:268.66,270.2 1 1
github.com/Kyanite/noise/internal/app/autosave.go:273.64,275.2 1 0
github.com/Kyanite/noise/internal/app/autosave.go:278.67,282.6 3 1
github.com/Kyanite/noise/internal/app/autosave.go:282.6,283.10 1 1
github.com/Kyanite/noise/internal/app/autosave.go:284.21,285.10 1 0
github.com/Kyanite/noise/internal/app/autosave.go:286.21,287.10 1 1
github.com/Kyanite/noise/internal/app/autosave.go:288.19,289.27 1 0
github.com/Kyanite/noise/internal/app/autosave.go:295.49,300.19 4 1
github.com/Kyanite/noise/internal/app/autosave.go:300.19,302.3 1 0
github.com/Kyanite/noise/internal/app/autosave.go:305.2,305.40 1 1
github.com/Kyanite/noise/internal/app/autosave.go:305.40,307.3 1 1
github.com/Kyanite/noise/internal/app/autosave.go:311.61,314.6 2 1
github.com/Kyanite/noise/internal/app/autosave.go:314.6,315.10 1 1
github.com/Kyanite/noise/internal/app/autosave.go:316.21,317.10 1 0
github.com/Kyanite/noise/internal/app/autosave.go:318.21,319.10 1 1
github.com/Kyanite/noise/internal/app/autosave.go:320.32,326.28 4 1
github.com/Kyanite/noise/internal/app/autosave.go:326.28,328.5 1 0
github.com/Kyanite/noise/internal/app/autosave.go:331.4,331.95 1 1
github.com/Kyanite/noise/internal/app/autosave.go:331.95,332.50 1 1
github.com/Kyanite/noise/internal/app/autosave.go:332.50,334.6 1 0
github.com/Kyanite/noise/internal/app/autosave.go:340.53,341.17 1 1
github.com/Kyanite/noise/internal/app/autosave.go:341.17,343.3 1 0
github.com/Kyanite/noise/internal/app/autosave.go:344.2,344.12 1 1
github.com/Kyanite/noise/internal/app/autosave.go:347.62,348.16 1 1
github.com/Kyanite/noise/internal/app/autosave.go:348.16,350.3 1 0
github.com/Kyanite/noise/internal/app/autosave.go:352.2,353.29 2 1
github.com/Kyanite/noise/internal/app/autosave.go:353.29,355.3 1 1
github.com/Kyanite/noise/internal/app/autosave.go:356.2,356.22 1 1
github.com/Kyanite/noise/internal/app/autosave.go:356.22,358.3 1 1
github.com/Kyanite/noise/internal/app/autosave.go:359.2,359.12 1 1
github.com/Kyanite/noise/internal/app/autosave.go:363.61,365.29 2 1
github.com/Kyanite/noise/internal/app/autosave.go:365.29,367.3 1 1
github.com/Kyanite/noise/internal/app/autosave.go:369.2,369.46 1 1
github.com/Kyanite/noise/internal/app/autosave.go:369.46,371.3 1 0
github.com/Kyanite/noise/internal/app/autosave.go:373.2,374.62 2 1
github.com/Kyanite/noise/internal/app/autosave.go:374.62,375.18 1 1
github.com/Kyanite/noise/internal/app/autosave.go:375.18,378.4 1 1
github.com/Kyanite/noise/internal/app/autosave.go:380.3,381.21 2 1
github.com/Kyanite/noise/internal/app/autosave.go:381.21,382.9 1 1
github.com/Kyanite/noise/internal/app/autosave.go:385.3,385.71 1 1
github.com/Kyanite/noise/internal/app/autosave.go:388.2,388.20 1 1
github.com/Kyanite/noise/internal/app/autosave.go:388.20,390.3 1 1
github.com/Kyanite/noise/internal/app/autosave.go:392.2,393.29 2 1
github.com/Kyanite/noise/internal/app/autosave.go:393.29,395.3 1 1
github.com/Kyanite/noise/internal/app/autosave.go:398.2,398.12 1 1
github.com/Kyanite/noise/internal/app/autosave.go:398.12,401.30 3 1
github.com/Kyanite/noise/internal/app/autosave.go:401.30,403.4 1 0
github.com/Kyanite/noise/internal/app/autosave.go:406.2,406.12 1 1
github.com/Kyanite/noise/internal/app/autosave.go:410.61,424.57 7 1
github.com/Kyanite/noise/internal/app/autosave.go:424.57,425.18 1 1
github.com/Kyanite/noise/internal/app/autosave.go:425.18,429.4 3 0
github.com/Kyanite/noise/internal/app/autosave.go:431.3,432.17 2 1
github.com/Kyanite/noise/internal/app/autosave.go:432.17,437.43 2 1
github.com/Kyanite/noise/internal/app/autosave.go:437.43,438.33 1 0
github.com/Kyanite/noise/internal/app/autosave.go:438.33,439.14 1 0
github.com/Kyanite/noise/internal/app/autosave.go:442.4,442.88 1 1
github.com/Kyanite/noise/internal/app/autosave.go:445.3,445.21 1 1
github.com/Kyanite/noise/internal/app/autosave.go:445.21,446.27 1 1
github.com/Kyanite/noise/internal/app/autosave.go:446.27,448.5 1 1
github.com/Kyanite/noise/internal/app/autosave.go:448.10,450.5 1 0
github.com/Kyanite/noise/internal/app/autosave.go:454.3,454.8 1 1
github.com/Kyanite/noise/internal/app/autosave.go:457.2,462.12 5 1
github.com/Kyanite/noise/internal/app/autosave.go:466.111,468.29 2 0
github.com/Kyanite/noise/internal/app/autosave.go:468.29,470.3 1 0
github.com/Kyanite/noise/internal/app/autosave.go:472.2,472.46 1 0
github.com/Kyanite/noise/internal/app/autosave.go:472.46,474.3 1 0
github.com/Kyanite/noise/internal/app/autosave.go:476.2,477.62 2 0
github.com/Kyanite/noise/internal/app/autosave.go:477.62,478.18 1 0
github.com/Kyanite/noise/internal/app/autosave.go:478.18,480.4 1 0
github.com/Kyanite/noise/internal/app/autosave.go:482.3,483.21 2 0
github.com/Kyanite/noise/internal/app/autosave.go:483.21,484.9 1 0
github.com/Kyanite/noise/internal/app/autosave.go:487.3,487.76 1 0
github.com/Kyanite/noise/internal/app/autosave.go:490.2,490.20 1 0
github.com/Kyanite/noise/internal/app/autosave.go:490.20,492.3 1 0
github.com/Kyanite/noise/internal/app/autosave.go:494.2,495.29 2 0
github.com/Kyanite/noise/internal/app/autosave.go:495.29,497.3 1 0
github.com/Kyanite/noise/internal/app/autosave.go:500.2,500.12 1 0
github.com/Kyanite/noise/internal/app/autosave.go:500.12,503.30 3 0
github.com/Kyanite/noise/internal/app/autosave.go:503.30,505.4 1 0
github.com/Kyanite/noise/internal/app/autosave.go:508.2,508.12 1 0
github.com/Kyanite/noise/internal/app/autosave.go:512.118,518.35 3 0
github.com/Kyanite/noise/internal/app/autosave.go:518.35,519.18 1 0
github.com/Kyanite/noise/internal/app/autosave.go:519.18,521.4 1 0
github.com/Kyanite/noise/internal/app/autosave.go:521.9,523.4 1 0
github.com/Kyanite/noise/internal/app/autosave.go:527.2,531.57 4 0
github.com/Kyanite/noise/internal/app/autosave.go:531.57,532.18 1 0
github.com/Kyanite/noise/internal/app/autosave.go:532.18,536.4 3 0
github.com/Kyanite/noise/internal/app/autosave.go:538.3,539.17 2 0
github.com/Kyanite/noise/internal/app/autosave.go:539.17,544.43 2 0
github.com/Kyanite/noise/internal/app/autosave.go:544.43,545.33 1 0
github.com/Kyanite/noise/internal/app/autosave.go:545.33,546.14 1 0
github.com/Kyanite/noise/internal/app/autosave.go:549.4,549.88 1 0
github.com/Kyanite/noise/internal/app/autosave.go:553.3,553.8 1 0
github.com/Kyanite/noise/internal/app/autosave.go:556.2,561.12 5 0
github.com/Kyanite/noise/internal/app/autosave.go:565.95,566.16 1 0
github.com/Kyanite/noise/internal/app/autosave.go:566.16,568.3 1 0
github.com/Kyanite/noise/internal/app/autosave.go:569.2,569.40 1 0
github.com/Kyanite/noise/internal/app/autosave.go:573.64,579.16 4 1
github.com/Kyanite/noise/internal/app/autosave.go:579.16,581.3 1 0
github.com/Kyanite/noise/internal/app/autosave.go:584.2,584.43 1 1
github.com/Kyanite/noise/internal/app/autosave.go:584.43,591.60 5 1
github.com/Kyanite/noise/internal/app/autosave.go:591.60,592.19 1 1
github.com/Kyanite/noise/internal/app/autosave.go:592.19,595.5 2 0
github.com/Kyanite/noise/internal/app/autosave.go:597.4,598.24 2 1
github.com/Kyanite/noise/internal/app/autosave.go:598.24,599.10 1 1
github.com/Kyanite/noise/internal/app/autosave.go:602.4,604.49 1 0
github.com/Kyanite/noise/internal/app/autosave.go:604.49,605.35 1 0
github.com/Kyanite/noise/internal/app/autosave.go:605.35,606.14 1 0
github.com/Kyanite/noise/internal/app/autosave.go:610.4,611.9 2 0
github.com/Kyanite/noise/internal/app/autosave.go:614.3,614.23 1 1
github.com/Kyanite/noise/internal/app/autosave.go:614.23,616.9 1 0
github.com/Kyanite/noise/internal/app/autosave.go:619.3,619.40 1 1
github.com/Kyanite/noise/internal/app/autosave.go:622.2,622.12 1 1
github.com/Kyanite/noise/internal/app/autosave.go:626.75,628.16 2 0
github.com/Kyanite/noise/internal/app/autosave.go:628.16,630.3 1 0
github.com/Kyanite/noise/internal/app/autosave.go:632.2,632.24 1 0
github.com/Kyanite/noise/internal/app/autosave.go:632.24,634.3 1 0
github.com/Kyanite/noise/internal/app/autosave.go:636.2,636.33 1 0
github.com/Kyanite/noise/internal/app/autosave.go:640.90,642.2 1 0
github.com/Kyanite/noise/internal/app/autosave.go:645.80,647.16 2 0
github.com/Kyanite/noise/internal/app/autosave.go:647.16,649.3 1 0
github.com/Kyanite/noise/internal/app/autosave.go:651.2,652.35 2 0
github.com/Kyanite/noise/internal/app/autosave.go:652.35,653.26 1 0
github.com/Kyanite/noise/internal/app/autosave.go:653.26,655.4 1 0
github.com/Kyanite/noise/internal/app/autosave.go:658.2,658.24 1 0
github.com/Kyanite/noise/internal/app/autosave.go:662.73,664.16 2 0
github.com/Kyanite/noise/internal/app/autosave.go:664.16,666.3 1 0
github.com/Kyanite/noise/internal/app/autosave.go:668.2,668.29 1 0
github.com/Kyanite/noise/internal/app/autosave.go:672.82,674.16 2 0
github.com/Kyanite/noise/internal/app/autosave.go:674.16,676.3 1 0
github.com/Kyanite/noise/internal/app/autosave.go:678.2,686.24 2 0
github.com/Kyanite/noise/internal/app/autosave.go:686.24,688.3 1 0
github.com/Kyanite/noise/internal/app/autosave.go:691.2,695.35 3 0
github.com/Kyanite/noise/internal/app/autosave.go:695.35,696.26 1 0
github.com/Kyanite/noise/internal/app/autosave.go:696.26,698.4 1 0
github.com/Kyanite/noise/internal/app/autosave.go:698.9,698.83 1 0
github.com/Kyanite/noise/internal/app/autosave.go:698.83,700.4 1 0
github.com/Kyanite/noise/internal/app/autosave.go:703.2,703.19 1 0
github.com/Kyanite/noise/internal/app/autosave.go:716.60,718.2 1 1
github.com/Kyanite/noise/internal/app/autosave.go:721.56,724.38 2 1
github.com/Kyanite/noise/internal/app/autosave.go:724.38,726.3 1 1
github.com/Kyanite/noise/internal/app/autosave.go:727.2,727.28 1 1
github.com/Kyanite/noise/internal/app/dictionary.go:44.34,49.2 1 0
github.com/Kyanite/noise/internal/app/dictionary.go:52.60,58.16 4 0
github.com/Kyanite/noise/internal/app/dictionary.go:58.16,60.3 1 0
github.com/Kyanite/noise/internal/app/dictionary.go:63.2,67.56 2 0
github.com/Kyanite/noise/internal/app/dictionary.go:67.56,69.3 1 0
github.com/Kyanite/noise/internal/app/dictionary.go:72.2,80.12 5 0
github.com/Kyanite/noise/internal/app/dictionary.go:84.38,87.35 2 0
github.com/Kyanite/noise/internal/app/dictionary.go:87.35,90.20 2 0
github.com/Kyanite/noise/internal/app/dictionary.go:90.20,92.4 1 0
github.com/Kyanite/noise/internal/app/dictionary.go:94.3,94.32 1 0
github.com/Kyanite/noise/internal/app/dictionary.go:94.32,97.29 2 0
github.com/Kyanite/noise/internal/app/dictionary.go:97.29,98.43 1 0
github.com/Kyanite/noise/internal/app/dictionary.go:98.43,100.6 1 0
github.com/Kyanite/noise/internal/app/dictionary.go:101.5,101.76 1 0
github.com/Kyanite/noise/internal/app/dictionary.go:108.38,112.2 3 0
github.com/Kyanite/noise/internal/app/dictionary.go:115.66,123.2 5 0
github.com/Kyanite/noise/internal/app/dictionary.go:126.63,128.51 1 0
github.com/Kyanite/noise/internal/app/dictionary.go:128.51,130.3 1 0
github.com/Kyanite/noise/internal/app/dictionary.go:133.2,133.45 1 0
github.com/Kyanite/noise/internal/app/dictionary.go:137.63,138.16 1 0
github.com/Kyanite/noise/internal/app/dictionary.go:138.16,140.3 1 0
github.com/Kyanite/noise/internal/app/dictionary.go:143.2,163.51 3 0
github.com/Kyanite/noise/internal/app/dictionary.go:163.51,165.3 1 0
github.com/Kyanite/noise/internal/app/dictionary.go:168.2,172.16 3 0
github.com/Kyanite/noise/internal/app/dictionary.go:172.16,174.3 1 0
github.com/Kyanite/noise/internal/app/dictionary.go:176.2,180.28 4 0
github.com/Kyanite/noise/internal/app/dictionary.go:180.28,183.31 2 0
github.com/Kyanite/noise/internal/app/dictionary.go:183.31,185.4 1 0
github.com/Kyanite/noise/internal/app/dictionary.go:186.3,189.12 2 0
github.com/Kyanite/noise/internal/app/dictionary.go:189.12,194.55 3 0
github.com/Kyanite/noise/internal/app/dictionary.go:194.55,196.15 1 0
github.com/Kyanite/noise/internal/app/dictionary.go:196.15,200.23 2 0
github.com/Kyanite/noise/internal/app/dictionary.go:200.23,202.7 1 0
github.com/Kyanite/noise/internal/app/dictionary.go:207.4,207.79 1 0
github.com/Kyanite/noise/internal/app/dictionary.go:207.79,209.15 1 0
github.com/Kyanite/noise/internal/app/dictionary.go:209.15,211.59 2 0
github.com/Kyanite/noise/internal/app/dictionary.go:211.59,213.7 1 0
github.com/Kyanite/noise/internal/app/dictionary.go:218.4,218.51 1 0
github.com/Kyanite/noise/internal/app/dictionary.go:218.52,221.5 0 0
github.com/Kyanite/noise/internal/app/dictionary.go:226.2,226.20 1 0
github.com/Kyanite/noise/internal/app/dictionary.go:226.20,228.3 1 0
github.com/Kyanite/noise/internal/app/dictionary.go:230.2,230.18 1 0
github.com/Kyanite/noise/internal/app/dictionary.go:234.64,236.51 1 0
github.com/Kyanite/noise/internal/app/dictionary.go:236.51,238.26 1 0
github.com/Kyanite/noise/internal/app/dictionary.go:238.26,240.4 1 0
github.com/Kyanite/noise/internal/app/dictionary.go:241.3,241.27 1 0
github.com/Kyanite/noise/internal/app/dictionary.go:245.2,247.19 2 0
github.com/Kyanite/noise/internal/app/dictionary.go:247.19,249.3 1 0
github.com/Kyanite/noise/internal/app/dictionary.go:250.2,250.20 1 0
github.com/Kyanite/noise/internal/app/dictionary.go:254.63,255.16 1 0
github.com/Kyanite/noise/internal/app/dictionary.go:255.16,257.3 1 0
github.com/Kyanite/noise/internal/app/dictionary.go:260.2,263.48 2 0
github.com/Kyanite/noise/internal/app/dictionary.go:263.48,265.3 1 0
github.com/Kyanite/noise/internal/app/dictionary.go:268.2,271.19 3 0
github.com/Kyanite/noise/internal/app/dictionary.go:271.19,273.3 1 0
github.com/Kyanite/noise/internal/app/dictionary.go:276.2,276.32 1 0
github.com/Kyanite/noise/internal/app/dictionary.go:276.32,277.23 1 0
github.com/Kyanite/noise/internal/app/dictionary.go:277.23,278.12 1 0
github.com/Kyanite/noise/internal/app/dictionary.go:281.3,282.46 2 0
github.com/Kyanite/noise/internal/app/dictionary.go:282.46,284.4 1 0
github.com/Kyanite/noise/internal/app/dictionary.go:287.2,287.16 1 0
github.com/Kyanite/noise/internal/app/dictionary.go:291.60,292.19 1 0
github.com/Kyanite/noise/internal/app/dictionary.go:292.19,294.3 1 0
github.com/Kyanite/noise/internal/app/dictionary.go:297.2,297.20 1 0
github.com/Kyanite/noise/internal/app/dictionary.go:297.20,299.3 1 0
github.com/Kyanite/noise/internal/app/dictionary.go:300.2,300.13 1 0
github.com/Kyanite/noise/internal/app/dictionary.go:304.69,305.16 1 0
github.com/Kyanite/noise/internal/app/dictionary.go:305.16,307.3 1 0
github.com/Kyanite/noise/internal/app/dictionary.go:310.2,313.29 3 0
github.com/Kyanite/noise/internal/app/dictionary.go:313.29,318.22 3 0
github.com/Kyanite/noise/internal/app/dictionary.go:318.22,320.18 2 0
github.com/Kyanite/noise/internal/app/dictionary.go:320.18,321.13 1 0
github.com/Kyanite/noise/internal/app/dictionary.go:323.4,323.31 1 0
github.com/Kyanite/noise/internal/app/dictionary.go:327.2,327.28 1 0
github.com/Kyanite/noise/internal/app/dictionary.go:331.49,345.32 6 0
github.com/Kyanite/noise/internal/app/dictionary.go:345.32,348.3 2 0
github.com/Kyanite/noise/internal/app/dictionary.go:350.2,352.26 2 0
github.com/Kyanite/noise/internal/app/dictionary.go:352.26,354.3 1 0
github.com/Kyanite/noise/internal/app/dictionary.go:356.2,356.14 1 0
github.com/Kyanite/noise/internal/app/dictionary.go:360.66,368.25 4 0
github.com/Kyanite/noise/internal/app/dictionary.go:368.25,370.3 1 0
github.com/Kyanite/noise/internal/app/dictionary.go:372.2,375.37 2 0
github.com/Kyanite/noise/internal/app/dictionary.go:375.37,377.28 2 0
github.com/Kyanite/noise/internal/app/dictionary.go:377.28,378.42 1 0
github.com/Kyanite/noise/internal/app/dictionary.go:378.42,380.5 1 0
github.com/Kyanite/noise/internal/app/dictionary.go:381.4,381.85 1 0
github.com/Kyanite/noise/internal/app/dictionary.go:385.2,385.12 1 0
github.com/Kyanite/noise/internal/app/dictionary.go:389.79,397.36 5 0
github.com/Kyanite/noise/internal/app/dictionary.go:397.36,400.3 1 0
github.com/Kyanite/noise/internal/app/dictionary.go:400.8,403.3 1 0
github.com/Kyanite/noise/internal/app/dictionary.go:405.2,406.16 2 0
github.com/Kyanite/noise/internal/app/dictionary.go:406.16,408.3 1 0
github.com/Kyanite/noise/internal/app/dictionary.go:410.2,410.28 1 0
github.com/Kyanite/noise/internal/app/dictionary.go:410.28,411.30 1 0
github.com/Kyanite/noise/internal/app/dictionary.go:411.30,413.42 2 0
github.com/Kyanite/noise/internal/app/dictionary.go:413.42,414.10 1 0
github.com/Kyanite/noise/internal/app/dictionary.go:419.2,419.21 1 0
github.com/Kyanite/noise/internal/app/dictionary.go:423.65,427.23 3 0
github.com/Kyanite/noise/internal/app/dictionary.go:427.23,429.3 1 0
github.com/Kyanite/noise/internal/app/dictionary.go:432.2,433.35 2 0
github.com/Kyanite/noise/internal/app/dictionary.go:433.35,434.30 1 0
github.com/Kyanite/noise/internal/app/dictionary.go:434.30,436.4 1 0
github.com/Kyanite/noise/internal/app/dictionary.go:437.3,437.10 1 0
github.com/Kyanite/noise/internal/app/dictionary.go:441.2,441.35 1 0
github.com/Kyanite/noise/internal/app/dictionary.go:441.35,443.3 1 0
github.com/Kyanite/noise/internal/app/dictionary.go:445.2,445.68 1 0
github.com/Kyanite/noise/internal/app/dictionary.go:449.53,452.2 2 0
github.com/Kyanite/noise/internal/app/dictionary.go:455.90,461.35 4 0
github.com/Kyanite/noise/internal/app/dictionary.go:461.35,462.35 1 0
github.com/Kyanite/noise/internal/app/dictionary.go:462.35,464.42 2 0
github.com/Kyanite/noise/internal/app/dictionary.go:464.42,465.10 1 0
github.com/Kyanite/noise/internal/app/dictionary.go:470.2,470.21 1 0
github.com/Kyanite/noise/internal/app/dictionary.go:474.86,481.35 5 0
github.com/Kyanite/noise/internal/app/dictionary.go:481.35,482.37 1 0
github.com/Kyanite/noise/internal/app/dictionary.go:482.37,483.45 1 0
github.com/Kyanite/noise/internal/app/dictionary.go:483.45,485.43 2 0
github.com/Kyanite/noise/internal/app/dictionary.go:485.43,486.11 1 0
github.com/Kyanite/noise/internal/app/dictionary.go:488.5,488.10 1 0
github.com/Kyanite/noise/internal/app/dictionary.go:493.2,493.21 1 0
github.com/Kyanite/noise/internal/app/editor.go:25.100,30.2 1 0
github.com/Kyanite/noise/internal/app/editor.go:33.64,35.13 1 0
github.com/Kyanite/noise/internal/app/editor.go:35.13,37.3 1 0
github.com/Kyanite/noise/internal/app/editor.go:40.2,41.16 2 0
github.com/Kyanite/noise/internal/app/editor.go:41.16,43.46 1 0
github.com/Kyanite/noise/internal/app/editor.go:43.46,54.4 3 0
github.com/Kyanite/noise/internal/app/editor.go:57.3,59.28 3 0
github.com/Kyanite/noise/internal/app/editor.go:63.2,63.17 1 0
github.com/Kyanite/noise/internal/app/editor.go:63.17,67.3 3 0
github.com/Kyanite/noise/internal/app/editor.go:69.2,69.19 1 0
github.com/Kyanite/noise/internal/app/editor.go:69.19,73.3 3 0
github.com/Kyanite/noise/internal/app/editor.go:75.2,76.18 2 0
github.com/Kyanite/noise/internal/app/editor.go:80.83,83.16 2 0
github.com/Kyanite/noise/internal/app/editor.go:83.16,97.17 3 0
github.com/Kyanite/noise/internal/app/editor.go:97.17,99.4 1 0
github.com/Kyanite/noise/internal/app/editor.go:102.2,102.18 1 0
github.com/Kyanite/noise/internal/app/editor.go:106.59,108.17 1 0
github.com/Kyanite/noise/internal/app/editor.go:108.17,110.3 1 0
github.com/Kyanite/noise/internal/app/editor.go:113.2,120.33 2 0
github.com/Kyanite/noise/internal/app/editor.go:120.33,122.3 1 0
github.com/Kyanite/noise/internal/app/editor.go:124.2,137.53 7 0
github.com/Kyanite/noise/internal/app/editor.go:137.53,139.17 2 0
github.com/Kyanite/noise/internal/app/editor.go:139.17,147.4 3 0
github.com/Kyanite/noise/internal/app/editor.go:150.3,150.46 1 0
github.com/Kyanite/noise/internal/app/editor.go:150.46,154.70 2 0
github.com/Kyanite/noise/internal/app/editor.go:154.70,158.12 3 0
github.com/Kyanite/noise/internal/app/editor.go:159.23,161.22 2 0
github.com/Kyanite/noise/internal/app/editor.go:162.29,163.14 1 0
github.com/Kyanite/noise/internal/app/editor.go:168.4,174.14 2 0
github.com/Kyanite/noise/internal/app/editor.go:178.3,180.23 3 0
github.com/Kyanite/noise/internal/app/editor.go:185.2,194.12 3 0
github.com/Kyanite/noise/internal/app/editor.go:198.80,200.36 1 0
github.com/Kyanite/noise/internal/app/editor.go:200.36,202.3 1 0
github.com/Kyanite/noise/internal/app/editor.go:204.2,204.41 1 0
github.com/Kyanite/noise/internal/app/editor.go:204.41,206.3 1 0
github.com/Kyanite/noise/internal/app/editor.go:208.2,208.42 1 0
github.com/Kyanite/noise/internal/app/editor.go:208.42,210.3 1 0
github.com/Kyanite/noise/internal/app/editor.go:213.2,214.33 2 0
github.com/Kyanite/noise/internal/app/editor.go:214.33,216.3 1 0
github.com/Kyanite/noise/internal/app/editor.go:219.2,231.16 3 0
github.com/Kyanite/noise/internal/app/editor.go:231.16,233.46 1 0
github.com/Kyanite/noise/internal/app/editor.go:233.46,244.4 3 0
github.com/Kyanite/noise/internal/app/editor.go:247.3,249.28 3 0
github.com/Kyanite/noise/internal/app/editor.go:253.2,253.22 1 0
github.com/Kyanite/noise/internal/app/editor.go:253.22,257.3 3 0
github.com/Kyanite/noise/internal/app/editor.go:259.2,259.23 1 0
github.com/Kyanite/noise/internal/app/editor.go:259.23,263.3 3 0
github.com/Kyanite/noise/internal/app/editor.go:266.2,271.23 3 0
github.com/Kyanite/noise/internal/app/editor.go:275.59,277.17 1 0
github.com/Kyanite/noise/internal/app/editor.go:277.17,279.3 1 0
github.com/Kyanite/noise/internal/app/editor.go:282.2,282.18 1 0
github.com/Kyanite/noise/internal/app/editor.go:282.18,284.3 1 0
github.com/Kyanite/noise/internal/app/editor.go:286.2,296.53 6 0
github.com/Kyanite/noise/internal/app/editor.go:296.53,299.17 2 0
github.com/Kyanite/noise/internal/app/editor.go:299.17,302.4 2 0
github.com/Kyanite/noise/internal/app/editor.go:304.3,305.17 2 0
github.com/Kyanite/noise/internal/app/editor.go:305.17,308.4 2 0
github.com/Kyanite/noise/internal/app/editor.go:311.3,311.46 1 0
github.com/Kyanite/noise/internal/app/editor.go:311.46,315.70 2 0
github.com/Kyanite/noise/internal/app/editor.go:315.70,319.12 3 0
github.com/Kyanite/noise/internal/app/editor.go:320.23,321.22 1 0
github.com/Kyanite/noise/internal/app/editor.go:322.29,324.14 1 0
github.com/Kyanite/noise/internal/app/editor.go:329.4,330.14 2 0
github.com/Kyanite/noise/internal/app/editor.go:334.3,336.23 3 0
github.com/Kyanite/noise/internal/app/editor.go:341.2,342.12 2 0
github.com/Kyanite/noise/internal/app/editor.go:346.79,348.17 1 0
github.com/Kyanite/noise/internal/app/editor.go:348.17,350.3 1 0
github.com/Kyanite/noise/internal/app/editor.go:351.2,351.18 1 0
github.com/Kyanite/noise/internal/app/editor.go:351.18,353.3 1 0
github.com/Kyanite/noise/internal/app/editor.go:356.2,356.35 1 0
github.com/Kyanite/noise/internal/app/editor.go:356.35,358.3 1 0
github.com/Kyanite/noise/internal/app/editor.go:361.2,362.17 2 0
github.com/Kyanite/noise/internal/app/editor.go:362.17,365.3 2 0
github.com/Kyanite/noise/internal/app/editor.go:367.2,368.16 2 0
github.com/Kyanite/noise/internal/app/editor.go:368.16,371.3 2 0
github.com/Kyanite/noise/internal/app/editor.go:373.2,374.12 2 0
github.com/Kyanite/noise/internal/app/editor.go:378.87,380.2 1 0
github.com/Kyanite/noise/internal/app/editor.go:383.89,385.17 1 0
github.com/Kyanite/noise/internal/app/editor.go:385.17,387.3 1 0
github.com/Kyanite/noise/internal/app/editor.go:388.2,388.20 1 0
github.com/Kyanite/noise/internal/app/editor.go:388.20,390.3 1 0
github.com/Kyanite/noise/internal/app/editor.go:393.2,394.16 2 0
github.com/Kyanite/noise/internal/app/editor.go:394.16,396.46 1 0
github.com/Kyanite/noise/internal/app/editor.go:396.46,407.4 3 0
github.com/Kyanite/noise/internal/app/editor.go:410.3,412.28 3 0
github.com/Kyanite/noise/internal/app/editor.go:416.2,416.20 1 0
github.com/Kyanite/noise/internal/app/editor.go:416.20,420.3 3 0
github.com/Kyanite/noise/internal/app/editor.go:422.2,422.30 1 0
github.com/Kyanite/noise/internal/app/editor.go:422.30,426.3 3 0
github.com/Kyanite/noise/internal/app/editor.go:429.2,430.17 2 0
github.com/Kyanite/noise/internal/app/editor.go:430.17,433.3 2 0
github.com/Kyanite/noise/internal/app/editor.go:436.2,440.42 3 0
github.com/Kyanite/noise/internal/app/editor.go:440.42,442.3 1 0
github.com/Kyanite/noise/internal/app/editor.go:443.2,443.42 1 0
github.com/Kyanite/noise/internal/app/editor.go:443.42,445.3 1 0
github.com/Kyanite/noise/internal/app/editor.go:447.2,450.27 2 0
github.com/Kyanite/noise/internal/app/editor.go:450.27,454.3 3 0
github.com/Kyanite/noise/internal/app/editor.go:457.2,462.22 3 0
github.com/Kyanite/noise/internal/app/editor.go:466.65,467.17 1 0
github.com/Kyanite/noise/internal/app/editor.go:467.17,469.3 1 0
github.com/Kyanite/noise/internal/app/editor.go:472.2,473.16 2 0
github.com/Kyanite/noise/internal/app/editor.go:473.16,475.3 1 0
github.com/Kyanite/noise/internal/app/editor.go:477.2,483.46 5 0
github.com/Kyanite/noise/internal/app/editor.go:483.46,487.3 1 0
github.com/Kyanite/noise/internal/app/editor.go:490.2,490.40 1 0
github.com/Kyanite/noise/internal/app/editor.go:490.40,496.38 6 0
github.com/Kyanite/noise/internal/app/editor.go:496.38,499.4 2 0
github.com/Kyanite/noise/internal/app/editor.go:500.3,500.23 1 0
github.com/Kyanite/noise/internal/app/editor.go:503.2,503.25 1 0
github.com/Kyanite/noise/internal/app/editor.go:507.64,508.38 1 0
github.com/Kyanite/noise/internal/app/editor.go:508.38,513.3 1 0
github.com/Kyanite/noise/internal/app/editor.go:516.2,517.21 2 0
github.com/Kyanite/noise/internal/app/editor.go:517.21,519.3 1 0
github.com/Kyanite/noise/internal/app/editor.go:521.2,524.59 3 0
github.com/Kyanite/noise/internal/app/editor.go:524.59,527.35 2 0
github.com/Kyanite/noise/internal/app/editor.go:527.35,528.42 1 0
github.com/Kyanite/noise/internal/app/editor.go:528.42,530.10 2 0
github.com/Kyanite/noise/internal/app/editor.go:533.3,533.19 1 0
github.com/Kyanite/noise/internal/app/editor.go:533.19,536.4 2 0
github.com/Kyanite/noise/internal/app/editor.go:536.9,539.4 1 0
github.com/Kyanite/noise/internal/app/editor.go:540.8,542.3 1 0
github.com/Kyanite/noise/internal/app/editor.go:544.2,545.36 2 0
github.com/Kyanite/noise/internal/app/editor.go:545.36,546.66 1 0
github.com/Kyanite/noise/internal/app/editor.go:546.66,548.4 1 0
github.com/Kyanite/noise/internal/app/editor.go:552.2,553.47 2 0
github.com/Kyanite/noise/internal/app/editor.go:553.47,555.15 2 0
github.com/Kyanite/noise/internal/app/editor.go:555.15,556.12 1 0
github.com/Kyanite/noise/internal/app/editor.go:558.3,560.5 1 0
github.com/Kyanite/noise/internal/app/editor.go:563.2,564.27 2 0
github.com/Kyanite/noise/internal/app/editor.go:564.27,572.3 1 0
github.com/Kyanite/noise/internal/app/editor.go:572.8,574.3 1 0
github.com/Kyanite/noise/internal/app/editor.go:576.2,580.8 1 0
github.com/Kyanite/noise/internal/app/integrated_editor.go:45.28,47.34 1 0
github.com/Kyanite/noise/internal/app/integrated_editor.go:47.34,49.3 1 0
github.com/Kyanite/noise/internal/app/integrated_editor.go:51.2,56.3 1 0
github.com/Kyanite/noise/internal/app/integrated_editor.go:60.91,61.20 1 0
github.com/Kyanite/noise/internal/app/integrated_editor.go:61.20,63.3 1 0
github.com/Kyanite/noise/internal/app/integrated_editor.go:66.2,67.16 2 0
github.com/Kyanite/noise/internal/app/integrated_editor.go:67.16,69.92 1 0
github.com/Kyanite/noise/internal/app/integrated_editor.go:69.92,81.62 2 0
github.com/Kyanite/noise/internal/app/integrated_editor.go:81.62,83.5 1 0
github.com/Kyanite/noise/internal/app/integrated_editor.go:85.4,86.20 2 0
github.com/Kyanite/noise/internal/app/integrated_editor.go:89.3,89.55 1 0
github.com/Kyanite/noise/internal/app/integrated_editor.go:93.2,93.29 1 0
github.com/Kyanite/noise/internal/app/integrated_editor.go:93.29,94.52 1 0
github.com/Kyanite/noise/internal/app/integrated_editor.go:94.52,97.4 1 0
github.com/Kyanite/noise/internal/app/integrated_editor.go:100.2,100.18 1 0
github.com/Kyanite/noise/internal/app/integrated_editor.go:104.69,105.17 1 0
github.com/Kyanite/noise/internal/app/integrated_editor.go:105.17,107.3 1 0
github.com/Kyanite/noise/internal/app/integrated_editor.go:110.2,113.65 2 0
github.com/Kyanite/noise/internal/app/integrated_editor.go:113.65,115.3 1 0
github.com/Kyanite/noise/internal/app/integrated_editor.go:118.2,118.27 1 0
github.com/Kyanite/noise/internal/app/integrated_editor.go:118.27,119.64 1 0
github.com/Kyanite/noise/internal/app/integrated_editor.go:119.64,121.4 1 0
github.com/Kyanite/noise/internal/app/integrated_editor.go:125.2,125.29 1 0
github.com/Kyanite/noise/internal/app/integrated_editor.go:125.29,126.52 1 0
github.com/Kyanite/noise/internal/app/integrated_editor.go:126.52,128.4 1 0
github.com/Kyanite/noise/internal/app/integrated_editor.go:132.2,132.29 1 0
github.com/Kyanite/noise/internal/app/integrated_editor.go:132.29,136.92 3 0
github.com/Kyanite/noise/internal/app/integrated_editor.go:136.92,138.4 1 0
github.com/Kyanite/noise/internal/app/integrated_editor.go:141.2,142.12 2 0
github.com/Kyanite/noise/internal/app/integrated_editor.go:146.69,147.20 1 0
github.com/Kyanite/noise/internal/app/integrated_editor.go:147.20,149.3 1 0
github.com/Kyanite/noise/internal/app/integrated_editor.go:152.2,152.56 1 0
github.com/Kyanite/noise/internal/app/integrated_editor.go:152.56,154.3 1 0
github.com/Kyanite/noise/internal/app/integrated_editor.go:157.2,157.29 1 0
github.com/Kyanite/noise/internal/app/integrated_editor.go:157.29,159.85 1 0
github.com/Kyanite/noise/internal/app/integrated_editor.go:159.85,160.57 1 0
github.com/Kyanite/noise/internal/app/integrated_editor.go:160.57,162.5 1 0
github.com/Kyanite/noise/internal/app/integrated_editor.go:166.2,167.12 2 0
github.com/Kyanite/noise/internal/app/integrated_editor.go:171.71,176.16 3 0
github.com/Kyanite/noise/internal/app/integrated_editor.go:176.16,178.3 1 0
github.com/Kyanite/noise/internal/app/integrated_editor.go:178.8,179.34 1 0
github.com/Kyanite/noise/internal/app/integrated_editor.go:179.34,180.58 1 0
github.com/Kyanite/noise/internal/app/integrated_editor.go:180.58,182.5 1 0
github.com/Kyanite/noise/internal/app/integrated_editor.go:187.2,187.29 1 0
github.com/Kyanite/noise/internal/app/integrated_editor.go:187.29,190.17 3 0
github.com/Kyanite/noise/internal/app/integrated_editor.go:190.17,192.4 1 0
github.com/Kyanite/noise/internal/app/integrated_editor.go:192.9,193.33 1 0
github.com/Kyanite/noise/internal/app/integrated_editor.go:193.33,196.40 2 0
github.com/Kyanite/noise/internal/app/integrated_editor.go:196.40,197.36 1 0
github.com/Kyanite/noise/internal/app/integrated_editor.go:197.36,199.12 2 0
github.com/Kyanite/noise/internal/app/integrated_editor.go:203.5,203.15 1 0
github.com/Kyanite/noise/internal/app/integrated_editor.go:203.15,205.6 1 0
github.com/Kyanite/noise/internal/app/integrated_editor.go:210.2,210.19 1 0
github.com/Kyanite/noise/internal/app/integrated_editor.go:214.71,215.20 1 0
github.com/Kyanite/noise/internal/app/integrated_editor.go:215.20,217.3 1 0
github.com/Kyanite/noise/internal/app/integrated_editor.go:219.2,220.16 2 0
github.com/Kyanite/noise/internal/app/integrated_editor.go:220.16,222.3 1 0
github.com/Kyanite/noise/internal/app/integrated_editor.go:224.2,224.35 1 0
github.com/Kyanite/noise/internal/app/integrated_editor.go:228.81,229.17 1 0
github.com/Kyanite/noise/internal/app/integrated_editor.go:229.17,231.3 1 0
github.com/Kyanite/noise/internal/app/integrated_editor.go:232.2,232.20 1 0
github.com/Kyanite/noise/internal/app/integrated_editor.go:232.20,234.3 1 0
github.com/Kyanite/noise/internal/app/integrated_editor.go:236.2,237.16 2 0
github.com/Kyanite/noise/internal/app/integrated_editor.go:237.16,239.3 1 0
github.com/Kyanite/noise/internal/app/integrated_editor.go:241.2,242.44 2 0
github.com/Kyanite/noise/internal/app/integrated_editor.go:246.83,247.20 1 0
github.com/Kyanite/noise/internal/app/integrated_editor.go:247.20,249.3 1 0
github.com/Kyanite/noise/internal/app/integrated_editor.go:251.2,257.16 3 0
github.com/Kyanite/noise/internal/app/integrated_editor.go:257.16,259.3 1 0
github.com/Kyanite/noise/internal/app/integrated_editor.go:260.2,263.60 2 0
github.com/Kyanite/noise/internal/app/integrated_editor.go:263.60,266.3 2 0
github.com/Kyanite/noise/internal/app/integrated_editor.go:269.2,269.29 1 0
github.com/Kyanite/noise/internal/app/integrated_editor.go:269.29,270.89 1 0
github.com/Kyanite/noise/internal/app/integrated_editor.go:270.89,273.4 2 0
github.com/Kyanite/noise/internal/app/integrated_editor.go:276.2,276.18 1 0
github.com/Kyanite/noise/internal/app/integrated_editor.go:290.79,293.39 2 0
github.com/Kyanite/noise/internal/app/integrated_editor.go:293.39,297.3 2 0
github.com/Kyanite/noise/internal/app/integrated_editor.go:300.2,301.16 2 0
github.com/Kyanite/noise/internal/app/integrated_editor.go:301.16,303.3 1 0
github.com/Kyanite/noise/internal/app/integrated_editor.go:306.2,307.12 2 0
github.com/Kyanite/noise/internal/app/integrated_editor.go:311.80,319.2 6 0
github.com/Kyanite/noise/internal/app/theory.go:53.40,56.68 2 0
github.com/Kyanite/noise/internal/app/theory.go:56.69,59.3 0 0
github.com/Kyanite/noise/internal/app/theory.go:61.2,63.3 1 0
github.com/Kyanite/noise/internal/app/theory.go:67.82,69.16 2 0
github.com/Kyanite/noise/internal/app/theory.go:69.16,71.3 1 0
github.com/Kyanite/noise/internal/app/theory.go:72.2,72.29 1 0
github.com/Kyanite/noise/internal/app/theory.go:76.88,97.13 5 0
github.com/Kyanite/noise/internal/app/theory.go:97.13,99.3 1 0
github.com/Kyanite/noise/internal/app/theory.go:102.2,106.29 3 0
github.com/Kyanite/noise/internal/app/theory.go:106.29,107.55 1 0
github.com/Kyanite/noise/internal/app/theory.go:107.55,109.9 2 0
github.com/Kyanite/noise/internal/app/theory.go:113.2,113.21 1 0
github.com/Kyanite/noise/internal/app/theory.go:113.21,115.3 1 0
github.com/Kyanite/noise/internal/app/theory.go:118.2,127.35 4 0
github.com/Kyanite/noise/internal/app/theory.go:127.35,131.3 3 0
github.com/Kyanite/noise/internal/app/theory.go:133.2,140.8 2 0
github.com/Kyanite/noise/internal/app/theory.go:144.83,146.16 2 0
github.com/Kyanite/noise/internal/app/theory.go:146.16,148.3 1 0
github.com/Kyanite/noise/internal/app/theory.go:149.2,149.29 1 0
github.com/Kyanite/noise/internal/app/theory.go:153.89,189.13 5 0
github.com/Kyanite/noise/internal/app/theory.go:189.13,191.3 1 0
github.com/Kyanite/noise/internal/app/theory.go:194.2,198.29 3 0
github.com/Kyanite/noise/internal/app/theory.go:198.29,199.19 1 0
github.com/Kyanite/noise/internal/app/theory.go:199.19,201.9 2 0
github.com/Kyanite/noise/internal/app/theory.go:205.2,205.21 1 0
github.com/Kyanite/noise/internal/app/theory.go:205.21,207.3 1 0
github.com/Kyanite/noise/internal/app/theory.go:210.2,220.45 4 0
github.com/Kyanite/noise/internal/app/theory.go:220.45,224.3 3 0
github.com/Kyanite/noise/internal/app/theory.go:226.2,232.8 1 0
github.com/Kyanite/noise/internal/app/theory.go:236.86,238.16 2 0
github.com/Kyanite/noise/internal/app/theory.go:238.16,240.3 1 0
github.com/Kyanite/noise/internal/app/theory.go:241.2,241.36 1 0
github.com/Kyanite/noise/internal/app/theory.go:253.98,287.13 6 0
github.com/Kyanite/noise/internal/app/theory.go:287.13,289.3 1 0
github.com/Kyanite/noise/internal/app/theory.go:292.2,299.8 2 0
github.com/Kyanite/noise/internal/app/theory.go:303.84,321.13 3 0
github.com/Kyanite/noise/internal/app/theory.go:321.13,324.3 1 0
github.com/Kyanite/noise/internal/app/theory.go:326.2,337.38 3 0
github.com/Kyanite/noise/internal/app/theory.go:337.38,338.74 1 0
github.com/Kyanite/noise/internal/app/theory.go:338.74,340.4 1 0
github.com/Kyanite/noise/internal/app/theory.go:340.9,342.4 1 0
github.com/Kyanite/noise/internal/app/theory.go:345.2,345.15 1 0
github.com/Kyanite/noise/internal/app/theory.go:349.77,360.32 6 0
github.com/Kyanite/noise/internal/app/theory.go:360.32,361.22 1 0
github.com/Kyanite/noise/internal/app/theory.go:361.22,366.40 4 0
github.com/Kyanite/noise/internal/app/theory.go:366.40,368.5 1 0
github.com/Kyanite/noise/internal/app/theory.go:370.4,370.40 1 0
github.com/Kyanite/noise/internal/app/theory.go:370.40,372.5 1 0
github.com/Kyanite/noise/internal/app/theory.go:375.4,375.25 1 0
github.com/Kyanite/noise/internal/app/theory.go:375.25,377.5 1 0
github.com/Kyanite/noise/internal/app/theory.go:377.10,377.32 1 0
github.com/Kyanite/noise/internal/app/theory.go:377.32,379.5 1 0
github.com/Kyanite/noise/internal/app/theory.go:382.4,382.19 1 0
github.com/Kyanite/noise/internal/app/theory.go:383.20,384.22 1 0
github.com/Kyanite/noise/internal/app/theory.go:385.20,386.22 1 0
github.com/Kyanite/noise/internal/app/theory.go:387.14,388.20 1 0
github.com/Kyanite/noise/internal/app/theory.go:389.14,390.25 1 0
github.com/Kyanite/noise/internal/app/theory.go:391.12,392.41 1 0
github.com/Kyanite/noise/internal/app/theory.go:392.41,394.6 1 0
github.com/Kyanite/noise/internal/app/theory.go:394.11,394.82 1 0
github.com/Kyanite/noise/internal/app/theory.go:394.82,396.6 1 0
github.com/Kyanite/noise/internal/app/theory.go:400.4,401.18 2 0
github.com/Kyanite/noise/internal/app/theory.go:401.18,404.5 2 0
github.com/Kyanite/noise/internal/app/theory.go:409.2,410.24 2 0
github.com/Kyanite/noise/internal/app/theory.go:410.24,412.3 1 0
github.com/Kyanite/noise/internal/app/theory.go:413.2,416.29 2 0
github.com/Kyanite/noise/internal/app/theory.go:416.29,418.28 2 0
github.com/Kyanite/noise/internal/app/theory.go:418.28,420.4 1 0
github.com/Kyanite/noise/internal/app/theory.go:421.8,423.3 1 0
github.com/Kyanite/noise/internal/app/theory.go:425.2,429.8 1 0
github.com/Kyanite/noise/internal/app/theory.go:433.75,481.16 3 0
github.com/Kyanite/noise/internal/app/theory.go:481.16,483.3 1 0
github.com/Kyanite/noise/internal/app/theory.go:486.2,498.29 3 0
github.com/Kyanite/noise/internal/app/theory.go:498.29,499.28 1 0
github.com/Kyanite/noise/internal/app/theory.go:499.28,502.37 3 0
github.com/Kyanite/noise/internal/app/theory.go:502.37,505.5 2 0
github.com/Kyanite/noise/internal/app/theory.go:506.4,506.26 1 0
github.com/Kyanite/noise/internal/app/theory.go:510.2,510.19 1 0
github.com/Kyanite/noise/internal/app/theory.go:514.56,533.34 3 0
github.com/Kyanite/noise/internal/app/theory.go:533.34,535.17 2 0
github.com/Kyanite/noise/internal/app/theory.go:535.17,538.4 2 0
github.com/Kyanite/noise/internal/app/theory.go:541.2,541.15 1 0
github.com/Kyanite/noise/internal/app/theory.go:545.67,547.52 1 0
github.com/Kyanite/noise/internal/app/theory.go:547.52,549.3 1 0
github.com/Kyanite/noise/internal/app/theory.go:552.2,573.47 3 0
github.com/Kyanite/noise/internal/app/theory.go:573.47,575.3 1 0
github.com/Kyanite/noise/internal/app/theory.go:578.2,578.24 1 0
github.com/Kyanite/noise/internal/app/theory.go:582.66,584.52 1 0
github.com/Kyanite/noise/internal/app/theory.go:584.52,586.3 1 0
github.com/Kyanite/noise/internal/app/theory.go:589.2,593.28 4 0
github.com/Kyanite/noise/internal/app/theory.go:593.28,595.32 2 0
github.com/Kyanite/noise/internal/app/theory.go:595.32,596.21 1 0
github.com/Kyanite/noise/internal/app/theory.go:596.21,598.10 2 0
github.com/Kyanite/noise/internal/app/theory.go:602.3,602.31 1 0
github.com/Kyanite/noise/internal/app/theory.go:602.31,604.4 1 0
github.com/Kyanite/noise/internal/app/theory.go:605.3,605.25 1 0
github.com/Kyanite/noise/internal/app/theory.go:609.2,609.64 1 0
github.com/Kyanite/noise/internal/app/theory.go:609.64,611.3 1 0
github.com/Kyanite/noise/internal/app/theory.go:613.2,613.20 1 0
github.com/Kyanite/noise/internal/app/theory.go:613.20,615.3 1 0
github.com/Kyanite/noise/internal/app/theory.go:617.2,617.23 1 0
github.com/Kyanite/noise/internal/app/theory.go:621.66,623.52 1 0
github.com/Kyanite/noise/internal/app/theory.go:623.52,625.3 1 0
github.com/Kyanite/noise/internal/app/theory.go:628.2,631.29 3 0
github.com/Kyanite/noise/internal/app/theory.go:631.29,634.3 2 0
github.com/Kyanite/noise/internal/app/theory.go:636.2,636.27 1 0
github.com/Kyanite/noise/internal/app/theory.go:640.71,641.52 1 0
github.com/Kyanite/noise/internal/app/theory.go:641.52,643.3 1 0
github.com/Kyanite/noise/internal/app/theory.go:645.2,645.63 1 0
github.com/Kyanite/noise/internal/app/theory.go:649.56,650.52 1 0
github.com/Kyanite/noise/internal/app/theory.go:650.52,652.3 1 0
github.com/Kyanite/noise/internal/app/theory.go:655.2,655.38 1 0
github.com/Kyanite/noise/internal/app/theory.go:659.82,660.52 1 0
github.com/Kyanite/noise/internal/app/theory.go:660.52,662.3 1 0
github.com/Kyanite/noise/internal/app/theory.go:664.2,664.56 1 0
github.com/Kyanite/noise/internal/app/theory.go:668.93,669.52 1 0
github.com/Kyanite/noise/internal/app/theory.go:669.52,671.3 1 0
github.com/Kyanite/noise/internal/app/theory.go:673.2,673.56 1 0
