mode: set
github.com/puente-labs/noise/internal/app/knowledge/stub.go:27.48,49.2 4 1
github.com/puente-labs/noise/internal/app/knowledge/stub.go:52.63,192.2 11 1
github.com/puente-labs/noise/internal/app/knowledge/stub.go:195.49,197.2 1 1
github.com/puente-labs/noise/internal/app/knowledge/stub.go:200.56,204.32 3 1
github.com/puente-labs/noise/internal/app/knowledge/stub.go:204.32,206.33 2 1
github.com/puente-labs/noise/internal/app/knowledge/stub.go:206.33,208.4 1 1
github.com/puente-labs/noise/internal/app/knowledge/stub.go:211.2,212.38 2 1
github.com/puente-labs/noise/internal/app/knowledge/stub.go:212.38,214.3 1 1
github.com/puente-labs/noise/internal/app/knowledge/stub.go:216.2,217.27 2 1
github.com/puente-labs/noise/internal/app/knowledge/stub.go:217.27,219.3 1 1
github.com/puente-labs/noise/internal/app/knowledge/stub.go:223.118,231.24 4 1
github.com/puente-labs/noise/internal/app/knowledge/stub.go:231.24,233.3 1 0
github.com/puente-labs/noise/internal/app/knowledge/stub.go:234.2,234.31 1 1
github.com/puente-labs/noise/internal/app/knowledge/stub.go:234.31,236.3 1 1
github.com/puente-labs/noise/internal/app/knowledge/stub.go:239.2,242.32 3 1
github.com/puente-labs/noise/internal/app/knowledge/stub.go:242.32,243.45 1 1
github.com/puente-labs/noise/internal/app/knowledge/stub.go:243.45,250.34 5 1
github.com/puente-labs/noise/internal/app/knowledge/stub.go:250.34,251.59 1 1
github.com/puente-labs/noise/internal/app/knowledge/stub.go:251.59,253.11 2 1
github.com/puente-labs/noise/internal/app/knowledge/stub.go:258.4,259.48 2 1
github.com/puente-labs/noise/internal/app/knowledge/stub.go:259.48,260.34 1 1
github.com/puente-labs/noise/internal/app/knowledge/stub.go:260.34,262.11 2 1
github.com/puente-labs/noise/internal/app/knowledge/stub.go:267.4,268.37 2 1
github.com/puente-labs/noise/internal/app/knowledge/stub.go:268.37,269.39 1 1
github.com/puente-labs/noise/internal/app/knowledge/stub.go:269.39,270.24 1 1
github.com/puente-labs/noise/internal/app/knowledge/stub.go:270.24,272.12 2 1
github.com/puente-labs/noise/internal/app/knowledge/stub.go:277.4,278.47 1 1
github.com/puente-labs/noise/internal/app/knowledge/stub.go:278.47,280.5 1 1
github.com/puente-labs/noise/internal/app/knowledge/stub.go:285.2,285.50 1 1
github.com/puente-labs/noise/internal/app/knowledge/stub.go:285.50,287.3 1 1
github.com/puente-labs/noise/internal/app/knowledge/stub.go:290.2,290.40 1 1
github.com/puente-labs/noise/internal/app/knowledge/stub.go:290.40,292.3 1 0
github.com/puente-labs/noise/internal/app/knowledge/stub.go:294.2,303.8 3 1
github.com/puente-labs/noise/internal/app/knowledge/stub.go:307.76,308.19 1 1
github.com/puente-labs/noise/internal/app/knowledge/stub.go:308.19,310.3 1 0
github.com/puente-labs/noise/internal/app/knowledge/stub.go:312.2,320.12 6 1
github.com/puente-labs/noise/internal/app/knowledge/stub.go:324.85,326.13 2 1
github.com/puente-labs/noise/internal/app/knowledge/stub.go:326.13,328.3 1 1
github.com/puente-labs/noise/internal/app/knowledge/stub.go:329.2,329.19 1 1
github.com/puente-labs/noise/internal/app/knowledge/stub.go:333.79,334.45 1 1
github.com/puente-labs/noise/internal/app/knowledge/stub.go:334.45,336.3 1 0
github.com/puente-labs/noise/internal/app/knowledge/stub.go:338.2,342.12 4 1
github.com/puente-labs/noise/internal/app/knowledge/stub.go:346.79,347.40 1 1
github.com/puente-labs/noise/internal/app/knowledge/stub.go:347.40,349.3 1 0
github.com/puente-labs/noise/internal/app/knowledge/stub.go:351.2,357.12 4 1
github.com/puente-labs/noise/internal/app/knowledge/stub.go:361.83,363.2 1 1
github.com/puente-labs/noise/internal/app/knowledge/stub.go:366.77,368.2 1 1
github.com/puente-labs/noise/internal/app/knowledge/stub.go:371.78,374.2 2 1
github.com/puente-labs/noise/internal/app/knowledge/stub.go:377.68,380.2 1 1
github.com/puente-labs/noise/internal/app/knowledge/stub.go:383.68,387.2 2 1
github.com/puente-labs/noise/internal/app/knowledge/stub.go:390.63,393.2 1 1
github.com/puente-labs/noise/internal/app/knowledge/stub.go:401.60,405.2 1 1
github.com/puente-labs/noise/internal/app/knowledge/stub.go:408.136,411.16 2 1
github.com/puente-labs/noise/internal/app/knowledge/stub.go:411.16,413.3 1 0
github.com/puente-labs/noise/internal/app/knowledge/stub.go:416.2,422.27 2 1
github.com/puente-labs/noise/internal/app/knowledge/stub.go:422.27,424.44 2 0
github.com/puente-labs/noise/internal/app/knowledge/stub.go:424.44,428.4 3 0
github.com/puente-labs/noise/internal/app/knowledge/stub.go:428.9,428.44 1 0
github.com/puente-labs/noise/internal/app/knowledge/stub.go:428.44,432.4 3 0
github.com/puente-labs/noise/internal/app/knowledge/stub.go:432.9,435.4 2 0
github.com/puente-labs/noise/internal/app/knowledge/stub.go:436.8,439.3 2 1
github.com/puente-labs/noise/internal/app/knowledge/stub.go:441.2,441.24 1 1
github.com/puente-labs/noise/internal/app/knowledge/stub.go:445.141,448.16 2 1
github.com/puente-labs/noise/internal/app/knowledge/stub.go:448.16,450.3 1 0
github.com/puente-labs/noise/internal/app/knowledge/stub.go:453.2,460.27 2 1
github.com/puente-labs/noise/internal/app/knowledge/stub.go:460.27,462.44 2 0
github.com/puente-labs/noise/internal/app/knowledge/stub.go:462.44,466.4 3 0
github.com/puente-labs/noise/internal/app/knowledge/stub.go:466.9,469.4 2 0
github.com/puente-labs/noise/internal/app/knowledge/stub.go:470.8,473.3 2 1
github.com/puente-labs/noise/internal/app/knowledge/stub.go:475.2,475.24 1 1
github.com/puente-labs/noise/internal/app/knowledge/stub.go:479.138,485.17 3 1
github.com/puente-labs/noise/internal/app/knowledge/stub.go:485.17,487.3 1 0
github.com/puente-labs/noise/internal/app/knowledge/stub.go:489.2,489.43 1 1
github.com/puente-labs/noise/internal/app/knowledge/stub.go:493.70,495.2 1 0
github.com/puente-labs/noise/internal/plugins/manager.go:46.77,59.2 1 1
github.com/puente-labs/noise/internal/plugins/manager.go:62.46,66.35 3 1
github.com/puente-labs/noise/internal/plugins/manager.go:66.35,67.51 1 1
github.com/puente-labs/noise/internal/plugins/manager.go:67.51,69.4 1 0
github.com/puente-labs/noise/internal/plugins/manager.go:73.2,73.36 1 1
github.com/puente-labs/noise/internal/plugins/manager.go:73.36,74.52 1 0
github.com/puente-labs/noise/internal/plugins/manager.go:74.52,77.12 3 0
github.com/puente-labs/noise/internal/plugins/manager.go:81.3,81.38 1 0
github.com/puente-labs/noise/internal/plugins/manager.go:84.2,85.12 2 1
github.com/puente-labs/noise/internal/plugins/manager.go:89.63,91.48 1 1
github.com/puente-labs/noise/internal/plugins/manager.go:91.48,93.3 1 1
github.com/puente-labs/noise/internal/plugins/manager.go:96.2,96.59 1 0
github.com/puente-labs/noise/internal/plugins/manager.go:96.59,99.3 2 0
github.com/puente-labs/noise/internal/plugins/manager.go:101.2,101.81 1 0
github.com/puente-labs/noise/internal/plugins/manager.go:101.81,102.17 1 0
github.com/puente-labs/noise/internal/plugins/manager.go:102.17,104.4 1 0
github.com/puente-labs/noise/internal/plugins/manager.go:107.3,107.34 1 0
github.com/puente-labs/noise/internal/plugins/manager.go:107.34,109.4 1 0
github.com/puente-labs/noise/internal/plugins/manager.go:109.9,109.43 1 0
github.com/puente-labs/noise/internal/plugins/manager.go:109.43,111.4 1 0
github.com/puente-labs/noise/internal/plugins/manager.go:113.3,113.13 1 0
github.com/puente-labs/noise/internal/plugins/manager.go:118.64,124.57 2 0
github.com/puente-labs/noise/internal/plugins/manager.go:124.57,126.3 1 0
github.com/puente-labs/noise/internal/plugins/manager.go:128.2,128.43 1 0
github.com/puente-labs/noise/internal/plugins/manager.go:132.72,134.68 1 0
github.com/puente-labs/noise/internal/plugins/manager.go:134.68,136.3 1 0
github.com/puente-labs/noise/internal/plugins/manager.go:138.2,139.16 2 0
github.com/puente-labs/noise/internal/plugins/manager.go:139.16,141.3 1 0
github.com/puente-labs/noise/internal/plugins/manager.go:143.2,144.56 2 0
github.com/puente-labs/noise/internal/plugins/manager.go:144.56,146.3 1 0
github.com/puente-labs/noise/internal/plugins/manager.go:149.2,149.69 1 0
github.com/puente-labs/noise/internal/plugins/manager.go:149.69,151.3 1 0
github.com/puente-labs/noise/internal/plugins/manager.go:154.2,159.61 2 0
github.com/puente-labs/noise/internal/plugins/manager.go:159.61,161.3 1 0
github.com/puente-labs/noise/internal/plugins/manager.go:163.2,166.12 3 0
github.com/puente-labs/noise/internal/plugins/manager.go:170.59,178.2 2 0
github.com/puente-labs/noise/internal/plugins/manager.go:181.62,186.51 2 0
github.com/puente-labs/noise/internal/plugins/manager.go:186.51,188.3 1 0
github.com/puente-labs/noise/internal/plugins/manager.go:192.63,197.13 4 0
github.com/puente-labs/noise/internal/plugins/manager.go:197.13,199.3 1 0
github.com/puente-labs/noise/internal/plugins/manager.go:201.2,201.15 1 0
github.com/puente-labs/noise/internal/plugins/manager.go:205.57,210.31 4 1
github.com/puente-labs/noise/internal/plugins/manager.go:210.31,212.3 1 0
github.com/puente-labs/noise/internal/plugins/manager.go:214.2,214.15 1 1
github.com/puente-labs/noise/internal/plugins/manager.go:218.81,223.30 4 1
github.com/puente-labs/noise/internal/plugins/manager.go:223.30,224.49 1 0
github.com/puente-labs/noise/internal/plugins/manager.go:224.49,225.25 1 0
github.com/puente-labs/noise/internal/plugins/manager.go:225.25,227.10 2 0
github.com/puente-labs/noise/internal/plugins/manager.go:232.2,232.15 1 1
github.com/puente-labs/noise/internal/plugins/manager.go:236.56,241.13 4 0
github.com/puente-labs/noise/internal/plugins/manager.go:241.13,243.3 1 0
github.com/puente-labs/noise/internal/plugins/manager.go:245.2,245.35 1 0
github.com/puente-labs/noise/internal/plugins/manager.go:245.35,247.3 1 0
github.com/puente-labs/noise/internal/plugins/manager.go:249.2,250.12 2 0
github.com/puente-labs/noise/internal/plugins/manager.go:254.57,259.13 4 0
github.com/puente-labs/noise/internal/plugins/manager.go:259.13,261.3 1 0
github.com/puente-labs/noise/internal/plugins/manager.go:263.2,263.36 1 0
github.com/puente-labs/noise/internal/plugins/manager.go:263.36,265.3 1 0
github.com/puente-labs/noise/internal/plugins/manager.go:267.2,268.12 2 0
github.com/puente-labs/noise/internal/plugins/manager.go:272.56,277.13 4 0
github.com/puente-labs/noise/internal/plugins/manager.go:277.13,279.3 1 0
github.com/puente-labs/noise/internal/plugins/manager.go:282.2,282.19 1 0
github.com/puente-labs/noise/internal/plugins/manager.go:282.19,283.37 1 0
github.com/puente-labs/noise/internal/plugins/manager.go:283.37,285.4 1 0
github.com/puente-labs/noise/internal/plugins/manager.go:289.2,289.36 1 0
github.com/puente-labs/noise/internal/plugins/manager.go:289.36,291.3 1 0
github.com/puente-labs/noise/internal/plugins/manager.go:293.2,295.12 3 0
github.com/puente-labs/noise/internal/plugins/manager.go:299.83,305.2 4 0
github.com/puente-labs/noise/internal/plugins/manager.go:308.73,312.42 3 0
github.com/puente-labs/noise/internal/plugins/manager.go:312.42,313.36 1 0
github.com/puente-labs/noise/internal/plugins/manager.go:313.36,314.47 1 0
github.com/puente-labs/noise/internal/plugins/manager.go:314.47,317.5 1 0
github.com/puente-labs/noise/internal/plugins/manager.go:321.2,321.12 1 0
github.com/puente-labs/noise/internal/plugins/manager.go:325.53,332.2 5 0
github.com/puente-labs/noise/internal/plugins/manager.go:335.57,340.36 4 0
github.com/puente-labs/noise/internal/plugins/manager.go:340.36,342.3 1 0
github.com/puente-labs/noise/internal/plugins/manager.go:344.2,344.15 1 0
github.com/puente-labs/noise/internal/plugins/manager.go:348.57,355.2 5 0
github.com/puente-labs/noise/internal/plugins/manager.go:358.61,365.2 5 0
github.com/puente-labs/noise/internal/plugins/manager.go:368.56,370.16 2 1
github.com/puente-labs/noise/internal/plugins/manager.go:370.16,372.3 1 0
github.com/puente-labs/noise/internal/plugins/manager.go:374.2,378.3 1 1
github.com/puente-labs/noise/internal/plugins/manager.go:387.49,389.2 1 0
github.com/puente-labs/noise/internal/plugins/manager.go:391.59,394.2 2 0
github.com/puente-labs/noise/internal/plugins/manager.go:396.38,398.2 1 0
github.com/puente-labs/noise/internal/plugins/manager.go:400.37,403.2 2 0
github.com/puente-labs/noise/internal/plugins/manager.go:405.38,408.2 2 0
github.com/puente-labs/noise/internal/plugins/manager.go:410.39,412.2 1 0
github.com/puente-labs/noise/internal/plugins/security.go:27.66,50.2 1 1
github.com/puente-labs/noise/internal/plugins/security.go:53.66,56.16 2 0
github.com/puente-labs/noise/internal/plugins/security.go:56.16,58.3 1 0
github.com/puente-labs/noise/internal/plugins/security.go:61.2,61.42 1 0
github.com/puente-labs/noise/internal/plugins/security.go:61.42,62.42 1 0
github.com/puente-labs/noise/internal/plugins/security.go:62.42,64.4 1 0
github.com/puente-labs/noise/internal/plugins/security.go:68.2,69.46 2 0
github.com/puente-labs/noise/internal/plugins/security.go:69.46,71.17 2 0
github.com/puente-labs/noise/internal/plugins/security.go:71.17,72.12 1 0
github.com/puente-labs/noise/internal/plugins/security.go:74.3,74.45 1 0
github.com/puente-labs/noise/internal/plugins/security.go:74.45,76.9 2 0
github.com/puente-labs/noise/internal/plugins/security.go:80.2,80.14 1 0
github.com/puente-labs/noise/internal/plugins/security.go:80.14,82.3 1 0
github.com/puente-labs/noise/internal/plugins/security.go:84.2,84.12 1 0
github.com/puente-labs/noise/internal/plugins/security.go:88.66,92.44 3 0
github.com/puente-labs/noise/internal/plugins/security.go:92.44,93.24 1 0
github.com/puente-labs/noise/internal/plugins/security.go:93.24,95.9 2 0
github.com/puente-labs/noise/internal/plugins/security.go:98.2,98.14 1 0
github.com/puente-labs/noise/internal/plugins/security.go:98.14,100.3 1 0
github.com/puente-labs/noise/internal/plugins/security.go:103.2,104.16 2 0
github.com/puente-labs/noise/internal/plugins/security.go:104.16,106.3 1 0
github.com/puente-labs/noise/internal/plugins/security.go:108.2,108.34 1 0
github.com/puente-labs/noise/internal/plugins/security.go:108.34,110.3 1 0
github.com/puente-labs/noise/internal/plugins/security.go:113.2,113.35 1 0
github.com/puente-labs/noise/internal/plugins/security.go:113.35,115.3 1 0
github.com/puente-labs/noise/internal/plugins/security.go:117.2,117.12 1 0
github.com/puente-labs/noise/internal/plugins/security.go:121.83,123.23 1 0
github.com/puente-labs/noise/internal/plugins/security.go:123.23,125.3 1 0
github.com/puente-labs/noise/internal/plugins/security.go:127.2,127.25 1 0
github.com/puente-labs/noise/internal/plugins/security.go:127.25,129.3 1 0
github.com/puente-labs/noise/internal/plugins/security.go:131.2,131.28 1 0
github.com/puente-labs/noise/internal/plugins/security.go:131.28,133.3 1 0
github.com/puente-labs/noise/internal/plugins/security.go:136.2,136.53 1 0
github.com/puente-labs/noise/internal/plugins/security.go:136.53,138.3 1 0
github.com/puente-labs/noise/internal/plugins/security.go:141.2,147.45 3 0
github.com/puente-labs/noise/internal/plugins/security.go:147.45,148.43 1 0
github.com/puente-labs/noise/internal/plugins/security.go:148.43,150.4 1 0
github.com/puente-labs/noise/internal/plugins/security.go:154.2,154.51 1 0
github.com/puente-labs/noise/internal/plugins/security.go:154.51,155.40 1 0
github.com/puente-labs/noise/internal/plugins/security.go:155.40,157.4 1 0
github.com/puente-labs/noise/internal/plugins/security.go:160.2,160.12 1 0
github.com/puente-labs/noise/internal/plugins/security.go:164.74,183.2 2 0
github.com/puente-labs/noise/internal/plugins/security.go:186.77,188.16 2 0
github.com/puente-labs/noise/internal/plugins/security.go:188.16,190.3 1 0
github.com/puente-labs/noise/internal/plugins/security.go:191.2,194.47 3 0
github.com/puente-labs/noise/internal/plugins/security.go:194.47,196.3 1 0
github.com/puente-labs/noise/internal/plugins/security.go:198.2,198.46 1 0
github.com/puente-labs/noise/internal/plugins/security.go:202.69,204.16 2 0
github.com/puente-labs/noise/internal/plugins/security.go:204.16,206.3 1 0
github.com/puente-labs/noise/internal/plugins/security.go:210.2,212.12 2 0
github.com/puente-labs/noise/internal/plugins/security.go:216.63,226.69 2 0
github.com/puente-labs/noise/internal/plugins/security.go:226.69,228.3 1 0
github.com/puente-labs/noise/internal/plugins/security.go:230.2,230.12 1 0
github.com/puente-labs/noise/internal/plugins/security.go:234.63,237.44 2 0
github.com/puente-labs/noise/internal/plugins/security.go:237.44,238.63 1 0
github.com/puente-labs/noise/internal/plugins/security.go:238.63,240.4 1 0
github.com/puente-labs/noise/internal/plugins/security.go:243.2,243.16 1 0
github.com/puente-labs/noise/internal/plugins/security.go:247.79,248.81 1 0
github.com/puente-labs/noise/internal/plugins/security.go:248.81,249.17 1 0
github.com/puente-labs/noise/internal/plugins/security.go:249.17,251.4 1 0
github.com/puente-labs/noise/internal/plugins/security.go:254.3,261.46 4 0
github.com/puente-labs/noise/internal/plugins/security.go:261.46,262.51 1 0
github.com/puente-labs/noise/internal/plugins/security.go:262.51,264.10 2 0
github.com/puente-labs/noise/internal/plugins/security.go:269.3,269.40 1 0
github.com/puente-labs/noise/internal/plugins/security.go:269.40,271.4 1 0
github.com/puente-labs/noise/internal/plugins/security.go:274.3,276.44 1 0
github.com/puente-labs/noise/internal/plugins/security.go:276.44,278.4 1 0
github.com/puente-labs/noise/internal/plugins/security.go:280.3,280.13 1 0
github.com/puente-labs/noise/internal/plugins/security.go:285.76,288.44 2 0
github.com/puente-labs/noise/internal/plugins/security.go:288.44,289.88 1 0
github.com/puente-labs/noise/internal/plugins/security.go:289.88,290.18 1 0
github.com/puente-labs/noise/internal/plugins/security.go:290.18,292.5 1 0
github.com/puente-labs/noise/internal/plugins/security.go:295.4,295.20 1 0
github.com/puente-labs/noise/internal/plugins/security.go:295.20,297.5 1 0
github.com/puente-labs/noise/internal/plugins/security.go:300.4,300.37 1 0
github.com/puente-labs/noise/internal/plugins/security.go:300.37,302.43 2 0
github.com/puente-labs/noise/internal/plugins/security.go:302.43,304.6 1 0
github.com/puente-labs/noise/internal/plugins/security.go:307.4,307.14 1 0
github.com/puente-labs/noise/internal/plugins/security.go:310.3,310.17 1 0
github.com/puente-labs/noise/internal/plugins/security.go:310.17,312.4 1 0
github.com/puente-labs/noise/internal/plugins/security.go:315.2,315.12 1 0
github.com/puente-labs/noise/internal/plugins/security.go:319.92,328.33 6 0
github.com/puente-labs/noise/internal/plugins/security.go:328.33,334.28 3 0
github.com/puente-labs/noise/internal/plugins/security.go:334.28,336.4 1 0
github.com/puente-labs/noise/internal/plugins/security.go:338.3,338.104 1 0
github.com/puente-labs/noise/internal/plugins/security.go:338.104,342.4 1 0
github.com/puente-labs/noise/internal/plugins/security.go:344.3,344.15 1 0
github.com/puente-labs/noise/internal/plugins/security.go:344.15,346.4 1 0
github.com/puente-labs/noise/internal/plugins/security.go:346.9,348.4 1 0
github.com/puente-labs/noise/internal/plugins/security.go:352.3,352.20 1 0
github.com/puente-labs/noise/internal/plugins/security.go:355.2,360.15 5 0
github.com/puente-labs/noise/internal/plugins/settings.go:26.73,33.2 1 1
github.com/puente-labs/noise/internal/plugins/settings.go:36.46,38.2 1 0
github.com/puente-labs/noise/internal/plugins/settings.go:41.72,42.27 1 0
github.com/puente-labs/noise/internal/plugins/settings.go:43.18,44.23 1 0
github.com/puente-labs/noise/internal/plugins/settings.go:45.18,46.28 1 0
github.com/puente-labs/noise/internal/plugins/settings.go:46.28,48.5 1 0
github.com/puente-labs/noise/internal/plugins/settings.go:49.20,50.50 1 0
github.com/puente-labs/noise/internal/plugins/settings.go:50.50,52.5 1 0
github.com/puente-labs/noise/internal/plugins/settings.go:53.16,54.22 1 0
github.com/puente-labs/noise/internal/plugins/settings.go:54.22,56.42 2 0
github.com/puente-labs/noise/internal/plugins/settings.go:56.42,57.35 1 0
github.com/puente-labs/noise/internal/plugins/settings.go:57.35,58.32 1 0
github.com/puente-labs/noise/internal/plugins/settings.go:58.32,60.13 2 0
github.com/puente-labs/noise/internal/plugins/settings.go:62.7,62.25 1 0
github.com/puente-labs/noise/internal/plugins/settings.go:64.6,65.26 2 0
github.com/puente-labs/noise/internal/plugins/settings.go:67.10,70.42 2 0
github.com/puente-labs/noise/internal/plugins/settings.go:70.42,73.28 3 0
github.com/puente-labs/noise/internal/plugins/settings.go:73.28,74.65 1 0
github.com/puente-labs/noise/internal/plugins/settings.go:74.65,77.8 1 0
github.com/puente-labs/noise/internal/plugins/settings.go:78.12,79.64 1 0
github.com/puente-labs/noise/internal/plugins/settings.go:79.64,82.8 1 0
github.com/puente-labs/noise/internal/plugins/settings.go:86.12,87.21 1 0
github.com/puente-labs/noise/internal/plugins/settings.go:87.21,91.5 2 0
github.com/puente-labs/noise/internal/plugins/settings.go:92.14,93.21 1 0
github.com/puente-labs/noise/internal/plugins/settings.go:93.21,96.5 2 0
github.com/puente-labs/noise/internal/plugins/settings.go:98.25,100.24 2 0
github.com/puente-labs/noise/internal/plugins/settings.go:103.2,103.15 1 0
github.com/puente-labs/noise/internal/plugins/settings.go:107.45,110.23 2 1
github.com/puente-labs/noise/internal/plugins/settings.go:110.23,112.3 1 1
github.com/puente-labs/noise/internal/plugins/settings.go:114.2,114.44 1 0
github.com/puente-labs/noise/internal/plugins/settings.go:114.44,116.3 1 0
github.com/puente-labs/noise/internal/plugins/settings.go:118.2,118.29 1 0
github.com/puente-labs/noise/internal/plugins/settings.go:122.57,137.2 6 1
github.com/puente-labs/noise/internal/plugins/settings.go:140.57,150.28 7 0
github.com/puente-labs/noise/internal/plugins/settings.go:150.28,153.3 2 0
github.com/puente-labs/noise/internal/plugins/settings.go:155.2,155.53 1 0
github.com/puente-labs/noise/internal/plugins/settings.go:155.53,160.28 4 0
github.com/puente-labs/noise/internal/plugins/settings.go:160.28,162.4 1 0
github.com/puente-labs/noise/internal/plugins/settings.go:162.9,164.4 1 0
github.com/puente-labs/noise/internal/plugins/settings.go:166.3,168.25 3 0
github.com/puente-labs/noise/internal/plugins/settings.go:168.25,171.4 2 0
github.com/puente-labs/noise/internal/plugins/settings.go:173.3,180.49 3 0
github.com/puente-labs/noise/internal/plugins/settings.go:184.2,191.25 3 0
github.com/puente-labs/noise/internal/plugins/settings.go:195.60,199.16 3 0
github.com/puente-labs/noise/internal/plugins/settings.go:199.16,201.3 1 0
github.com/puente-labs/noise/internal/plugins/settings.go:203.2,230.36 6 0
github.com/puente-labs/noise/internal/plugins/settings.go:230.36,237.3 3 0
github.com/puente-labs/noise/internal/plugins/settings.go:240.2,251.25 5 0
github.com/puente-labs/noise/internal/plugins/settings.go:255.73,259.13 3 0
github.com/puente-labs/noise/internal/plugins/settings.go:259.13,261.3 1 0
github.com/puente-labs/noise/internal/plugins/settings.go:261.8,263.3 1 0
github.com/puente-labs/noise/internal/plugins/settings.go:265.2,268.47 1 0
github.com/puente-labs/noise/internal/plugins/settings.go:272.86,274.35 2 0
github.com/puente-labs/noise/internal/plugins/settings.go:274.35,276.3 1 0
github.com/puente-labs/noise/internal/plugins/settings.go:277.2,277.18 1 0
github.com/puente-labs/noise/internal/plugins/settings.go:281.55,285.26 3 0
github.com/puente-labs/noise/internal/plugins/settings.go:285.26,287.3 1 0
github.com/puente-labs/noise/internal/plugins/settings.go:289.2,289.12 1 0
github.com/puente-labs/noise/internal/plugins/settings.go:293.64,296.2 2 1
github.com/puente-labs/noise/internal/plugins/settings.go:299.40,301.2 0 0
github.com/puente-labs/noise/internal/plugins/settings.go:304.39,306.2 0 0
github.com/puente-labs/noise/internal/theme/loader.go:9.34,76.2 45 0
github.com/puente-labs/noise/internal/theme/loader.go:79.32,82.2 2 0
github.com/puente-labs/noise/internal/theme/loader.go:85.41,86.16 1 0
github.com/puente-labs/noise/internal/theme/loader.go:86.16,89.3 2 0
github.com/puente-labs/noise/internal/theme/loader.go:92.2,94.19 3 0
github.com/puente-labs/noise/internal/theme/loader.go:94.19,96.3 1 0
github.com/puente-labs/noise/internal/theme/loader.go:97.2,97.25 1 0
github.com/puente-labs/noise/internal/theme/manager.go:18.41,20.14 2 0
github.com/puente-labs/noise/internal/theme/manager.go:20.14,22.3 1 0
github.com/puente-labs/noise/internal/theme/manager.go:23.2,26.3 1 0
github.com/puente-labs/noise/internal/theme/manager.go:30.35,34.2 3 0
github.com/puente-labs/noise/internal/theme/manager.go:37.38,41.2 3 0
github.com/puente-labs/noise/internal/theme/manager.go:44.44,47.31 3 0
github.com/puente-labs/noise/internal/theme/manager.go:47.31,51.3 3 0
github.com/puente-labs/noise/internal/theme/manager.go:53.2,55.14 3 0
github.com/puente-labs/noise/internal/theme/manager.go:59.61,62.31 3 0
github.com/puente-labs/noise/internal/theme/manager.go:62.31,66.3 3 0
github.com/puente-labs/noise/internal/theme/manager.go:67.2,67.25 1 0
github.com/puente-labs/noise/internal/theme/manager.go:72.51,73.16 1 0
github.com/puente-labs/noise/internal/theme/manager.go:73.16,76.3 2 0
github.com/puente-labs/noise/internal/theme/manager.go:78.2,79.19 2 0
github.com/puente-labs/noise/internal/theme/manager.go:79.19,82.3 2 0
github.com/puente-labs/noise/internal/theme/manager.go:83.2,83.21 1 0
github.com/puente-labs/noise/internal/theme/manager.go:94.28,95.17 1 0
github.com/puente-labs/noise/internal/theme/manager.go:95.17,97.3 1 0
github.com/puente-labs/noise/internal/theme/manager.go:98.2,98.22 1 0
github.com/puente-labs/noise/internal/theme/registry.go:12.13,150.2 16 1
github.com/puente-labs/noise/internal/theme/registry.go:153.32,154.31 1 1
github.com/puente-labs/noise/internal/theme/registry.go:154.31,156.3 1 0
github.com/puente-labs/noise/internal/theme/registry.go:157.2,157.31 1 1
github.com/puente-labs/noise/internal/theme/registry.go:161.28,163.26 2 1
github.com/puente-labs/noise/internal/theme/registry.go:163.26,165.3 1 1
github.com/puente-labs/noise/internal/theme/registry.go:166.2,166.12 1 1
github.com/puente-labs/noise/internal/theme/theme.go:17.63,21.2 1 0
github.com/puente-labs/noise/internal/theme/theme.go:24.46,28.2 1 0
github.com/puente-labs/noise/internal/theme/theme.go:31.48,35.2 1 0
github.com/puente-labs/noise/internal/theme/theme.go:38.45,42.2 1 0
github.com/puente-labs/noise/internal/theme/theme.go:45.46,50.2 1 0
github.com/puente-labs/noise/internal/theme/theme.go:53.43,57.2 1 0
github.com/puente-labs/noise/internal/app/ai.go:21.32,25.2 1 0
github.com/puente-labs/noise/internal/app/ai.go:28.64,41.2 2 0
github.com/puente-labs/noise/internal/app/ai.go:44.101,57.53 2 0
github.com/puente-labs/noise/internal/app/ai.go:57.53,59.3 1 0
github.com/puente-labs/noise/internal/app/ai.go:61.2,61.46 1 0
github.com/puente-labs/noise/internal/app/ai.go:65.82,71.2 2 0
github.com/puente-labs/noise/internal/app/ai.go:74.85,77.2 1 0
github.com/puente-labs/noise/internal/app/ai.go:80.86,85.12 2 0
github.com/puente-labs/noise/internal/app/ai.go:85.12,88.3 2 0
github.com/puente-labs/noise/internal/app/ai.go:90.2,90.26 1 0
github.com/puente-labs/noise/internal/app/ai.go:94.40,98.2 1 0
github.com/puente-labs/noise/internal/app/ai.go:101.61,108.2 1 0
github.com/puente-labs/noise/internal/app/ai.go:113.126,117.25 2 0
github.com/puente-labs/noise/internal/app/ai.go:117.25,125.17 2 0
github.com/puente-labs/noise/internal/app/ai.go:125.17,127.4 1 0
github.com/puente-labs/noise/internal/app/ai.go:128.3,128.31 1 0
github.com/puente-labs/noise/internal/app/ai.go:132.2,136.8 1 0
github.com/puente-labs/noise/internal/app/ai.go:140.113,142.25 1 0
github.com/puente-labs/noise/internal/app/ai.go:142.25,151.17 2 0
github.com/puente-labs/noise/internal/app/ai.go:151.17,153.4 1 0
github.com/puente-labs/noise/internal/app/ai.go:154.3,154.31 1 0
github.com/puente-labs/noise/internal/app/ai.go:158.2,162.8 1 0
github.com/puente-labs/noise/internal/app/ai.go:166.113,168.25 1 0
github.com/puente-labs/noise/internal/app/ai.go:168.25,177.17 2 0
github.com/puente-labs/noise/internal/app/ai.go:177.17,179.4 1 0
github.com/puente-labs/noise/internal/app/ai.go:180.3,180.57 1 0
github.com/puente-labs/noise/internal/app/ai.go:180.57,182.4 1 0
github.com/puente-labs/noise/internal/app/ai.go:183.3,183.31 1 0
github.com/puente-labs/noise/internal/app/ai.go:187.2,192.51 2 0
github.com/puente-labs/noise/internal/app/ai.go:192.51,194.3 1 0
github.com/puente-labs/noise/internal/app/ai.go:195.2,195.25 1 0
github.com/puente-labs/noise/internal/app/ai.go:199.99,201.25 1 0
github.com/puente-labs/noise/internal/app/ai.go:201.25,210.17 2 0
github.com/puente-labs/noise/internal/app/ai.go:210.17,212.4 1 0
github.com/puente-labs/noise/internal/app/ai.go:213.3,213.33 1 0
github.com/puente-labs/noise/internal/app/ai.go:213.33,215.4 1 0
github.com/puente-labs/noise/internal/app/ai.go:216.3,216.34 1 0
github.com/puente-labs/noise/internal/app/ai.go:220.2,220.61 1 0
github.com/puente-labs/noise/internal/app/ai.go:226.106,227.25 1 0
github.com/puente-labs/noise/internal/app/ai.go:227.25,235.3 1 0
github.com/puente-labs/noise/internal/app/ai.go:238.2,241.8 1 0
github.com/puente-labs/noise/internal/app/ai.go:245.103,246.25 1 0
github.com/puente-labs/noise/internal/app/ai.go:246.25,254.3 1 0
github.com/puente-labs/noise/internal/app/ai.go:257.2,260.8 1 0
github.com/puente-labs/noise/internal/app/ai.go:264.102,265.25 1 0
github.com/puente-labs/noise/internal/app/ai.go:265.25,273.3 1 0
github.com/puente-labs/noise/internal/app/ai.go:276.2,279.8 1 0
github.com/puente-labs/noise/internal/app/ai.go:283.117,284.25 1 0
github.com/puente-labs/noise/internal/app/ai.go:284.25,292.3 1 0
github.com/puente-labs/noise/internal/app/ai.go:295.2,298.8 1 0
github.com/puente-labs/noise/internal/app/autosave.go:31.41,32.11 1 0
github.com/puente-labs/noise/internal/app/autosave.go:33.20,34.16 1 0
github.com/puente-labs/noise/internal/app/autosave.go:35.22,36.21 1 0
github.com/puente-labs/noise/internal/app/autosave.go:37.23,38.17 1 0
github.com/puente-labs/noise/internal/app/autosave.go:39.21,40.17 1 0
github.com/puente-labs/noise/internal/app/autosave.go:41.10,42.19 1 0
github.com/puente-labs/noise/internal/app/autosave.go:58.46,68.2 1 0
github.com/puente-labs/noise/internal/app/autosave.go:74.75,78.2 1 0
github.com/puente-labs/noise/internal/app/autosave.go:81.78,85.2 1 0
github.com/puente-labs/noise/internal/app/autosave.go:88.49,89.27 1 0
github.com/puente-labs/noise/internal/app/autosave.go:89.27,91.3 1 0
github.com/puente-labs/noise/internal/app/autosave.go:92.2,92.29 1 0
github.com/puente-labs/noise/internal/app/autosave.go:92.29,94.3 1 0
github.com/puente-labs/noise/internal/app/autosave.go:95.2,95.24 1 0
github.com/puente-labs/noise/internal/app/autosave.go:95.24,97.3 1 0
github.com/puente-labs/noise/internal/app/autosave.go:98.2,98.26 1 0
github.com/puente-labs/noise/internal/app/autosave.go:98.26,100.3 1 0
github.com/puente-labs/noise/internal/app/autosave.go:101.2,101.22 1 0
github.com/puente-labs/noise/internal/app/autosave.go:101.22,103.3 1 0
github.com/puente-labs/noise/internal/app/autosave.go:104.2,104.23 1 0
github.com/puente-labs/noise/internal/app/autosave.go:104.23,106.3 1 0
github.com/puente-labs/noise/internal/app/autosave.go:107.2,107.23 1 0
github.com/puente-labs/noise/internal/app/autosave.go:107.23,109.3 1 0
github.com/puente-labs/noise/internal/app/autosave.go:110.2,110.25 1 0
github.com/puente-labs/noise/internal/app/autosave.go:110.25,112.3 1 0
github.com/puente-labs/noise/internal/app/autosave.go:113.2,113.12 1 0
github.com/puente-labs/noise/internal/app/autosave.go:139.42,141.2 1 0
github.com/puente-labs/noise/internal/app/autosave.go:144.83,145.19 1 0
github.com/puente-labs/noise/internal/app/autosave.go:145.19,147.3 1 0
github.com/puente-labs/noise/internal/app/autosave.go:149.2,156.3 1 0
github.com/puente-labs/noise/internal/app/autosave.go:160.60,161.23 1 0
github.com/puente-labs/noise/internal/app/autosave.go:161.23,163.3 1 0
github.com/puente-labs/noise/internal/app/autosave.go:166.2,175.12 5 0
github.com/puente-labs/noise/internal/app/autosave.go:179.40,184.9 2 0
github.com/puente-labs/noise/internal/app/autosave.go:185.20,185.20 0 0
github.com/puente-labs/noise/internal/app/autosave.go:187.10,188.20 1 0
github.com/puente-labs/noise/internal/app/autosave.go:190.2,191.12 2 0
github.com/puente-labs/noise/internal/app/autosave.go:195.55,196.23 1 0
github.com/puente-labs/noise/internal/app/autosave.go:196.23,198.3 1 0
github.com/puente-labs/noise/internal/app/autosave.go:203.2,203.16 1 0
github.com/puente-labs/noise/internal/app/autosave.go:203.16,205.30 2 0
github.com/puente-labs/noise/internal/app/autosave.go:205.30,207.4 1 0
github.com/puente-labs/noise/internal/app/autosave.go:208.3,208.13 1 0
github.com/puente-labs/noise/internal/app/autosave.go:208.13,209.49 1 0
github.com/puente-labs/noise/internal/app/autosave.go:209.49,210.25 1 0
github.com/puente-labs/noise/internal/app/autosave.go:210.25,212.6 1 0
github.com/puente-labs/noise/internal/app/autosave.go:215.3,215.9 1 0
github.com/puente-labs/noise/internal/app/autosave.go:219.2,219.9 1 0
github.com/puente-labs/noise/internal/app/autosave.go:220.29,220.29 0 0
github.com/puente-labs/noise/internal/app/autosave.go:222.10,224.10 1 0
github.com/puente-labs/noise/internal/app/autosave.go:225.21,225.21 0 0
github.com/puente-labs/noise/internal/app/autosave.go:226.11,226.11 0 0
github.com/puente-labs/noise/internal/app/autosave.go:228.3,228.10 1 0
github.com/puente-labs/noise/internal/app/autosave.go:229.30,229.30 0 0
github.com/puente-labs/noise/internal/app/autosave.go:230.11,230.11 0 0
github.com/puente-labs/noise/internal/app/autosave.go:238.2,238.67 1 0
github.com/puente-labs/noise/internal/app/autosave.go:242.59,244.2 1 0
github.com/puente-labs/noise/internal/app/autosave.go:247.54,249.2 1 0
github.com/puente-labs/noise/internal/app/autosave.go:252.55,256.2 3 0
github.com/puente-labs/noise/internal/app/autosave.go:259.82,261.2 1 0
github.com/puente-labs/noise/internal/app/autosave.go:264.66,266.2 1 0
github.com/puente-labs/noise/internal/app/autosave.go:269.64,271.2 1 0
github.com/puente-labs/noise/internal/app/autosave.go:274.67,278.6 3 0
github.com/puente-labs/noise/internal/app/autosave.go:278.6,279.10 1 0
github.com/puente-labs/noise/internal/app/autosave.go:280.21,281.10 1 0
github.com/puente-labs/noise/internal/app/autosave.go:282.21,283.10 1 0
github.com/puente-labs/noise/internal/app/autosave.go:284.19,285.27 1 0
github.com/puente-labs/noise/internal/app/autosave.go:291.49,296.19 4 0
github.com/puente-labs/noise/internal/app/autosave.go:296.19,298.3 1 0
github.com/puente-labs/noise/internal/app/autosave.go:301.2,301.40 1 0
github.com/puente-labs/noise/internal/app/autosave.go:301.40,303.3 1 0
github.com/puente-labs/noise/internal/app/autosave.go:307.61,310.6 2 0
github.com/puente-labs/noise/internal/app/autosave.go:310.6,311.10 1 0
github.com/puente-labs/noise/internal/app/autosave.go:312.21,313.10 1 0
github.com/puente-labs/noise/internal/app/autosave.go:314.21,315.10 1 0
github.com/puente-labs/noise/internal/app/autosave.go:316.32,322.28 4 0
github.com/puente-labs/noise/internal/app/autosave.go:322.28,324.5 1 0
github.com/puente-labs/noise/internal/app/autosave.go:327.4,327.95 1 0
github.com/puente-labs/noise/internal/app/autosave.go:327.95,328.50 1 0
github.com/puente-labs/noise/internal/app/autosave.go:328.50,330.6 1 0
github.com/puente-labs/noise/internal/app/autosave.go:336.53,337.17 1 0
github.com/puente-labs/noise/internal/app/autosave.go:337.17,339.3 1 0
github.com/puente-labs/noise/internal/app/autosave.go:340.2,340.12 1 0
github.com/puente-labs/noise/internal/app/autosave.go:343.62,344.16 1 0
github.com/puente-labs/noise/internal/app/autosave.go:344.16,346.3 1 0
github.com/puente-labs/noise/internal/app/autosave.go:348.2,349.29 2 0
github.com/puente-labs/noise/internal/app/autosave.go:349.29,351.3 1 0
github.com/puente-labs/noise/internal/app/autosave.go:352.2,352.22 1 0
github.com/puente-labs/noise/internal/app/autosave.go:352.22,354.3 1 0
github.com/puente-labs/noise/internal/app/autosave.go:355.2,355.12 1 0
github.com/puente-labs/noise/internal/app/autosave.go:359.61,361.29 2 0
github.com/puente-labs/noise/internal/app/autosave.go:361.29,363.3 1 0
github.com/puente-labs/noise/internal/app/autosave.go:365.2,365.46 1 0
github.com/puente-labs/noise/internal/app/autosave.go:365.46,367.3 1 0
github.com/puente-labs/noise/internal/app/autosave.go:369.2,370.62 2 0
github.com/puente-labs/noise/internal/app/autosave.go:370.62,371.18 1 0
github.com/puente-labs/noise/internal/app/autosave.go:371.18,374.4 1 0
github.com/puente-labs/noise/internal/app/autosave.go:376.3,377.21 2 0
github.com/puente-labs/noise/internal/app/autosave.go:377.21,378.9 1 0
github.com/puente-labs/noise/internal/app/autosave.go:381.3,381.68 1 0
github.com/puente-labs/noise/internal/app/autosave.go:384.2,384.20 1 0
github.com/puente-labs/noise/internal/app/autosave.go:384.20,386.3 1 0
github.com/puente-labs/noise/internal/app/autosave.go:388.2,389.29 2 0
github.com/puente-labs/noise/internal/app/autosave.go:389.29,391.3 1 0
github.com/puente-labs/noise/internal/app/autosave.go:394.2,394.12 1 0
github.com/puente-labs/noise/internal/app/autosave.go:394.12,397.30 3 0
github.com/puente-labs/noise/internal/app/autosave.go:397.30,399.4 1 0
github.com/puente-labs/noise/internal/app/autosave.go:402.2,402.12 1 0
github.com/puente-labs/noise/internal/app/autosave.go:406.61,411.16 3 0
github.com/puente-labs/noise/internal/app/autosave.go:411.16,413.3 1 0
github.com/puente-labs/noise/internal/app/autosave.go:415.2,420.12 5 0
github.com/puente-labs/noise/internal/app/autosave.go:424.111,426.29 2 0
github.com/puente-labs/noise/internal/app/autosave.go:426.29,428.3 1 0
github.com/puente-labs/noise/internal/app/autosave.go:430.2,430.46 1 0
github.com/puente-labs/noise/internal/app/autosave.go:430.46,432.3 1 0
github.com/puente-labs/noise/internal/app/autosave.go:434.2,435.62 2 0
github.com/puente-labs/noise/internal/app/autosave.go:435.62,436.18 1 0
github.com/puente-labs/noise/internal/app/autosave.go:436.18,438.4 1 0
github.com/puente-labs/noise/internal/app/autosave.go:440.3,441.21 2 0
github.com/puente-labs/noise/internal/app/autosave.go:441.21,442.9 1 0
github.com/puente-labs/noise/internal/app/autosave.go:445.3,445.73 1 0
github.com/puente-labs/noise/internal/app/autosave.go:448.2,448.20 1 0
github.com/puente-labs/noise/internal/app/autosave.go:448.20,450.3 1 0
github.com/puente-labs/noise/internal/app/autosave.go:452.2,453.29 2 0
github.com/puente-labs/noise/internal/app/autosave.go:453.29,455.3 1 0
github.com/puente-labs/noise/internal/app/autosave.go:458.2,458.12 1 0
github.com/puente-labs/noise/internal/app/autosave.go:458.12,461.30 3 0
github.com/puente-labs/noise/internal/app/autosave.go:461.30,463.4 1 0
github.com/puente-labs/noise/internal/app/autosave.go:466.2,466.12 1 0
github.com/puente-labs/noise/internal/app/autosave.go:470.118,472.35 1 0
github.com/puente-labs/noise/internal/app/autosave.go:472.35,473.18 1 0
github.com/puente-labs/noise/internal/app/autosave.go:473.18,475.4 1 0
github.com/puente-labs/noise/internal/app/autosave.go:475.9,477.4 1 0
github.com/puente-labs/noise/internal/app/autosave.go:480.2,481.16 2 0
github.com/puente-labs/noise/internal/app/autosave.go:481.16,483.3 1 0
github.com/puente-labs/noise/internal/app/autosave.go:485.2,490.12 5 0
github.com/puente-labs/noise/internal/app/autosave.go:494.95,495.16 1 0
github.com/puente-labs/noise/internal/app/autosave.go:495.16,497.3 1 0
github.com/puente-labs/noise/internal/app/autosave.go:498.2,498.40 1 0
github.com/puente-labs/noise/internal/app/autosave.go:502.64,504.16 2 0
github.com/puente-labs/noise/internal/app/autosave.go:504.16,506.3 1 0
github.com/puente-labs/noise/internal/app/autosave.go:509.2,509.42 1 0
github.com/puente-labs/noise/internal/app/autosave.go:509.42,510.59 1 0
github.com/puente-labs/noise/internal/app/autosave.go:510.59,512.18 2 0
github.com/puente-labs/noise/internal/app/autosave.go:512.18,514.5 1 0
github.com/puente-labs/noise/internal/app/autosave.go:518.2,518.12 1 0
github.com/puente-labs/noise/internal/app/autosave.go:522.75,524.16 2 0
github.com/puente-labs/noise/internal/app/autosave.go:524.16,526.3 1 0
github.com/puente-labs/noise/internal/app/autosave.go:528.2,528.24 1 0
github.com/puente-labs/noise/internal/app/autosave.go:528.24,530.3 1 0
github.com/puente-labs/noise/internal/app/autosave.go:532.2,532.33 1 0
github.com/puente-labs/noise/internal/app/autosave.go:536.90,538.2 1 0
github.com/puente-labs/noise/internal/app/autosave.go:541.80,543.16 2 0
github.com/puente-labs/noise/internal/app/autosave.go:543.16,545.3 1 0
github.com/puente-labs/noise/internal/app/autosave.go:547.2,548.35 2 0
github.com/puente-labs/noise/internal/app/autosave.go:548.35,549.26 1 0
github.com/puente-labs/noise/internal/app/autosave.go:549.26,551.4 1 0
github.com/puente-labs/noise/internal/app/autosave.go:554.2,554.24 1 0
github.com/puente-labs/noise/internal/app/autosave.go:558.73,560.16 2 0
github.com/puente-labs/noise/internal/app/autosave.go:560.16,562.3 1 0
github.com/puente-labs/noise/internal/app/autosave.go:564.2,564.29 1 0
github.com/puente-labs/noise/internal/app/autosave.go:568.82,570.16 2 0
github.com/puente-labs/noise/internal/app/autosave.go:570.16,572.3 1 0
github.com/puente-labs/noise/internal/app/autosave.go:574.2,582.24 2 0
github.com/puente-labs/noise/internal/app/autosave.go:582.24,584.3 1 0
github.com/puente-labs/noise/internal/app/autosave.go:587.2,591.35 3 0
github.com/puente-labs/noise/internal/app/autosave.go:591.35,592.26 1 0
github.com/puente-labs/noise/internal/app/autosave.go:592.26,594.4 1 0
github.com/puente-labs/noise/internal/app/autosave.go:594.9,594.83 1 0
github.com/puente-labs/noise/internal/app/autosave.go:594.83,596.4 1 0
github.com/puente-labs/noise/internal/app/autosave.go:599.2,599.19 1 0
github.com/puente-labs/noise/internal/app/autosave.go:612.60,614.2 1 0
github.com/puente-labs/noise/internal/app/autosave.go:617.56,620.38 2 0
github.com/puente-labs/noise/internal/app/autosave.go:620.38,622.3 1 0
github.com/puente-labs/noise/internal/app/autosave.go:623.2,623.28 1 0
github.com/puente-labs/noise/internal/app/dictionary.go:42.34,47.2 1 1
github.com/puente-labs/noise/internal/app/dictionary.go:50.60,56.16 4 1
github.com/puente-labs/noise/internal/app/dictionary.go:56.16,58.3 1 1
github.com/puente-labs/noise/internal/app/dictionary.go:61.2,65.56 2 1
github.com/puente-labs/noise/internal/app/dictionary.go:65.56,67.3 1 0
github.com/puente-labs/noise/internal/app/dictionary.go:70.2,78.12 5 1
github.com/puente-labs/noise/internal/app/dictionary.go:82.38,85.35 2 1
github.com/puente-labs/noise/internal/app/dictionary.go:85.35,86.38 1 1
github.com/puente-labs/noise/internal/app/dictionary.go:86.38,89.29 2 1
github.com/puente-labs/noise/internal/app/dictionary.go:89.29,90.43 1 1
github.com/puente-labs/noise/internal/app/dictionary.go:90.43,92.6 1 1
github.com/puente-labs/noise/internal/app/dictionary.go:93.5,93.76 1 1
github.com/puente-labs/noise/internal/app/dictionary.go:100.38,104.2 3 1
github.com/puente-labs/noise/internal/app/dictionary.go:107.66,115.2 5 1
github.com/puente-labs/noise/internal/app/dictionary.go:118.63,120.51 1 1
github.com/puente-labs/noise/internal/app/dictionary.go:120.51,122.3 1 1
github.com/puente-labs/noise/internal/app/dictionary.go:125.2,125.45 1 1
github.com/puente-labs/noise/internal/app/dictionary.go:129.63,130.16 1 1
github.com/puente-labs/noise/internal/app/dictionary.go:130.16,132.3 1 1
github.com/puente-labs/noise/internal/app/dictionary.go:135.2,155.51 3 1
github.com/puente-labs/noise/internal/app/dictionary.go:155.51,157.3 1 1
github.com/puente-labs/noise/internal/app/dictionary.go:160.2,167.28 6 1
github.com/puente-labs/noise/internal/app/dictionary.go:167.28,170.31 2 1
github.com/puente-labs/noise/internal/app/dictionary.go:170.31,172.4 1 1
github.com/puente-labs/noise/internal/app/dictionary.go:173.3,176.12 2 1
github.com/puente-labs/noise/internal/app/dictionary.go:176.12,181.60 3 1
github.com/puente-labs/noise/internal/app/dictionary.go:181.60,183.5 1 0
github.com/puente-labs/noise/internal/app/dictionary.go:186.4,186.79 1 1
github.com/puente-labs/noise/internal/app/dictionary.go:186.79,189.5 1 0
github.com/puente-labs/noise/internal/app/dictionary.go:192.4,192.84 1 1
github.com/puente-labs/noise/internal/app/dictionary.go:192.84,194.5 1 0
github.com/puente-labs/noise/internal/app/dictionary.go:199.2,199.20 1 1
github.com/puente-labs/noise/internal/app/dictionary.go:199.20,201.3 1 0
github.com/puente-labs/noise/internal/app/dictionary.go:203.2,203.18 1 1
github.com/puente-labs/noise/internal/app/dictionary.go:207.64,209.51 1 1
github.com/puente-labs/noise/internal/app/dictionary.go:209.51,211.3 1 1
github.com/puente-labs/noise/internal/app/dictionary.go:214.2,214.40 1 1
github.com/puente-labs/noise/internal/app/dictionary.go:218.63,219.16 1 1
github.com/puente-labs/noise/internal/app/dictionary.go:219.16,221.3 1 1
github.com/puente-labs/noise/internal/app/dictionary.go:224.2,227.48 2 1
github.com/puente-labs/noise/internal/app/dictionary.go:227.48,229.3 1 0
github.com/puente-labs/noise/internal/app/dictionary.go:232.2,235.19 3 1
github.com/puente-labs/noise/internal/app/dictionary.go:235.19,237.3 1 0
github.com/puente-labs/noise/internal/app/dictionary.go:240.2,240.32 1 1
github.com/puente-labs/noise/internal/app/dictionary.go:240.32,241.23 1 1
github.com/puente-labs/noise/internal/app/dictionary.go:241.23,242.12 1 0
github.com/puente-labs/noise/internal/app/dictionary.go:245.3,246.46 2 1
github.com/puente-labs/noise/internal/app/dictionary.go:246.46,248.4 1 0
github.com/puente-labs/noise/internal/app/dictionary.go:251.2,251.16 1 1
github.com/puente-labs/noise/internal/app/dictionary.go:255.60,256.19 1 1
github.com/puente-labs/noise/internal/app/dictionary.go:256.19,258.3 1 1
github.com/puente-labs/noise/internal/app/dictionary.go:261.2,261.20 1 1
github.com/puente-labs/noise/internal/app/dictionary.go:261.20,263.3 1 1
github.com/puente-labs/noise/internal/app/dictionary.go:264.2,264.13 1 1
github.com/puente-labs/noise/internal/app/dictionary.go:268.69,269.16 1 1
github.com/puente-labs/noise/internal/app/dictionary.go:269.16,271.3 1 1
github.com/puente-labs/noise/internal/app/dictionary.go:274.2,277.29 3 1
github.com/puente-labs/noise/internal/app/dictionary.go:277.29,282.22 3 1
github.com/puente-labs/noise/internal/app/dictionary.go:282.22,284.18 2 1
github.com/puente-labs/noise/internal/app/dictionary.go:284.18,285.13 1 0
github.com/puente-labs/noise/internal/app/dictionary.go:287.4,287.31 1 1
github.com/puente-labs/noise/internal/app/dictionary.go:291.2,291.28 1 1
github.com/puente-labs/noise/internal/app/dictionary.go:295.49,309.32 6 1
github.com/puente-labs/noise/internal/app/dictionary.go:309.32,312.3 2 1
github.com/puente-labs/noise/internal/app/dictionary.go:314.2,316.26 2 1
github.com/puente-labs/noise/internal/app/dictionary.go:316.26,318.3 1 1
github.com/puente-labs/noise/internal/app/dictionary.go:320.2,320.14 1 1
github.com/puente-labs/noise/internal/app/dictionary.go:324.66,333.37 5 1
github.com/puente-labs/noise/internal/app/dictionary.go:333.37,335.28 2 1
github.com/puente-labs/noise/internal/app/dictionary.go:335.28,336.42 1 1
github.com/puente-labs/noise/internal/app/dictionary.go:336.42,338.5 1 1
github.com/puente-labs/noise/internal/app/dictionary.go:339.4,339.85 1 1
github.com/puente-labs/noise/internal/app/dictionary.go:343.2,343.12 1 1
github.com/puente-labs/noise/internal/app/dictionary.go:347.79,356.16 6 1
github.com/puente-labs/noise/internal/app/dictionary.go:356.16,358.3 1 0
github.com/puente-labs/noise/internal/app/dictionary.go:360.2,360.28 1 1
github.com/puente-labs/noise/internal/app/dictionary.go:360.28,361.30 1 1
github.com/puente-labs/noise/internal/app/dictionary.go:361.30,363.42 2 1
github.com/puente-labs/noise/internal/app/dictionary.go:363.42,364.10 1 1
github.com/puente-labs/noise/internal/app/dictionary.go:369.2,369.21 1 1
github.com/puente-labs/noise/internal/app/dictionary.go:373.65,377.23 3 1
github.com/puente-labs/noise/internal/app/dictionary.go:377.23,379.3 1 1
github.com/puente-labs/noise/internal/app/dictionary.go:382.2,383.35 2 1
github.com/puente-labs/noise/internal/app/dictionary.go:383.35,384.30 1 1
github.com/puente-labs/noise/internal/app/dictionary.go:384.30,386.4 1 1
github.com/puente-labs/noise/internal/app/dictionary.go:387.3,387.10 1 0
github.com/puente-labs/noise/internal/app/dictionary.go:391.2,391.35 1 0
github.com/puente-labs/noise/internal/app/dictionary.go:391.35,393.3 1 0
github.com/puente-labs/noise/internal/app/dictionary.go:395.2,395.68 1 0
github.com/puente-labs/noise/internal/app/dictionary.go:399.53,402.2 2 1
github.com/puente-labs/noise/internal/app/dictionary.go:405.90,411.35 4 1
github.com/puente-labs/noise/internal/app/dictionary.go:411.35,412.35 1 1
github.com/puente-labs/noise/internal/app/dictionary.go:412.35,414.42 2 1
github.com/puente-labs/noise/internal/app/dictionary.go:414.42,415.10 1 0
github.com/puente-labs/noise/internal/app/dictionary.go:420.2,420.21 1 1
github.com/puente-labs/noise/internal/app/dictionary.go:424.86,431.35 5 1
github.com/puente-labs/noise/internal/app/dictionary.go:431.35,432.37 1 1
github.com/puente-labs/noise/internal/app/dictionary.go:432.37,433.45 1 1
github.com/puente-labs/noise/internal/app/dictionary.go:433.45,435.43 2 1
github.com/puente-labs/noise/internal/app/dictionary.go:435.43,436.11 1 0
github.com/puente-labs/noise/internal/app/dictionary.go:438.5,438.10 1 1
github.com/puente-labs/noise/internal/app/dictionary.go:443.2,443.21 1 1
github.com/puente-labs/noise/internal/app/editor.go:24.100,29.2 1 0
github.com/puente-labs/noise/internal/app/editor.go:32.64,34.13 1 0
github.com/puente-labs/noise/internal/app/editor.go:34.13,36.3 1 0
github.com/puente-labs/noise/internal/app/editor.go:39.2,40.16 2 0
github.com/puente-labs/noise/internal/app/editor.go:40.16,42.46 1 0
github.com/puente-labs/noise/internal/app/editor.go:42.46,53.4 3 0
github.com/puente-labs/noise/internal/app/editor.go:56.3,58.28 3 0
github.com/puente-labs/noise/internal/app/editor.go:62.2,62.17 1 0
github.com/puente-labs/noise/internal/app/editor.go:62.17,66.3 3 0
github.com/puente-labs/noise/internal/app/editor.go:68.2,68.19 1 0
github.com/puente-labs/noise/internal/app/editor.go:68.19,72.3 3 0
github.com/puente-labs/noise/internal/app/editor.go:74.2,75.18 2 0
github.com/puente-labs/noise/internal/app/editor.go:79.83,82.16 2 0
github.com/puente-labs/noise/internal/app/editor.go:82.16,96.17 3 0
github.com/puente-labs/noise/internal/app/editor.go:96.17,98.4 1 0
github.com/puente-labs/noise/internal/app/editor.go:101.2,101.18 1 0
github.com/puente-labs/noise/internal/app/editor.go:105.59,107.17 1 0
github.com/puente-labs/noise/internal/app/editor.go:107.17,109.3 1 0
github.com/puente-labs/noise/internal/app/editor.go:112.2,119.33 2 0
github.com/puente-labs/noise/internal/app/editor.go:119.33,121.3 1 0
github.com/puente-labs/noise/internal/app/editor.go:123.2,136.53 7 0
github.com/puente-labs/noise/internal/app/editor.go:136.53,138.17 2 0
github.com/puente-labs/noise/internal/app/editor.go:138.17,146.4 3 0
github.com/puente-labs/noise/internal/app/editor.go:149.3,149.46 1 0
github.com/puente-labs/noise/internal/app/editor.go:149.46,153.70 2 0
github.com/puente-labs/noise/internal/app/editor.go:153.70,157.12 3 0
github.com/puente-labs/noise/internal/app/editor.go:158.23,160.22 2 0
github.com/puente-labs/noise/internal/app/editor.go:161.29,162.14 1 0
github.com/puente-labs/noise/internal/app/editor.go:167.4,173.14 2 0
github.com/puente-labs/noise/internal/app/editor.go:177.3,179.23 3 0
github.com/puente-labs/noise/internal/app/editor.go:184.2,193.12 3 0
github.com/puente-labs/noise/internal/app/editor.go:197.80,199.36 1 0
github.com/puente-labs/noise/internal/app/editor.go:199.36,201.3 1 0
github.com/puente-labs/noise/internal/app/editor.go:203.2,203.41 1 0
github.com/puente-labs/noise/internal/app/editor.go:203.41,205.3 1 0
github.com/puente-labs/noise/internal/app/editor.go:207.2,207.42 1 0
github.com/puente-labs/noise/internal/app/editor.go:207.42,209.3 1 0
github.com/puente-labs/noise/internal/app/editor.go:212.2,213.33 2 0
github.com/puente-labs/noise/internal/app/editor.go:213.33,215.3 1 0
github.com/puente-labs/noise/internal/app/editor.go:218.2,230.16 3 0
github.com/puente-labs/noise/internal/app/editor.go:230.16,232.46 1 0
github.com/puente-labs/noise/internal/app/editor.go:232.46,243.4 3 0
github.com/puente-labs/noise/internal/app/editor.go:246.3,248.28 3 0
github.com/puente-labs/noise/internal/app/editor.go:252.2,252.22 1 0
github.com/puente-labs/noise/internal/app/editor.go:252.22,256.3 3 0
github.com/puente-labs/noise/internal/app/editor.go:258.2,258.23 1 0
github.com/puente-labs/noise/internal/app/editor.go:258.23,262.3 3 0
github.com/puente-labs/noise/internal/app/editor.go:265.2,270.23 3 0
github.com/puente-labs/noise/internal/app/editor.go:274.59,276.17 1 0
github.com/puente-labs/noise/internal/app/editor.go:276.17,278.3 1 0
github.com/puente-labs/noise/internal/app/editor.go:281.2,281.18 1 0
github.com/puente-labs/noise/internal/app/editor.go:281.18,283.3 1 0
github.com/puente-labs/noise/internal/app/editor.go:285.2,295.53 6 0
github.com/puente-labs/noise/internal/app/editor.go:295.53,298.17 2 0
github.com/puente-labs/noise/internal/app/editor.go:298.17,301.4 2 0
github.com/puente-labs/noise/internal/app/editor.go:303.3,304.17 2 0
github.com/puente-labs/noise/internal/app/editor.go:304.17,307.4 2 0
github.com/puente-labs/noise/internal/app/editor.go:310.3,310.46 1 0
github.com/puente-labs/noise/internal/app/editor.go:310.46,314.70 2 0
github.com/puente-labs/noise/internal/app/editor.go:314.70,318.12 3 0
github.com/puente-labs/noise/internal/app/editor.go:319.23,320.22 1 0
github.com/puente-labs/noise/internal/app/editor.go:321.29,323.14 1 0
github.com/puente-labs/noise/internal/app/editor.go:328.4,329.14 2 0
github.com/puente-labs/noise/internal/app/editor.go:333.3,335.23 3 0
github.com/puente-labs/noise/internal/app/editor.go:340.2,341.12 2 0
github.com/puente-labs/noise/internal/app/editor.go:345.79,347.17 1 0
github.com/puente-labs/noise/internal/app/editor.go:347.17,349.3 1 0
github.com/puente-labs/noise/internal/app/editor.go:350.2,350.18 1 0
github.com/puente-labs/noise/internal/app/editor.go:350.18,352.3 1 0
github.com/puente-labs/noise/internal/app/editor.go:355.2,355.35 1 0
github.com/puente-labs/noise/internal/app/editor.go:355.35,357.3 1 0
github.com/puente-labs/noise/internal/app/editor.go:360.2,361.17 2 0
github.com/puente-labs/noise/internal/app/editor.go:361.17,364.3 2 0
github.com/puente-labs/noise/internal/app/editor.go:366.2,367.16 2 0
github.com/puente-labs/noise/internal/app/editor.go:367.16,370.3 2 0
github.com/puente-labs/noise/internal/app/editor.go:372.2,373.12 2 0
github.com/puente-labs/noise/internal/app/editor.go:377.87,379.2 1 0
github.com/puente-labs/noise/internal/app/editor.go:382.89,384.17 1 0
github.com/puente-labs/noise/internal/app/editor.go:384.17,386.3 1 0
github.com/puente-labs/noise/internal/app/editor.go:387.2,387.20 1 0
github.com/puente-labs/noise/internal/app/editor.go:387.20,389.3 1 0
github.com/puente-labs/noise/internal/app/editor.go:392.2,393.16 2 0
github.com/puente-labs/noise/internal/app/editor.go:393.16,395.46 1 0
github.com/puente-labs/noise/internal/app/editor.go:395.46,406.4 3 0
github.com/puente-labs/noise/internal/app/editor.go:409.3,411.28 3 0
github.com/puente-labs/noise/internal/app/editor.go:415.2,415.20 1 0
github.com/puente-labs/noise/internal/app/editor.go:415.20,419.3 3 0
github.com/puente-labs/noise/internal/app/editor.go:421.2,421.30 1 0
github.com/puente-labs/noise/internal/app/editor.go:421.30,425.3 3 0
github.com/puente-labs/noise/internal/app/editor.go:428.2,429.17 2 0
github.com/puente-labs/noise/internal/app/editor.go:429.17,432.3 2 0
github.com/puente-labs/noise/internal/app/editor.go:435.2,439.42 3 0
github.com/puente-labs/noise/internal/app/editor.go:439.42,441.3 1 0
github.com/puente-labs/noise/internal/app/editor.go:442.2,442.42 1 0
github.com/puente-labs/noise/internal/app/editor.go:442.42,444.3 1 0
github.com/puente-labs/noise/internal/app/editor.go:446.2,449.27 2 0
github.com/puente-labs/noise/internal/app/editor.go:449.27,453.3 3 0
github.com/puente-labs/noise/internal/app/editor.go:456.2,461.22 3 0
github.com/puente-labs/noise/internal/app/editor.go:465.65,466.17 1 0
github.com/puente-labs/noise/internal/app/editor.go:466.17,468.3 1 0
github.com/puente-labs/noise/internal/app/editor.go:471.2,472.16 2 0
github.com/puente-labs/noise/internal/app/editor.go:472.16,474.3 1 0
github.com/puente-labs/noise/internal/app/editor.go:476.2,482.46 5 0
github.com/puente-labs/noise/internal/app/editor.go:482.46,486.3 1 0
github.com/puente-labs/noise/internal/app/editor.go:489.2,489.40 1 0
github.com/puente-labs/noise/internal/app/editor.go:489.40,495.38 6 0
github.com/puente-labs/noise/internal/app/editor.go:495.38,498.4 2 0
github.com/puente-labs/noise/internal/app/editor.go:499.3,499.23 1 0
github.com/puente-labs/noise/internal/app/editor.go:502.2,502.25 1 0
github.com/puente-labs/noise/internal/app/editor.go:506.64,507.38 1 0
github.com/puente-labs/noise/internal/app/editor.go:507.38,512.3 1 0
github.com/puente-labs/noise/internal/app/editor.go:515.2,516.21 2 0
github.com/puente-labs/noise/internal/app/editor.go:516.21,518.3 1 0
github.com/puente-labs/noise/internal/app/editor.go:520.2,523.59 3 0
github.com/puente-labs/noise/internal/app/editor.go:523.59,526.35 2 0
github.com/puente-labs/noise/internal/app/editor.go:526.35,527.42 1 0
github.com/puente-labs/noise/internal/app/editor.go:527.42,529.10 2 0
github.com/puente-labs/noise/internal/app/editor.go:532.3,532.19 1 0
github.com/puente-labs/noise/internal/app/editor.go:532.19,535.4 2 0
github.com/puente-labs/noise/internal/app/editor.go:535.9,538.4 1 0
github.com/puente-labs/noise/internal/app/editor.go:539.8,541.3 1 0
github.com/puente-labs/noise/internal/app/editor.go:543.2,544.36 2 0
github.com/puente-labs/noise/internal/app/editor.go:544.36,545.66 1 0
github.com/puente-labs/noise/internal/app/editor.go:545.66,547.4 1 0
github.com/puente-labs/noise/internal/app/editor.go:551.2,552.47 2 0
github.com/puente-labs/noise/internal/app/editor.go:552.47,554.15 2 0
github.com/puente-labs/noise/internal/app/editor.go:554.15,555.12 1 0
github.com/puente-labs/noise/internal/app/editor.go:557.3,559.5 1 0
github.com/puente-labs/noise/internal/app/editor.go:562.2,563.27 2 0
github.com/puente-labs/noise/internal/app/editor.go:563.27,571.3 1 0
github.com/puente-labs/noise/internal/app/editor.go:571.8,573.3 1 0
github.com/puente-labs/noise/internal/app/editor.go:575.2,579.8 1 0
github.com/puente-labs/noise/internal/app/integrated_editor.go:44.28,46.34 1 0
github.com/puente-labs/noise/internal/app/integrated_editor.go:46.34,48.3 1 0
github.com/puente-labs/noise/internal/app/integrated_editor.go:50.2,55.3 1 0
github.com/puente-labs/noise/internal/app/integrated_editor.go:59.91,60.20 1 0
github.com/puente-labs/noise/internal/app/integrated_editor.go:60.20,62.3 1 0
github.com/puente-labs/noise/internal/app/integrated_editor.go:65.2,66.16 2 0
github.com/puente-labs/noise/internal/app/integrated_editor.go:66.16,68.92 1 0
github.com/puente-labs/noise/internal/app/integrated_editor.go:68.92,80.62 2 0
github.com/puente-labs/noise/internal/app/integrated_editor.go:80.62,82.5 1 0
github.com/puente-labs/noise/internal/app/integrated_editor.go:84.4,85.20 2 0
github.com/puente-labs/noise/internal/app/integrated_editor.go:88.3,88.67 1 0
github.com/puente-labs/noise/internal/app/integrated_editor.go:92.2,92.29 1 0
github.com/puente-labs/noise/internal/app/integrated_editor.go:92.29,93.52 1 0
github.com/puente-labs/noise/internal/app/integrated_editor.go:93.52,96.4 1 0
github.com/puente-labs/noise/internal/app/integrated_editor.go:99.2,99.18 1 0
github.com/puente-labs/noise/internal/app/integrated_editor.go:103.69,104.17 1 0
github.com/puente-labs/noise/internal/app/integrated_editor.go:104.17,106.3 1 0
github.com/puente-labs/noise/internal/app/integrated_editor.go:109.2,112.65 2 0
github.com/puente-labs/noise/internal/app/integrated_editor.go:112.65,114.3 1 0
github.com/puente-labs/noise/internal/app/integrated_editor.go:117.2,117.27 1 0
github.com/puente-labs/noise/internal/app/integrated_editor.go:117.27,118.64 1 0
github.com/puente-labs/noise/internal/app/integrated_editor.go:118.64,120.4 1 0
github.com/puente-labs/noise/internal/app/integrated_editor.go:124.2,124.29 1 0
github.com/puente-labs/noise/internal/app/integrated_editor.go:124.29,125.52 1 0
github.com/puente-labs/noise/internal/app/integrated_editor.go:125.52,127.4 1 0
github.com/puente-labs/noise/internal/app/integrated_editor.go:131.2,131.29 1 0
github.com/puente-labs/noise/internal/app/integrated_editor.go:131.29,135.92 3 0
github.com/puente-labs/noise/internal/app/integrated_editor.go:135.92,137.4 1 0
github.com/puente-labs/noise/internal/app/integrated_editor.go:140.2,141.12 2 0
github.com/puente-labs/noise/internal/app/integrated_editor.go:145.69,146.20 1 0
github.com/puente-labs/noise/internal/app/integrated_editor.go:146.20,148.3 1 0
github.com/puente-labs/noise/internal/app/integrated_editor.go:151.2,151.56 1 0
github.com/puente-labs/noise/internal/app/integrated_editor.go:151.56,153.3 1 0
github.com/puente-labs/noise/internal/app/integrated_editor.go:156.2,156.29 1 0
github.com/puente-labs/noise/internal/app/integrated_editor.go:156.29,158.85 1 0
github.com/puente-labs/noise/internal/app/integrated_editor.go:158.85,159.57 1 0
github.com/puente-labs/noise/internal/app/integrated_editor.go:159.57,161.5 1 0
github.com/puente-labs/noise/internal/app/integrated_editor.go:165.2,166.12 2 0
github.com/puente-labs/noise/internal/app/integrated_editor.go:170.71,175.16 3 0
github.com/puente-labs/noise/internal/app/integrated_editor.go:175.16,177.3 1 0
github.com/puente-labs/noise/internal/app/integrated_editor.go:177.8,178.34 1 0
github.com/puente-labs/noise/internal/app/integrated_editor.go:178.34,179.58 1 0
github.com/puente-labs/noise/internal/app/integrated_editor.go:179.58,181.5 1 0
github.com/puente-labs/noise/internal/app/integrated_editor.go:186.2,186.29 1 0
github.com/puente-labs/noise/internal/app/integrated_editor.go:186.29,189.17 3 0
github.com/puente-labs/noise/internal/app/integrated_editor.go:189.17,191.4 1 0
github.com/puente-labs/noise/internal/app/integrated_editor.go:191.9,192.33 1 0
github.com/puente-labs/noise/internal/app/integrated_editor.go:192.33,195.40 2 0
github.com/puente-labs/noise/internal/app/integrated_editor.go:195.40,196.36 1 0
github.com/puente-labs/noise/internal/app/integrated_editor.go:196.36,198.12 2 0
github.com/puente-labs/noise/internal/app/integrated_editor.go:202.5,202.15 1 0
github.com/puente-labs/noise/internal/app/integrated_editor.go:202.15,204.6 1 0
github.com/puente-labs/noise/internal/app/integrated_editor.go:209.2,209.19 1 0
github.com/puente-labs/noise/internal/app/integrated_editor.go:213.71,214.20 1 0
github.com/puente-labs/noise/internal/app/integrated_editor.go:214.20,216.3 1 0
github.com/puente-labs/noise/internal/app/integrated_editor.go:218.2,219.16 2 0
github.com/puente-labs/noise/internal/app/integrated_editor.go:219.16,221.3 1 0
github.com/puente-labs/noise/internal/app/integrated_editor.go:223.2,223.35 1 0
github.com/puente-labs/noise/internal/app/integrated_editor.go:227.81,228.17 1 0
github.com/puente-labs/noise/internal/app/integrated_editor.go:228.17,230.3 1 0
github.com/puente-labs/noise/internal/app/integrated_editor.go:231.2,231.20 1 0
github.com/puente-labs/noise/internal/app/integrated_editor.go:231.20,233.3 1 0
github.com/puente-labs/noise/internal/app/integrated_editor.go:235.2,236.16 2 0
github.com/puente-labs/noise/internal/app/integrated_editor.go:236.16,238.3 1 0
github.com/puente-labs/noise/internal/app/integrated_editor.go:240.2,241.44 2 0
github.com/puente-labs/noise/internal/app/integrated_editor.go:245.83,246.20 1 0
github.com/puente-labs/noise/internal/app/integrated_editor.go:246.20,248.3 1 0
github.com/puente-labs/noise/internal/app/integrated_editor.go:250.2,256.16 3 0
github.com/puente-labs/noise/internal/app/integrated_editor.go:256.16,258.3 1 0
github.com/puente-labs/noise/internal/app/integrated_editor.go:259.2,262.60 2 0
github.com/puente-labs/noise/internal/app/integrated_editor.go:262.60,265.3 2 0
github.com/puente-labs/noise/internal/app/integrated_editor.go:268.2,268.29 1 0
github.com/puente-labs/noise/internal/app/integrated_editor.go:268.29,269.89 1 0
github.com/puente-labs/noise/internal/app/integrated_editor.go:269.89,272.4 2 0
github.com/puente-labs/noise/internal/app/integrated_editor.go:275.2,275.18 1 0
github.com/puente-labs/noise/internal/app/integrated_editor.go:289.79,292.39 2 0
github.com/puente-labs/noise/internal/app/integrated_editor.go:292.39,296.3 2 0
github.com/puente-labs/noise/internal/app/integrated_editor.go:299.2,300.16 2 0
github.com/puente-labs/noise/internal/app/integrated_editor.go:300.16,302.3 1 0
github.com/puente-labs/noise/internal/app/integrated_editor.go:305.2,306.12 2 0
github.com/puente-labs/noise/internal/app/integrated_editor.go:310.80,318.2 6 0
github.com/puente-labs/noise/internal/app/theory.go:53.40,56.68 2 1
github.com/puente-labs/noise/internal/app/theory.go:56.69,59.3 0 1
github.com/puente-labs/noise/internal/app/theory.go:61.2,63.3 1 1
github.com/puente-labs/noise/internal/app/theory.go:67.82,69.16 2 0
github.com/puente-labs/noise/internal/app/theory.go:69.16,71.3 1 0
github.com/puente-labs/noise/internal/app/theory.go:72.2,72.29 1 0
github.com/puente-labs/noise/internal/app/theory.go:76.88,97.13 5 0
github.com/puente-labs/noise/internal/app/theory.go:97.13,99.3 1 0
github.com/puente-labs/noise/internal/app/theory.go:102.2,106.29 3 0
github.com/puente-labs/noise/internal/app/theory.go:106.29,107.55 1 0
github.com/puente-labs/noise/internal/app/theory.go:107.55,109.9 2 0
github.com/puente-labs/noise/internal/app/theory.go:113.2,113.21 1 0
github.com/puente-labs/noise/internal/app/theory.go:113.21,115.3 1 0
github.com/puente-labs/noise/internal/app/theory.go:118.2,127.35 4 0
github.com/puente-labs/noise/internal/app/theory.go:127.35,131.3 3 0
github.com/puente-labs/noise/internal/app/theory.go:133.2,140.8 2 0
github.com/puente-labs/noise/internal/app/theory.go:144.83,146.16 2 0
github.com/puente-labs/noise/internal/app/theory.go:146.16,148.3 1 0
github.com/puente-labs/noise/internal/app/theory.go:149.2,149.29 1 0
github.com/puente-labs/noise/internal/app/theory.go:153.89,189.13 5 0
github.com/puente-labs/noise/internal/app/theory.go:189.13,191.3 1 0
github.com/puente-labs/noise/internal/app/theory.go:194.2,198.29 3 0
github.com/puente-labs/noise/internal/app/theory.go:198.29,199.19 1 0
github.com/puente-labs/noise/internal/app/theory.go:199.19,201.9 2 0
github.com/puente-labs/noise/internal/app/theory.go:205.2,205.21 1 0
github.com/puente-labs/noise/internal/app/theory.go:205.21,207.3 1 0
github.com/puente-labs/noise/internal/app/theory.go:210.2,220.45 4 0
github.com/puente-labs/noise/internal/app/theory.go:220.45,224.3 3 0
github.com/puente-labs/noise/internal/app/theory.go:226.2,232.8 1 0
github.com/puente-labs/noise/internal/app/theory.go:236.86,238.16 2 0
github.com/puente-labs/noise/internal/app/theory.go:238.16,240.3 1 0
github.com/puente-labs/noise/internal/app/theory.go:241.2,241.36 1 0
github.com/puente-labs/noise/internal/app/theory.go:253.98,287.13 6 0
github.com/puente-labs/noise/internal/app/theory.go:287.13,289.3 1 0
github.com/puente-labs/noise/internal/app/theory.go:292.2,299.8 2 0
github.com/puente-labs/noise/internal/app/theory.go:303.84,321.13 3 0
github.com/puente-labs/noise/internal/app/theory.go:321.13,324.3 1 0
github.com/puente-labs/noise/internal/app/theory.go:326.2,337.38 3 0
github.com/puente-labs/noise/internal/app/theory.go:337.38,338.74 1 0
github.com/puente-labs/noise/internal/app/theory.go:338.74,340.4 1 0
github.com/puente-labs/noise/internal/app/theory.go:340.9,342.4 1 0
github.com/puente-labs/noise/internal/app/theory.go:345.2,345.15 1 0
github.com/puente-labs/noise/internal/app/theory.go:349.77,360.32 6 0
github.com/puente-labs/noise/internal/app/theory.go:360.32,361.22 1 0
github.com/puente-labs/noise/internal/app/theory.go:361.22,366.40 4 0
github.com/puente-labs/noise/internal/app/theory.go:366.40,368.5 1 0
github.com/puente-labs/noise/internal/app/theory.go:370.4,370.40 1 0
github.com/puente-labs/noise/internal/app/theory.go:370.40,372.5 1 0
github.com/puente-labs/noise/internal/app/theory.go:375.4,375.25 1 0
github.com/puente-labs/noise/internal/app/theory.go:375.25,377.5 1 0
github.com/puente-labs/noise/internal/app/theory.go:377.10,377.32 1 0
github.com/puente-labs/noise/internal/app/theory.go:377.32,379.5 1 0
github.com/puente-labs/noise/internal/app/theory.go:382.4,382.19 1 0
github.com/puente-labs/noise/internal/app/theory.go:383.20,384.22 1 0
github.com/puente-labs/noise/internal/app/theory.go:385.20,386.22 1 0
github.com/puente-labs/noise/internal/app/theory.go:387.14,388.20 1 0
github.com/puente-labs/noise/internal/app/theory.go:389.14,390.25 1 0
github.com/puente-labs/noise/internal/app/theory.go:391.12,392.41 1 0
github.com/puente-labs/noise/internal/app/theory.go:392.41,394.6 1 0
github.com/puente-labs/noise/internal/app/theory.go:394.11,394.82 1 0
github.com/puente-labs/noise/internal/app/theory.go:394.82,396.6 1 0
github.com/puente-labs/noise/internal/app/theory.go:400.4,401.18 2 0
github.com/puente-labs/noise/internal/app/theory.go:401.18,404.5 2 0
github.com/puente-labs/noise/internal/app/theory.go:409.2,410.24 2 0
github.com/puente-labs/noise/internal/app/theory.go:410.24,412.3 1 0
github.com/puente-labs/noise/internal/app/theory.go:413.2,416.29 2 0
github.com/puente-labs/noise/internal/app/theory.go:416.29,418.28 2 0
github.com/puente-labs/noise/internal/app/theory.go:418.28,420.4 1 0
github.com/puente-labs/noise/internal/app/theory.go:421.8,423.3 1 0
github.com/puente-labs/noise/internal/app/theory.go:425.2,429.8 1 0
github.com/puente-labs/noise/internal/app/theory.go:433.75,481.16 3 0
github.com/puente-labs/noise/internal/app/theory.go:481.16,483.3 1 0
github.com/puente-labs/noise/internal/app/theory.go:486.2,498.29 3 0
github.com/puente-labs/noise/internal/app/theory.go:498.29,499.28 1 0
github.com/puente-labs/noise/internal/app/theory.go:499.28,502.37 3 0
github.com/puente-labs/noise/internal/app/theory.go:502.37,505.5 2 0
github.com/puente-labs/noise/internal/app/theory.go:506.4,506.26 1 0
github.com/puente-labs/noise/internal/app/theory.go:510.2,510.19 1 0
github.com/puente-labs/noise/internal/app/theory.go:514.56,533.34 3 0
github.com/puente-labs/noise/internal/app/theory.go:533.34,535.17 2 0
github.com/puente-labs/noise/internal/app/theory.go:535.17,538.4 2 0
github.com/puente-labs/noise/internal/app/theory.go:541.2,541.15 1 0
github.com/puente-labs/noise/internal/app/theory.go:545.67,547.52 1 1
github.com/puente-labs/noise/internal/app/theory.go:547.52,549.3 1 1
github.com/puente-labs/noise/internal/app/theory.go:552.2,573.47 3 1
github.com/puente-labs/noise/internal/app/theory.go:573.47,575.3 1 1
github.com/puente-labs/noise/internal/app/theory.go:578.2,578.24 1 0
github.com/puente-labs/noise/internal/app/theory.go:582.66,584.52 1 1
github.com/puente-labs/noise/internal/app/theory.go:584.52,586.3 1 1
github.com/puente-labs/noise/internal/app/theory.go:589.2,593.28 4 1
github.com/puente-labs/noise/internal/app/theory.go:593.28,595.32 2 1
github.com/puente-labs/noise/internal/app/theory.go:595.32,596.21 1 1
github.com/puente-labs/noise/internal/app/theory.go:596.21,598.10 2 1
github.com/puente-labs/noise/internal/app/theory.go:602.3,602.31 1 1
github.com/puente-labs/noise/internal/app/theory.go:602.31,604.4 1 1
github.com/puente-labs/noise/internal/app/theory.go:605.3,605.25 1 1
github.com/puente-labs/noise/internal/app/theory.go:609.2,609.64 1 1
github.com/puente-labs/noise/internal/app/theory.go:609.64,611.3 1 1
github.com/puente-labs/noise/internal/app/theory.go:613.2,613.20 1 1
github.com/puente-labs/noise/internal/app/theory.go:613.20,615.3 1 0
github.com/puente-labs/noise/internal/app/theory.go:617.2,617.23 1 1
github.com/puente-labs/noise/internal/app/theory.go:621.66,623.52 1 1
github.com/puente-labs/noise/internal/app/theory.go:623.52,625.3 1 1
github.com/puente-labs/noise/internal/app/theory.go:628.2,631.29 3 1
github.com/puente-labs/noise/internal/app/theory.go:631.29,634.3 2 1
github.com/puente-labs/noise/internal/app/theory.go:636.2,636.27 1 1
github.com/puente-labs/noise/internal/app/theory.go:640.71,641.52 1 1
github.com/puente-labs/noise/internal/app/theory.go:641.52,643.3 1 1
github.com/puente-labs/noise/internal/app/theory.go:645.2,645.63 1 0
github.com/puente-labs/noise/internal/app/theory.go:649.56,650.52 1 1
github.com/puente-labs/noise/internal/app/theory.go:650.52,652.3 1 1
github.com/puente-labs/noise/internal/app/theory.go:655.2,655.38 1 0
github.com/puente-labs/noise/internal/app/theory.go:659.82,660.52 1 1
github.com/puente-labs/noise/internal/app/theory.go:660.52,662.3 1 1
github.com/puente-labs/noise/internal/app/theory.go:664.2,664.56 1 0
github.com/puente-labs/noise/internal/app/theory.go:668.93,669.52 1 1
github.com/puente-labs/noise/internal/app/theory.go:669.52,671.3 1 1
github.com/puente-labs/noise/internal/app/theory.go:673.2,673.56 1 0
github.com/puente-labs/noise/internal/app/ai/context_aware_prompts.go:17.52,24.2 1 1
github.com/puente-labs/noise/internal/app/ai/context_aware_prompts.go:27.46,235.2 12 1
github.com/puente-labs/noise/internal/app/ai/context_aware_prompts.go:238.95,239.21 1 1
github.com/puente-labs/noise/internal/app/ai/context_aware_prompts.go:240.25,241.55 1 1
github.com/puente-labs/noise/internal/app/ai/context_aware_prompts.go:241.55,243.4 1 1
github.com/puente-labs/noise/internal/app/ai/context_aware_prompts.go:244.27,245.57 1 1
github.com/puente-labs/noise/internal/app/ai/context_aware_prompts.go:245.57,247.4 1 1
github.com/puente-labs/noise/internal/app/ai/context_aware_prompts.go:248.24,249.55 1 1
github.com/puente-labs/noise/internal/app/ai/context_aware_prompts.go:249.55,251.4 1 1
github.com/puente-labs/noise/internal/app/ai/context_aware_prompts.go:255.2,255.36 1 1
github.com/puente-labs/noise/internal/app/ai/context_aware_prompts.go:259.78,260.14 1 1
github.com/puente-labs/noise/internal/app/ai/context_aware_prompts.go:261.28,270.16 1 1
github.com/puente-labs/noise/internal/app/ai/context_aware_prompts.go:272.26,280.9 1 1
github.com/puente-labs/noise/internal/app/ai/context_aware_prompts.go:282.26,291.7 1 1
github.com/puente-labs/noise/internal/app/ai/context_aware_prompts.go:293.26,300.22 1 1
github.com/puente-labs/noise/internal/app/ai/context_aware_prompts.go:302.10,303.47 1 1
github.com/puente-labs/noise/internal/app/ai/context_aware_prompts.go:308.141,311.18 2 1
github.com/puente-labs/noise/internal/app/ai/context_aware_prompts.go:311.18,313.3 1 0
github.com/puente-labs/noise/internal/app/ai/context_aware_prompts.go:315.2,315.14 1 1
github.com/puente-labs/noise/internal/app/ai/context_aware_prompts.go:316.26,318.18 2 1
github.com/puente-labs/noise/internal/app/ai/context_aware_prompts.go:318.18,320.4 1 0
github.com/puente-labs/noise/internal/app/ai/context_aware_prompts.go:321.3,321.36 1 1
github.com/puente-labs/noise/internal/app/ai/context_aware_prompts.go:322.46,323.57 1 1
github.com/puente-labs/noise/internal/app/ai/context_aware_prompts.go:324.10,325.57 1 1
github.com/puente-labs/noise/internal/app/ai/context_aware_prompts.go:330.91,331.21 1 1
github.com/puente-labs/noise/internal/app/ai/context_aware_prompts.go:332.25,333.66 1 1
github.com/puente-labs/noise/internal/app/ai/context_aware_prompts.go:334.27,335.73 1 1
github.com/puente-labs/noise/internal/app/ai/context_aware_prompts.go:336.24,337.66 1 1
github.com/puente-labs/noise/internal/app/ai/context_aware_prompts.go:338.26,339.68 1 1
github.com/puente-labs/noise/internal/app/ai/context_aware_prompts.go:340.10,341.39 1 0
github.com/puente-labs/noise/internal/app/ai/context_aware_prompts.go:346.79,347.14 1 1
github.com/puente-labs/noise/internal/app/ai/context_aware_prompts.go:348.28,349.69 1 1
github.com/puente-labs/noise/internal/app/ai/context_aware_prompts.go:350.26,351.68 1 1
github.com/puente-labs/noise/internal/app/ai/context_aware_prompts.go:352.26,353.63 1 1
github.com/puente-labs/noise/internal/app/ai/context_aware_prompts.go:354.26,355.68 1 1
github.com/puente-labs/noise/internal/app/ai/context_aware_prompts.go:356.10,357.25 1 0
github.com/puente-labs/noise/internal/app/ai/context_detector.go:29.44,70.2 4 1
github.com/puente-labs/noise/internal/app/ai/context_detector.go:73.71,74.19 1 1
github.com/puente-labs/noise/internal/app/ai/context_detector.go:74.19,76.3 1 1
github.com/puente-labs/noise/internal/app/ai/context_detector.go:78.2,79.21 2 1
github.com/puente-labs/noise/internal/app/ai/context_detector.go:79.21,81.3 1 0
github.com/puente-labs/noise/internal/app/ai/context_detector.go:84.2,87.27 3 1
github.com/puente-labs/noise/internal/app/ai/context_detector.go:87.27,89.3 1 0
github.com/puente-labs/noise/internal/app/ai/context_detector.go:92.2,96.35 4 1
github.com/puente-labs/noise/internal/app/ai/context_detector.go:96.35,98.17 2 1
github.com/puente-labs/noise/internal/app/ai/context_detector.go:98.17,99.12 1 1
github.com/puente-labs/noise/internal/app/ai/context_detector.go:103.3,103.44 1 1
github.com/puente-labs/noise/internal/app/ai/context_detector.go:103.44,104.33 1 1
github.com/puente-labs/noise/internal/app/ai/context_detector.go:104.33,106.10 2 1
github.com/puente-labs/noise/internal/app/ai/context_detector.go:111.3,111.46 1 1
github.com/puente-labs/noise/internal/app/ai/context_detector.go:111.46,112.33 1 1
github.com/puente-labs/noise/internal/app/ai/context_detector.go:112.33,114.10 2 1
github.com/puente-labs/noise/internal/app/ai/context_detector.go:120.2,124.42 3 1
github.com/puente-labs/noise/internal/app/ai/context_detector.go:124.42,126.3 1 1
github.com/puente-labs/noise/internal/app/ai/context_detector.go:128.2,128.44 1 1
github.com/puente-labs/noise/internal/app/ai/context_detector.go:128.44,130.3 1 1
github.com/puente-labs/noise/internal/app/ai/context_detector.go:132.2,132.44 1 1
github.com/puente-labs/noise/internal/app/ai/context_detector.go:132.44,134.3 1 1
github.com/puente-labs/noise/internal/app/ai/context_detector.go:137.2,137.74 1 1
github.com/puente-labs/noise/internal/app/ai/context_detector.go:137.74,139.3 1 1
github.com/puente-labs/noise/internal/app/ai/context_detector.go:142.2,142.31 1 1
github.com/puente-labs/noise/internal/app/ai/context_detector.go:142.31,144.3 1 1
github.com/puente-labs/noise/internal/app/ai/context_detector.go:146.2,146.28 1 1
github.com/puente-labs/noise/internal/app/ai/context_detector.go:150.80,151.19 1 1
github.com/puente-labs/noise/internal/app/ai/context_detector.go:151.19,157.3 1 0
github.com/puente-labs/noise/internal/app/ai/context_detector.go:159.2,160.21 2 1
github.com/puente-labs/noise/internal/app/ai/context_detector.go:160.21,166.3 1 0
github.com/puente-labs/noise/internal/app/ai/context_detector.go:169.2,172.27 3 1
github.com/puente-labs/noise/internal/app/ai/context_detector.go:172.27,178.3 1 0
github.com/puente-labs/noise/internal/app/ai/context_detector.go:181.2,188.35 7 1
github.com/puente-labs/noise/internal/app/ai/context_detector.go:188.35,190.17 2 1
github.com/puente-labs/noise/internal/app/ai/context_detector.go:190.17,192.12 2 1
github.com/puente-labs/noise/internal/app/ai/context_detector.go:196.3,196.44 1 1
github.com/puente-labs/noise/internal/app/ai/context_detector.go:196.44,197.33 1 1
github.com/puente-labs/noise/internal/app/ai/context_detector.go:197.33,200.10 3 1
github.com/puente-labs/noise/internal/app/ai/context_detector.go:205.3,205.46 1 1
github.com/puente-labs/noise/internal/app/ai/context_detector.go:205.46,206.33 1 1
github.com/puente-labs/noise/internal/app/ai/context_detector.go:206.33,209.10 3 1
github.com/puente-labs/noise/internal/app/ai/context_detector.go:215.2,222.21 5 1
github.com/puente-labs/noise/internal/app/ai/context_detector.go:223.25,224.26 1 1
[...]
github.com/puente-labs/noise/test/test_collaboration_framework.go:46.40,48.4 1 0
github.com/puente-labs/noise/test/test_collaboration_framework.go:49.40,51.4 1 0
github.com/puente-labs/noise/test/test_collaboration_framework.go:52.80,54.4 1 0
github.com/puente-labs/noise/test/test_collaboration_framework.go:55.80,57.4 1 0
github.com/puente-labs/noise/test/test_collaboration_framework.go:61.2,61.44 1 0
github.com/puente-labs/noise/test/test_collaboration_framework.go:61.44,70.17 3 0
github.com/puente-labs/noise/test/test_collaboration_framework.go:70.17,72.4 1 0
github.com/puente-labs/noise/test/test_collaboration_framework.go:74.3,74.42 1 0
github.com/puente-labs/noise/test/test_collaboration_framework.go:74.42,76.4 1 0
github.com/puente-labs/noise/test/test_collaboration_framework.go:78.3,78.24 1 0
github.com/puente-labs/noise/test/test_collaboration_framework.go:78.24,80.4 1 0
github.com/puente-labs/noise/test/test_collaboration_framework.go:83.3,83.90 1 0
github.com/puente-labs/noise/test/test_collaboration_framework.go:83.90,85.4 1 0
github.com/puente-labs/noise/test/test_collaboration_framework.go:89.2,89.42 1 0
github.com/puente-labs/noise/test/test_collaboration_framework.go:89.42,91.17 2 0
github.com/puente-labs/noise/test/test_collaboration_framework.go:91.17,93.4 1 0
github.com/puente-labs/noise/test/test_collaboration_framework.go:95.3,95.32 1 0
github.com/puente-labs/noise/test/test_collaboration_framework.go:95.32,97.4 1 0
github.com/puente-labs/noise/test/test_collaboration_framework.go:100.3,101.17 2 0
github.com/puente-labs/noise/test/test_collaboration_framework.go:101.17,103.4 1 0
github.com/puente-labs/noise/test/test_collaboration_framework.go:105.3,105.29 1 0
github.com/puente-labs/noise/test/test_collaboration_framework.go:105.29,107.4 1 0
github.com/puente-labs/noise/test/test_collaboration_framework.go:109.3,110.41 2 0
github.com/puente-labs/noise/test/test_collaboration_framework.go:110.41,112.4 1 0
github.com/puente-labs/noise/test/test_collaboration_framework.go:114.3,114.51 1 0
github.com/puente-labs/noise/test/test_collaboration_framework.go:114.51,116.4 1 0
github.com/puente-labs/noise/test/test_collaboration_framework.go:119.3,120.47 2 0
github.com/puente-labs/noise/test/test_collaboration_framework.go:120.47,122.4 1 0
github.com/puente-labs/noise/test/test_collaboration_framework.go:126.2,126.43 1 0
github.com/puente-labs/noise/test/test_collaboration_framework.go:126.43,130.14 3 0
github.com/puente-labs/noise/test/test_collaboration_framework.go:130.14,132.4 1 0
github.com/puente-labs/noise/test/test_collaboration_framework.go:134.3,134.52 1 0
github.com/puente-labs/noise/test/test_collaboration_framework.go:134.52,136.4 1 0
github.com/puente-labs/noise/test/test_collaboration_framework.go:138.3,138.45 1 0
github.com/puente-labs/noise/test/test_collaboration_framework.go:138.45,140.4 1 0
github.com/puente-labs/noise/test/test_collaboration_framework.go:143.3,144.53 2 0
github.com/puente-labs/noise/test/test_collaboration_framework.go:144.53,146.4 1 0
github.com/puente-labs/noise/test/test_collaboration_framework.go:148.3,148.33 1 0
github.com/puente-labs/noise/test/test_collaboration_framework.go:148.33,150.4 1 0
github.com/puente-labs/noise/test/test_collaboration_framework.go:154.2,154.49 1 0
github.com/puente-labs/noise/test/test_collaboration_framework.go:154.49,182.26 5 0
github.com/puente-labs/noise/test/test_collaboration_framework.go:182.26,184.4 1 0
github.com/puente-labs/noise/test/test_collaboration_framework.go:187.3,187.25 1 0
github.com/puente-labs/noise/test/test_collaboration_framework.go:187.25,190.18 3 0
github.com/puente-labs/noise/test/test_collaboration_framework.go:190.18,192.5 1 0
github.com/puente-labs/noise/test/test_collaboration_framework.go:194.4,194.38 1 0
github.com/puente-labs/noise/test/test_collaboration_framework.go:194.38,196.5 1 0
github.com/puente-labs/noise/test/test_collaboration_framework.go:198.4,198.36 1 0
github.com/puente-labs/noise/test/test_collaboration_framework.go:198.36,200.5 1 0
github.com/puente-labs/noise/test/test_collaboration_framework.go:205.2,205.49 1 0
github.com/puente-labs/noise/test/test_collaboration_framework.go:205.49,215.35 2 0
github.com/puente-labs/noise/test/test_collaboration_framework.go:215.35,217.4 1 0
github.com/puente-labs/noise/test/test_collaboration_framework.go:219.3,219.50 1 0
github.com/puente-labs/noise/test/test_collaboration_framework.go:219.50,221.4 1 0
github.com/puente-labs/noise/test/test_collaboration_framework.go:224.3,225.17 2 0
github.com/puente-labs/noise/test/test_collaboration_framework.go:225.17,227.4 1 0
github.com/puente-labs/noise/test/test_collaboration_framework.go:229.3,229.25 1 0
github.com/puente-labs/noise/test/test_collaboration_framework.go:229.25,231.4 1 0
github.com/puente-labs/noise/test/test_collaboration_framework.go:234.3,235.28 2 0
github.com/puente-labs/noise/test/test_collaboration_framework.go:235.28,237.4 1 0
github.com/puente-labs/noise/test/test_collaboration_framework.go:241.2,241.48 1 0
github.com/puente-labs/noise/test/test_collaboration_framework.go:241.48,244.31 2 0
github.com/puente-labs/noise/test/test_collaboration_framework.go:244.31,246.4 1 0
github.com/puente-labs/noise/test/test_collaboration_framework.go:249.3,250.29 2 0
github.com/puente-labs/noise/test/test_collaboration_framework.go:250.29,252.4 1 0
github.com/puente-labs/noise/test/test_collaboration_framework.go:255.3,256.17 2 0
github.com/puente-labs/noise/test/test_collaboration_framework.go:256.17,258.4 1 0
github.com/puente-labs/noise/test/test_collaboration_framework.go:261.3,262.17 2 0
github.com/puente-labs/noise/test/test_collaboration_framework.go:262.17,264.4 1 0
github.com/puente-labs/noise/test/test_collaboration_framework.go:266.3,266.29 1 0
github.com/puente-labs/noise/test/test_collaboration_framework.go:266.29,268.4 1 0
github.com/puente-labs/noise/test/test_collaboration_framework.go:272.2,272.44 1 0
github.com/puente-labs/noise/test/test_collaboration_framework.go:272.44,286.17 5 0
github.com/puente-labs/noise/test/test_collaboration_framework.go:286.17,288.4 1 0
github.com/puente-labs/noise/test/test_collaboration_framework.go:290.3,290.38 1 0
github.com/puente-labs/noise/test/test_collaboration_framework.go:290.38,292.4 1 0
github.com/puente-labs/noise/test/test_collaboration_framework.go:295.3,301.14 3 0
github.com/puente-labs/noise/test/test_collaboration_framework.go:301.14,303.4 1 0
github.com/puente-labs/noise/test/test_collaboration_framework.go:305.3,305.48 1 0
github.com/puente-labs/noise/test/test_collaboration_framework.go:305.48,307.4 1 0
github.com/puente-labs/noise/test/test_collaboration_framework.go:311.2,311.38 1 0
github.com/puente-labs/noise/test/test_collaboration_framework.go:311.38,314.32 2 0
github.com/puente-labs/noise/test/test_collaboration_framework.go:314.32,316.4 1 0
github.com/puente-labs/noise/test/test_collaboration_framework.go:319.3,320.35 2 0
github.com/puente-labs/noise/test/test_collaboration_framework.go:320.35,322.4 1 0
github.com/puente-labs/noise/test/test_collaboration_framework.go:325.3,326.17 2 0
github.com/puente-labs/noise/test/test_collaboration_framework.go:326.17,328.4 1 0
github.com/puente-labs/noise/test/test_collaboration_framework.go:330.3,331.17 2 0
github.com/puente-labs/noise/test/test_collaboration_framework.go:331.17,333.4 1 0
github.com/puente-labs/noise/test/test_collaboration_framework.go:337.2,344.63 7 0
github.com/puente-labs/noise/test/test_collaboration_framework.go:350.50,352.2 1 0
github.com/puente-labs/noise/test/test_collaboration_framework.go:354.113,365.2 2 0
github.com/puente-labs/noise/test/test_export.go:10.42,20.29 2 0
github.com/puente-labs/noise/test/test_export.go:20.29,21.50 1 0
github.com/puente-labs/noise/test/test_export.go:21.50,23.4 1 0
github.com/puente-labs/noise/test/test_export.go:28.44,33.33 2 0
github.com/puente-labs/noise/test/test_export.go:33.33,34.19 1 0
github.com/puente-labs/noise/test/test_export.go:34.19,36.4 1 0
github.com/puente-labs/noise/test/test_export.go:37.3,37.13 1 0
github.com/puente-labs/noise/test/test_export.go:42.42,56.20 3 0
github.com/puente-labs/noise/test/test_export.go:56.20,58.3 1 0
github.com/puente-labs/noise/test/test_export.go:61.2,62.20 2 0
github.com/puente-labs/noise/test/test_export.go:62.20,64.3 1 0
github.com/puente-labs/noise/test/test_export.go:67.2,68.73 2 0
github.com/puente-labs/noise/test/test_export.go:68.73,70.3 1 0
github.com/puente-labs/noise/test/test_export.go:74.43,78.29 3 0
github.com/puente-labs/noise/test/test_export.go:78.29,97.17 13 0
github.com/puente-labs/noise/test/test_export.go:97.17,99.4 1 0
github.com/puente-labs/noise/test/test_export.go:102.2,102.39 1 0
github.com/puente-labs/noise/test/test_export.go:106.39,112.16 4 0
github.com/puente-labs/noise/test/test_export.go:112.16,114.3 1 0
github.com/puente-labs/noise/test/test_export.go:117.2,118.16 2 0
github.com/puente-labs/noise/test/test_export.go:118.16,120.3 1 0
github.com/puente-labs/noise/test/test_export.go:122.2,122.36 1 0
github.com/puente-labs/noise/test/test_export.go:122.36,124.3 1 0
github.com/puente-labs/noise/test/test_export.go:127.2,127.21 1 0
github.com/puente-labs/noise/test/test_export.go:131.52,138.16 2 0
github.com/puente-labs/noise/test/test_export.go:138.16,140.3 1 0
github.com/puente-labs/noise/test/test_export.go:142.2,145.45 2 0
github.com/puente-labs/noise/test/test_export.go:145.45,147.3 1 0
github.com/puente-labs/noise/test/test_export.go:149.2,149.51 1 0
github.com/puente-labs/noise/test/test_export.go:149.51,151.3 1 0
github.com/puente-labs/noise/test/test_export.go:155.40,157.16 2 0
github.com/puente-labs/noise/test/test_export.go:157.16,159.3 1 0
github.com/puente-labs/noise/test/test_export.go:161.2,164.45 2 0
github.com/puente-labs/noise/test/test_export.go:164.45,166.3 1 0
github.com/puente-labs/noise/test/test_export.go:168.2,168.58 1 0
github.com/puente-labs/noise/test/test_export.go:168.58,170.3 1 0
github.com/puente-labs/noise/test/test_export.go:174.41,187.33 2 0
github.com/puente-labs/noise/test/test_export.go:187.33,188.39 1 0
github.com/puente-labs/noise/test/test_export.go:188.39,192.75 1 0
github.com/puente-labs/noise/test/test_export.go:192.75,194.5 1 0
github.com/puente-labs/noise/test/test_export.go:196.4,196.50 1 0
github.com/puente-labs/noise/test/test_export.go:196.50,198.5 1 0
github.com/puente-labs/noise/test/test_export.go:204.39,217.46 3 0
github.com/puente-labs/noise/test/test_export.go:217.46,219.3 1 0
github.com/puente-labs/noise/test/test_export.go:222.2,223.44 2 0
github.com/puente-labs/noise/test/test_export.go:223.44,225.3 1 0
github.com/puente-labs/noise/test/test_export.go:228.2,229.49 2 0
github.com/puente-labs/noise/test/test_export.go:229.49,231.3 1 0
github.com/puente-labs/noise/test/test_export.go:235.46,239.2 1 0
github.com/puente-labs/noise/test/test_export.go:242.51,249.2 5 0
github.com/puente-labs/noise/test/test_export.go:252.46,258.2 1 0
github.com/puente-labs/noise/test/test_export.go:261.47,286.27 3 0
github.com/puente-labs/noise/test/test_export.go:286.27,297.3 6 0
github.com/puente-labs/noise/test/test_export_formats.go:12.39,15.16 2 0
github.com/puente-labs/noise/test/test_export_formats.go:15.16,17.3 1 0
github.com/puente-labs/noise/test/test_export_formats.go:18.2,45.16 5 0
github.com/puente-labs/noise/test/test_export_formats.go:45.16,47.3 1 0
github.com/puente-labs/noise/test/test_export_formats.go:50.2,50.55 1 0
github.com/puente-labs/noise/test/test_export_formats.go:50.55,52.3 1 0
github.com/puente-labs/noise/test/test_export_formats.go:55.2,55.39 1 0
github.com/puente-labs/noise/test/test_export_formats.go:55.39,57.3 1 0
github.com/puente-labs/noise/test/test_export_formats.go:60.2,61.16 2 0
github.com/puente-labs/noise/test/test_export_formats.go:61.16,63.3 1 0
github.com/puente-labs/noise/test/test_export_formats.go:65.2,68.50 2 0
github.com/puente-labs/noise/test/test_export_formats.go:68.50,70.3 1 0
github.com/puente-labs/noise/test/test_export_formats.go:72.2,72.51 1 0
github.com/puente-labs/noise/test/test_export_formats.go:72.51,74.3 1 0
github.com/puente-labs/noise/test/test_export_formats.go:76.2,76.47 1 0
github.com/puente-labs/noise/test/test_export_formats.go:76.47,78.3 1 0
github.com/puente-labs/noise/test/test_export_formats.go:80.2,80.70 1 0
github.com/puente-labs/noise/test/test_export_formats.go:80.70,82.3 1 0
github.com/puente-labs/noise/test/test_export_formats.go:85.40,88.16 2 0
github.com/puente-labs/noise/test/test_export_formats.go:88.16,90.3 1 0
github.com/puente-labs/noise/test/test_export_formats.go:91.2,118.16 5 0
github.com/puente-labs/noise/test/test_export_formats.go:118.16,120.3 1 0
github.com/puente-labs/noise/test/test_export_formats.go:123.2,123.55 1 0
github.com/puente-labs/noise/test/test_export_formats.go:123.55,125.3 1 0
github.com/puente-labs/noise/test/test_export_formats.go:128.2,128.40 1 0
github.com/puente-labs/noise/test/test_export_formats.go:128.40,130.3 1 0
github.com/puente-labs/noise/test/test_export_formats.go:133.2,134.16 2 0
github.com/puente-labs/noise/test/test_export_formats.go:134.16,136.3 1 0
github.com/puente-labs/noise/test/test_export_formats.go:138.2,141.40 2 0
github.com/puente-labs/noise/test/test_export_formats.go:141.40,143.3 1 0
github.com/puente-labs/noise/test/test_export_formats.go:145.2,145.40 1 0
github.com/puente-labs/noise/test/test_export_formats.go:145.40,147.3 1 0
github.com/puente-labs/noise/test/test_export_formats.go:150.2,150.67 1 0
github.com/puente-labs/noise/test/test_export_formats.go:150.67,152.3 1 0
github.com/puente-labs/noise/test/test_export_formats.go:155.2,155.74 1 0
github.com/puente-labs/noise/test/test_export_formats.go:155.74,157.3 1 0
github.com/puente-labs/noise/test/test_export_formats.go:160.39,163.16 2 0
github.com/puente-labs/noise/test/test_export_formats.go:163.16,165.3 1 0
github.com/puente-labs/noise/test/test_export_formats.go:166.2,193.16 5 0
github.com/puente-labs/noise/test/test_export_formats.go:193.16,195.3 1 0
github.com/puente-labs/noise/test/test_export_formats.go:198.2,198.55 1 0
github.com/puente-labs/noise/test/test_export_formats.go:198.55,200.3 1 0
github.com/puente-labs/noise/test/test_export_formats.go:203.2,203.40 1 0
github.com/puente-labs/noise/test/test_export_formats.go:203.40,205.3 1 0
github.com/puente-labs/noise/test/test_export_formats.go:208.2,209.16 2 0
github.com/puente-labs/noise/test/test_export_formats.go:209.16,211.3 1 0
github.com/puente-labs/noise/test/test_export_formats.go:213.2,216.56 2 0
github.com/puente-labs/noise/test/test_export_formats.go:216.56,218.3 1 0
github.com/puente-labs/noise/test/test_export_formats.go:220.2,220.50 1 0
github.com/puente-labs/noise/test/test_export_formats.go:220.50,222.3 1 0
github.com/puente-labs/noise/test/test_export_formats.go:224.2,224.46 1 0
github.com/puente-labs/noise/test/test_export_formats.go:224.46,226.3 1 0
github.com/puente-labs/noise/test/test_export_formats.go:229.2,229.55 1 0
github.com/puente-labs/noise/test/test_export_formats.go:229.55,231.3 1 0
github.com/puente-labs/noise/test/test_export_formats.go:234.2,234.68 1 0
github.com/puente-labs/noise/test/test_export_formats.go:234.68,236.3 1 0
github.com/puente-labs/noise/test/test_export_formats.go:239.2,239.74 1 0
github.com/puente-labs/noise/test/test_export_formats.go:239.74,241.3 1 0
github.com/puente-labs/noise/test/test_export_formats.go:244.46,264.31 3 0
github.com/puente-labs/noise/test/test_export_formats.go:264.31,275.17 6 0
github.com/puente-labs/noise/test/test_export_formats.go:275.17,277.4 1 0
github.com/puente-labs/noise/test/test_export_formats.go:280.3,281.39 2 0
github.com/puente-labs/noise/test/test_export_formats.go:281.39,283.4 1 0
github.com/puente-labs/noise/test/test_export_formats.go:284.3,284.39 1 0
github.com/puente-labs/noise/test/test_export_formats.go:284.39,286.4 1 0
github.com/puente-labs/noise/test/test_export_formats.go:290.43,306.16 7 0
github.com/puente-labs/noise/test/test_export_formats.go:306.16,308.3 1 0
github.com/puente-labs/noise/test/test_export_formats.go:311.2,311.47 1 0
github.com/puente-labs/noise/test/test_export_formats.go:311.47,313.3 1 0
github.com/puente-labs/noise/test/test_export_formats.go:316.43,332.16 7 0
github.com/puente-labs/noise/test/test_export_formats.go:332.16,334.3 1 0
github.com/puente-labs/noise/test/test_export_formats.go:337.2,337.49 1 0
github.com/puente-labs/noise/test/test_export_formats.go:337.49,339.3 1 0
github.com/puente-labs/noise/test/test_export_formats.go:342.2,342.53 1 0
github.com/puente-labs/noise/test/test_export_formats.go:342.53,344.3 1 0
github.com/puente-labs/noise/test/test_file_io_system.go:17.19,22.52 3 0
github.com/puente-labs/noise/test/test_file_io_system.go:22.52,24.3 1 0
github.com/puente-labs/noise/test/test_file_io_system.go:25.2,34.16 3 0
github.com/puente-labs/noise/test/test_file_io_system.go:34.16,36.3 1 0
github.com/puente-labs/noise/test/test_file_io_system.go:37.2,75.66 6 0
github.com/puente-labs/noise/test/test_file_io_system.go:75.66,77.3 1 0
github.com/puente-labs/noise/test/test_file_io_system.go:78.2,83.16 4 0
github.com/puente-labs/noise/test/test_file_io_system.go:83.16,85.3 1 0
github.com/puente-labs/noise/test/test_file_io_system.go:86.2,87.33 2 0
github.com/puente-labs/noise/test/test_file_io_system.go:87.33,89.3 1 0
github.com/puente-labs/noise/test/test_file_io_system.go:92.2,94.16 3 0
github.com/puente-labs/noise/test/test_file_io_system.go:94.16,96.3 1 0
github.com/puente-labs/noise/test/test_file_io_system.go:97.2,102.54 4 0
github.com/puente-labs/noise/test/test_file_io_system.go:102.54,104.3 1 0
github.com/puente-labs/noise/test/test_file_io_system.go:105.2,105.56 1 0
github.com/puente-labs/noise/test/test_file_io_system.go:105.56,107.3 1 0
github.com/puente-labs/noise/test/test_file_io_system.go:108.2,116.13 7 0
github.com/puente-labs/noise/test/test_file_io_system.go:116.13,118.3 1 0
github.com/puente-labs/noise/test/test_file_io_system.go:119.2,128.69 5 0
github.com/puente-labs/noise/test/test_file_io_system.go:128.69,130.3 1 0
github.com/puente-labs/noise/test/test_file_io_system.go:133.2,133.12 1 0
github.com/puente-labs/noise/test/test_file_io_system.go:133.12,136.67 3 0
github.com/puente-labs/noise/test/test_file_io_system.go:136.67,138.4 1 0
github.com/puente-labs/noise/test/test_file_io_system.go:142.2,142.9 1 0
github.com/puente-labs/noise/test/test_file_io_system.go:143.23,144.56 1 0
github.com/puente-labs/noise/test/test_file_io_system.go:145.33,146.63 1 0
github.com/puente-labs/noise/test/test_file_io_system.go:150.2,150.71 1 0
github.com/puente-labs/noise/test/test_file_io_system.go:150.71,152.3 1 0
github.com/puente-labs/noise/test/test_file_io_system.go:155.2,156.61 2 0
github.com/puente-labs/noise/test/test_file_io_system.go:156.61,158.3 1 0
github.com/puente-labs/noise/test/test_file_io_system.go:159.2,162.63 2 0
github.com/puente-labs/noise/test/test_file_io_system.go:162.63,164.3 1 0
github.com/puente-labs/noise/test/test_file_io_system.go:165.2,188.74 5 0
github.com/puente-labs/noise/test/test_file_io_system.go:188.74,190.3 1 0
github.com/puente-labs/noise/test/test_file_io_system.go:193.2,193.65 1 0
github.com/puente-labs/noise/test/test_file_io_system.go:193.65,195.3 1 0
github.com/puente-labs/noise/test/test_file_io_system.go:196.2,201.37 4 0
github.com/puente-labs/noise/test/test_file_io_system.go:201.37,203.3 1 0
github.com/puente-labs/noise/test/test_file_io_system.go:203.8,205.3 1 0
github.com/puente-labs/noise/test/test_file_io_system.go:207.2,207.65 1 0
github.com/puente-labs/noise/test/test_file_io_system.go:215.77,217.9 2 0
github.com/puente-labs/noise/test/test_file_io_system.go:218.24,218.24 0 0
github.com/puente-labs/noise/test/test_file_io_system.go:219.10,219.10 0 0
github.com/puente-labs/noise/test/test_file_io_system.go:223.54,225.9 2 0
github.com/puente-labs/noise/test/test_file_io_system.go:226.24,226.24 0 0
github.com/puente-labs/noise/test/test_file_io_system.go:227.10,227.10 0 0
