mode: set
github.com/Kyanite/noise/test_enhancement_065_comprehensive.go:18.49,59.47 7 0
github.com/Kyanite/noise/test_enhancement_065_comprehensive.go:59.47,61.3 1 0
github.com/Kyanite/noise/test_enhancement_065_comprehensive.go:63.2,63.47 1 0
github.com/Kyanite/noise/test_enhancement_065_comprehensive.go:63.47,65.3 1 0
github.com/Kyanite/noise/test_enhancement_065_comprehensive.go:67.2,67.44 1 0
github.com/Kyanite/noise/test_enhancement_065_comprehensive.go:67.44,69.3 1 0
github.com/Kyanite/noise/test_enhancement_065_comprehensive.go:71.2,71.55 1 0
github.com/Kyanite/noise/test_enhancement_065_comprehensive.go:71.55,73.3 1 0
github.com/Kyanite/noise/test_enhancement_065_comprehensive.go:75.2,75.44 1 0
github.com/Kyanite/noise/test_enhancement_065_comprehensive.go:75.44,77.3 1 0
github.com/Kyanite/noise/test_enhancement_065_comprehensive.go:79.2,79.48 1 0
github.com/Kyanite/noise/test_enhancement_065_comprehensive.go:79.48,81.3 1 0
github.com/Kyanite/noise/test_enhancement_065_comprehensive.go:83.2,83.54 1 0
github.com/Kyanite/noise/test_enhancement_065_comprehensive.go:83.54,85.3 1 0
github.com/Kyanite/noise/test_enhancement_065_comprehensive.go:87.2,87.44 1 0
github.com/Kyanite/noise/test_enhancement_065_comprehensive.go:87.44,89.3 1 0
github.com/Kyanite/noise/test_enhancement_065_comprehensive.go:93.75,96.25 3 0
github.com/Kyanite/noise/test_enhancement_065_comprehensive.go:96.25,98.3 1 0
github.com/Kyanite/noise/test_enhancement_065_comprehensive.go:100.2,101.21 2 0
github.com/Kyanite/noise/test_enhancement_065_comprehensive.go:105.52,107.18 2 0
github.com/Kyanite/noise/test_enhancement_065_comprehensive.go:107.18,109.3 1 0
github.com/Kyanite/noise/test_enhancement_065_comprehensive.go:111.2,111.14 1 0
github.com/Kyanite/noise/test_enhancement_065_comprehensive.go:115.77,117.20 2 0
github.com/Kyanite/noise/test_enhancement_065_comprehensive.go:117.20,119.3 1 0
github.com/Kyanite/noise/test_enhancement_065_comprehensive.go:121.2,121.16 1 0
github.com/Kyanite/noise/test_enhancement_065_comprehensive.go:125.92,128.25 2 0
github.com/Kyanite/noise/test_enhancement_065_comprehensive.go:128.25,130.3 1 0
github.com/Kyanite/noise/test_enhancement_065_comprehensive.go:133.2,134.22 2 0
github.com/Kyanite/noise/test_enhancement_065_comprehensive.go:134.22,136.3 1 0
github.com/Kyanite/noise/test_enhancement_065_comprehensive.go:139.2,139.28 1 0
github.com/Kyanite/noise/test_enhancement_065_comprehensive.go:139.28,141.17 2 0
github.com/Kyanite/noise/test_enhancement_065_comprehensive.go:141.17,143.12 2 0
github.com/Kyanite/noise/test_enhancement_065_comprehensive.go:146.3,147.35 2 0
github.com/Kyanite/noise/test_enhancement_065_comprehensive.go:147.35,149.4 1 0
github.com/Kyanite/noise/test_enhancement_065_comprehensive.go:151.3,151.88 1 0
github.com/Kyanite/noise/test_enhancement_065_comprehensive.go:155.2,156.16 2 0
github.com/Kyanite/noise/test_enhancement_065_comprehensive.go:156.16,158.3 1 0
github.com/Kyanite/noise/test_enhancement_065_comprehensive.go:160.2,160.77 1 0
github.com/Kyanite/noise/test_enhancement_065_comprehensive.go:164.104,170.75 3 0
github.com/Kyanite/noise/test_enhancement_065_comprehensive.go:170.75,172.3 1 0
github.com/Kyanite/noise/test_enhancement_065_comprehensive.go:175.2,176.81 2 0
github.com/Kyanite/noise/test_enhancement_065_comprehensive.go:176.81,178.3 1 0
github.com/Kyanite/noise/test_enhancement_065_comprehensive.go:181.2,182.56 2 0
github.com/Kyanite/noise/test_enhancement_065_comprehensive.go:182.56,184.3 1 0
github.com/Kyanite/noise/test_enhancement_065_comprehensive.go:186.2,187.58 2 0
github.com/Kyanite/noise/test_enhancement_065_comprehensive.go:187.58,189.3 1 0
github.com/Kyanite/noise/test_enhancement_065_comprehensive.go:191.2,193.111 3 0
github.com/Kyanite/noise/test_enhancement_065_comprehensive.go:197.101,207.16 4 0
github.com/Kyanite/noise/test_enhancement_065_comprehensive.go:207.16,209.3 1 0
github.com/Kyanite/noise/test_enhancement_065_comprehensive.go:209.8,209.46 1 0
github.com/Kyanite/noise/test_enhancement_065_comprehensive.go:209.46,211.3 1 0
github.com/Kyanite/noise/test_enhancement_065_comprehensive.go:211.8,213.3 1 0
github.com/Kyanite/noise/test_enhancement_065_comprehensive.go:216.2,223.16 3 0
github.com/Kyanite/noise/test_enhancement_065_comprehensive.go:223.16,225.3 1 0
github.com/Kyanite/noise/test_enhancement_065_comprehensive.go:225.8,225.44 1 0
github.com/Kyanite/noise/test_enhancement_065_comprehensive.go:225.44,227.3 1 0
github.com/Kyanite/noise/test_enhancement_065_comprehensive.go:227.8,229.3 1 0
github.com/Kyanite/noise/test_enhancement_065_comprehensive.go:232.2,238.16 3 0
github.com/Kyanite/noise/test_enhancement_065_comprehensive.go:238.16,240.3 1 0
github.com/Kyanite/noise/test_enhancement_065_comprehensive.go:240.8,240.44 1 0
github.com/Kyanite/noise/test_enhancement_065_comprehensive.go:240.44,242.3 1 0
github.com/Kyanite/noise/test_enhancement_065_comprehensive.go:242.8,244.3 1 0
github.com/Kyanite/noise/test_enhancement_065_comprehensive.go:247.2,253.16 3 0
github.com/Kyanite/noise/test_enhancement_065_comprehensive.go:253.16,255.3 1 0
github.com/Kyanite/noise/test_enhancement_065_comprehensive.go:255.8,255.35 1 0
github.com/Kyanite/noise/test_enhancement_065_comprehensive.go:255.35,257.3 1 0
github.com/Kyanite/noise/test_enhancement_065_comprehensive.go:257.8,259.3 1 0
github.com/Kyanite/noise/test_enhancement_065_comprehensive.go:263.91,268.19 3 0
github.com/Kyanite/noise/test_enhancement_065_comprehensive.go:268.19,270.3 1 0
github.com/Kyanite/noise/test_enhancement_065_comprehensive.go:270.8,272.3 1 0
github.com/Kyanite/noise/test_enhancement_065_comprehensive.go:275.2,285.16 5 0
github.com/Kyanite/noise/test_enhancement_065_comprehensive.go:285.16,287.3 1 0
github.com/Kyanite/noise/test_enhancement_065_comprehensive.go:287.8,290.3 1 0
github.com/Kyanite/noise/test_enhancement_065_comprehensive.go:294.106,297.16 2 0
github.com/Kyanite/noise/test_enhancement_065_comprehensive.go:297.16,299.3 1 0
github.com/Kyanite/noise/test_enhancement_065_comprehensive.go:299.8,302.3 2 0
github.com/Kyanite/noise/test_enhancement_065_comprehensive.go:305.2,306.16 2 0
github.com/Kyanite/noise/test_enhancement_065_comprehensive.go:306.16,308.3 1 0
github.com/Kyanite/noise/test_enhancement_065_comprehensive.go:308.8,311.3 2 0
github.com/Kyanite/noise/test_enhancement_065_comprehensive.go:314.2,315.16 2 0
github.com/Kyanite/noise/test_enhancement_065_comprehensive.go:315.16,317.3 1 0
github.com/Kyanite/noise/test_enhancement_065_comprehensive.go:317.8,320.3 2 0
github.com/Kyanite/noise/test_enhancement_065_comprehensive.go:323.2,324.16 2 0
github.com/Kyanite/noise/test_enhancement_065_comprehensive.go:324.16,326.3 1 0
github.com/Kyanite/noise/test_enhancement_065_comprehensive.go:326.8,329.3 2 0
github.com/Kyanite/noise/test_enhancement_065_comprehensive.go:332.2,333.16 2 0
github.com/Kyanite/noise/test_enhancement_065_comprehensive.go:333.16,335.3 1 0
github.com/Kyanite/noise/test_enhancement_065_comprehensive.go:335.8,338.3 2 0
github.com/Kyanite/noise/test_enhancement_065_comprehensive.go:341.2,342.16 2 0
github.com/Kyanite/noise/test_enhancement_065_comprehensive.go:342.16,344.3 1 0
github.com/Kyanite/noise/test_enhancement_065_comprehensive.go:344.8,347.3 2 0
github.com/Kyanite/noise/test_enhancement_065_comprehensive.go:350.2,351.16 2 0
github.com/Kyanite/noise/test_enhancement_065_comprehensive.go:351.16,353.3 1 0
github.com/Kyanite/noise/test_enhancement_065_comprehensive.go:353.8,356.3 2 0
github.com/Kyanite/noise/test_enhancement_065_comprehensive.go:361.76,366.44 2 0
github.com/Kyanite/noise/test_enhancement_065_comprehensive.go:366.44,369.17 2 0
github.com/Kyanite/noise/test_enhancement_065_comprehensive.go:369.17,371.4 1 0
github.com/Kyanite/noise/test_enhancement_065_comprehensive.go:374.3,380.17 3 0
github.com/Kyanite/noise/test_enhancement_065_comprehensive.go:380.17,382.4 1 0
github.com/Kyanite/noise/test_enhancement_065_comprehensive.go:385.3,386.32 2 0
github.com/Kyanite/noise/test_enhancement_065_comprehensive.go:386.32,388.4 1 0
github.com/Kyanite/noise/test_enhancement_065_comprehensive.go:391.3,392.17 2 0
github.com/Kyanite/noise/test_enhancement_065_comprehensive.go:392.17,394.4 1 0
github.com/Kyanite/noise/test_enhancement_065_comprehensive.go:396.3,397.17 2 0
github.com/Kyanite/noise/test_enhancement_065_comprehensive.go:397.17,399.4 1 0
github.com/Kyanite/noise/test_enhancement_065_comprehensive.go:401.3,401.70 1 0
github.com/Kyanite/noise/test_enhancement_065_comprehensive.go:405.2,405.46 1 0
github.com/Kyanite/noise/test_enhancement_065_comprehensive.go:405.46,408.17 2 0
github.com/Kyanite/noise/test_enhancement_065_comprehensive.go:408.17,410.4 1 0
github.com/Kyanite/noise/test_enhancement_065_comprehensive.go:413.3,420.17 3 0
github.com/Kyanite/noise/test_enhancement_065_comprehensive.go:420.17,422.4 1 0
github.com/Kyanite/noise/test_enhancement_065_comprehensive.go:425.3,426.32 2 0
github.com/Kyanite/noise/test_enhancement_065_comprehensive.go:426.32,428.4 1 0
github.com/Kyanite/noise/test_enhancement_065_comprehensive.go:431.3,432.17 2 0
github.com/Kyanite/noise/test_enhancement_065_comprehensive.go:432.17,434.4 1 0
github.com/Kyanite/noise/test_enhancement_065_comprehensive.go:436.3,436.64 1 0
github.com/Kyanite/noise/test_enhancement_065_comprehensive.go:442.39,456.16 6 0
github.com/Kyanite/noise/test_enhancement_065_comprehensive.go:456.16,458.3 1 0
github.com/Kyanite/noise/test_enhancement_065_comprehensive.go:458.8,458.43 1 0
github.com/Kyanite/noise/test_enhancement_065_comprehensive.go:458.43,460.3 1 0
github.com/Kyanite/noise/test_enhancement_065_comprehensive.go:460.8,462.3 1 0
github.com/Kyanite/noise/test_enhancement_065_comprehensive.go:465.2,467.21 3 0
github.com/Kyanite/noise/test_enhancement_065_comprehensive.go:467.21,469.29 2 0
github.com/Kyanite/noise/test_enhancement_065_comprehensive.go:469.29,471.4 1 0
github.com/Kyanite/noise/test_enhancement_065_comprehensive.go:472.3,475.42 3 0
github.com/Kyanite/noise/test_enhancement_065_comprehensive.go:475.42,477.4 1 0
github.com/Kyanite/noise/test_enhancement_065_comprehensive.go:477.9,479.4 1 0
github.com/Kyanite/noise/test_enhancement_065_comprehensive.go:483.2,488.16 5 0
github.com/Kyanite/noise/test_enhancement_065_comprehensive.go:488.16,490.3 1 0
github.com/Kyanite/noise/test_enhancement_065_comprehensive.go:490.8,490.39 1 0
github.com/Kyanite/noise/test_enhancement_065_comprehensive.go:490.39,492.3 1 0
github.com/Kyanite/noise/test_enhancement_065_comprehensive.go:492.8,494.3 1 0
github.com/Kyanite/noise/test_enhancement_065_comprehensive.go:497.2,500.57 4 0
github.com/Kyanite/noise/test_enhancement_065_comprehensive.go:504.101,514.16 4 0
github.com/Kyanite/noise/test_enhancement_065_comprehensive.go:514.16,516.3 1 0
github.com/Kyanite/noise/test_enhancement_065_comprehensive.go:516.8,516.39 1 0
github.com/Kyanite/noise/test_enhancement_065_comprehensive.go:516.39,518.3 1 0
github.com/Kyanite/noise/test_enhancement_065_comprehensive.go:521.2,527.16 3 0
github.com/Kyanite/noise/test_enhancement_065_comprehensive.go:527.16,529.3 1 0
github.com/Kyanite/noise/test_enhancement_065_comprehensive.go:529.8,531.3 1 0
github.com/Kyanite/noise/test_enhancement_065_comprehensive.go:534.2,535.16 2 0
github.com/Kyanite/noise/test_enhancement_065_comprehensive.go:535.16,537.3 1 0
github.com/Kyanite/noise/test_enhancement_065_comprehensive.go:537.8,539.3 1 0
github.com/Kyanite/noise/test_enhancement_065_comprehensive.go:542.2,544.16 3 0
github.com/Kyanite/noise/test_enhancement_065_comprehensive.go:544.16,546.3 1 0
github.com/Kyanite/noise/test_enhancement_065_comprehensive.go:546.8,548.3 1 0
github.com/Kyanite/noise/test_enhancement_065_comprehensive.go:551.2,552.44 2 0
github.com/Kyanite/noise/test_enhancement_065_comprehensive.go:552.44,554.3 1 0
github.com/Kyanite/noise/test_enhancement_065_comprehensive.go:556.2,556.50 1 0
github.com/Kyanite/noise/test_enhancement_065_comprehensive.go:560.50,561.49 1 0
github.com/Kyanite/noise/test_enhancement_065_comprehensive.go:561.49,563.3 1 0
github.com/Kyanite/noise/test_enhancement_065_comprehensive.go:567.30,577.16 5 0
github.com/Kyanite/noise/test_enhancement_065_comprehensive.go:577.16,580.3 2 0
github.com/Kyanite/noise/test_enhancement_065_comprehensive.go:582.2,591.42 10 0
github.com/Kyanite/noise/test_enhancement_065_comprehensive.go:594.31,596.2 1 0
github.com/Kyanite/noise/test_week2_features.go:15.13,37.2 12 0
github.com/Kyanite/noise/test_week2_features.go:40.24,43.16 2 0
github.com/Kyanite/noise/test_week2_features.go:43.16,46.3 2 0
github.com/Kyanite/noise/test_week2_features.go:49.2,50.24 2 0
github.com/Kyanite/noise/test_week2_features.go:50.24,53.3 2 0
github.com/Kyanite/noise/test_week2_features.go:57.2,57.28 1 0
github.com/Kyanite/noise/test_week2_features.go:57.28,60.3 2 0
github.com/Kyanite/noise/test_week2_features.go:62.2,68.14 5 0
github.com/Kyanite/noise/test_week2_features.go:68.14,70.3 1 0
github.com/Kyanite/noise/test_week2_features.go:70.8,72.3 1 0
github.com/Kyanite/noise/test_week2_features.go:76.45,77.22 1 0
github.com/Kyanite/noise/test_week2_features.go:77.22,79.3 1 0
github.com/Kyanite/noise/test_week2_features.go:82.2,83.31 2 0
github.com/Kyanite/noise/test_week2_features.go:83.31,84.12 1 0
github.com/Kyanite/noise/test_week2_features.go:84.12,86.4 1 0
github.com/Kyanite/noise/test_week2_features.go:87.3,87.20 1 0
github.com/Kyanite/noise/test_week2_features.go:91.2,92.13 2 0
github.com/Kyanite/noise/test_week2_features.go:96.22,99.22 2 0
github.com/Kyanite/noise/test_week2_features.go:99.22,102.3 2 0
github.com/Kyanite/noise/test_week2_features.go:106.2,107.34 2 0
github.com/Kyanite/noise/test_week2_features.go:107.34,109.3 1 0
github.com/Kyanite/noise/test_week2_features.go:109.8,111.3 1 0
github.com/Kyanite/noise/test_week2_features.go:114.2,115.62 2 0
github.com/Kyanite/noise/test_week2_features.go:119.31,120.27 1 0
github.com/Kyanite/noise/test_week2_features.go:120.27,122.3 1 0
github.com/Kyanite/noise/test_week2_features.go:125.2,126.13 2 0
github.com/Kyanite/noise/test_week2_features.go:130.23,134.26 3 0
github.com/Kyanite/noise/test_week2_features.go:134.26,137.3 2 0
github.com/Kyanite/noise/test_week2_features.go:140.2,158.16 7 0
github.com/Kyanite/noise/test_week2_features.go:158.16,161.3 2 0
github.com/Kyanite/noise/test_week2_features.go:163.2,167.16 3 0
github.com/Kyanite/noise/test_week2_features.go:167.16,170.3 2 0
github.com/Kyanite/noise/test_week2_features.go:172.2,175.45 2 0
github.com/Kyanite/noise/test_week2_features.go:179.75,186.41 2 0
github.com/Kyanite/noise/test_week2_features.go:186.41,192.17 5 0
github.com/Kyanite/noise/test_week2_features.go:192.17,194.12 2 0
github.com/Kyanite/noise/test_week2_features.go:197.3,197.78 1 0
github.com/Kyanite/noise/test_week2_features.go:202.24,206.25 3 0
github.com/Kyanite/noise/test_week2_features.go:206.25,209.3 2 0
github.com/Kyanite/noise/test_week2_features.go:212.2,216.25 3 0
github.com/Kyanite/noise/test_week2_features.go:216.25,219.3 2 0
github.com/Kyanite/noise/test_week2_features.go:221.2,226.25 4 0
github.com/Kyanite/noise/test_week2_features.go:226.25,229.3 2 0
github.com/Kyanite/noise/test_week2_features.go:231.2,237.36 3 0
github.com/Kyanite/noise/test_week2_features.go:241.60,245.16 3 0
github.com/Kyanite/noise/test_week2_features.go:245.16,248.3 2 0
github.com/Kyanite/noise/test_week2_features.go:250.2,251.31 2 0
github.com/Kyanite/noise/test_week2_features.go:251.31,254.3 2 0
github.com/Kyanite/noise/test_week2_features.go:256.2,260.16 3 0
github.com/Kyanite/noise/test_week2_features.go:260.16,263.3 2 0
github.com/Kyanite/noise/test_week2_features.go:265.2,266.28 2 0
github.com/Kyanite/noise/test_week2_features.go:266.28,269.3 2 0
github.com/Kyanite/noise/test_week2_features.go:271.2,271.70 1 0
github.com/Kyanite/noise/test_week2_features.go:275.62,279.16 3 0
github.com/Kyanite/noise/test_week2_features.go:279.16,282.3 2 0
github.com/Kyanite/noise/test_week2_features.go:284.2,285.31 2 0
github.com/Kyanite/noise/test_week2_features.go:285.31,288.3 2 0
github.com/Kyanite/noise/test_week2_features.go:290.2,294.52 2 0
github.com/Kyanite/noise/internal/export/format.go:21.44,25.2 1 1
github.com/Kyanite/noise/internal/export/format.go:28.103,47.22 4 1
github.com/Kyanite/noise/internal/export/format.go:48.25,50.17 2 1
github.com/Kyanite/noise/internal/export/format.go:50.17,52.4 1 0
github.com/Kyanite/noise/internal/export/format.go:53.3,56.23 2 1
github.com/Kyanite/noise/internal/export/format.go:56.23,58.15 2 0
github.com/Kyanite/noise/internal/export/format.go:58.15,60.5 1 0
github.com/Kyanite/noise/internal/export/format.go:63.24,65.25 2 0
github.com/Kyanite/noise/internal/export/format.go:67.24,69.25 2 0
github.com/Kyanite/noise/internal/export/format.go:71.22,73.17 2 0
github.com/Kyanite/noise/internal/export/format.go:73.17,75.4 1 0
github.com/Kyanite/noise/internal/export/format.go:76.3,79.19 3 0
github.com/Kyanite/noise/internal/export/format.go:79.19,81.4 1 0
github.com/Kyanite/noise/internal/export/format.go:83.3,84.22 2 0
github.com/Kyanite/noise/internal/export/format.go:84.22,86.4 1 0
github.com/Kyanite/noise/internal/export/format.go:89.3,89.23 1 0
github.com/Kyanite/noise/internal/export/format.go:89.23,91.15 2 0
github.com/Kyanite/noise/internal/export/format.go:91.15,93.5 1 0
github.com/Kyanite/noise/internal/export/format.go:96.26,99.35 2 0
github.com/Kyanite/noise/internal/export/format.go:101.27,104.28 2 1
github.com/Kyanite/noise/internal/export/format.go:106.26,109.21 2 1
github.com/Kyanite/noise/internal/export/format.go:109.21,111.4 1 1
github.com/Kyanite/noise/internal/export/format.go:112.3,112.20 1 1
github.com/Kyanite/noise/internal/export/format.go:112.20,114.4 1 1
github.com/Kyanite/noise/internal/export/format.go:117.3,118.27 2 1
github.com/Kyanite/noise/internal/export/format.go:122.2,122.26 1 1
github.com/Kyanite/noise/internal/export/format.go:122.26,124.18 2 0
github.com/Kyanite/noise/internal/export/format.go:124.18,126.4 1 0
github.com/Kyanite/noise/internal/export/format.go:129.2,129.20 1 1
github.com/Kyanite/noise/internal/export/format.go:133.85,136.47 2 1
github.com/Kyanite/noise/internal/export/format.go:136.47,138.3 1 0
github.com/Kyanite/noise/internal/export/format.go:141.2,146.13 4 1
github.com/Kyanite/noise/internal/export/format.go:147.13,149.31 1 1
github.com/Kyanite/noise/internal/export/format.go:150.14,152.31 1 1
github.com/Kyanite/noise/internal/export/format.go:153.14,155.31 1 1
github.com/Kyanite/noise/internal/export/format.go:156.10,159.17 2 1
github.com/Kyanite/noise/internal/export/format.go:159.17,161.4 1 0
github.com/Kyanite/noise/internal/export/format.go:165.2,165.61 1 1
github.com/Kyanite/noise/internal/export/format.go:165.61,167.3 1 1
github.com/Kyanite/noise/internal/export/format.go:169.2,169.12 1 1
github.com/Kyanite/noise/internal/export/format.go:173.78,184.29 6 1
github.com/Kyanite/noise/internal/export/format.go:184.29,186.23 2 1
github.com/Kyanite/noise/internal/export/format.go:186.23,188.45 1 0
github.com/Kyanite/noise/internal/export/format.go:188.45,191.5 2 0
github.com/Kyanite/noise/internal/export/format.go:194.4,195.24 2 0
github.com/Kyanite/noise/internal/export/format.go:195.24,197.5 1 0
github.com/Kyanite/noise/internal/export/format.go:198.9,198.23 1 1
github.com/Kyanite/noise/internal/export/format.go:198.23,201.88 2 0
github.com/Kyanite/noise/internal/export/format.go:201.88,204.5 2 0
github.com/Kyanite/noise/internal/export/format.go:204.10,204.28 1 0
github.com/Kyanite/noise/internal/export/format.go:204.28,206.33 1 0
github.com/Kyanite/noise/internal/export/format.go:206.33,209.6 2 0
github.com/Kyanite/noise/internal/export/format.go:210.5,210.22 1 0
github.com/Kyanite/noise/internal/export/format.go:216.2,216.43 1 1
github.com/Kyanite/noise/internal/export/format.go:216.43,218.3 1 0
github.com/Kyanite/noise/internal/export/format.go:221.2,221.24 1 1
github.com/Kyanite/noise/internal/export/format.go:221.24,223.3 1 1
github.com/Kyanite/noise/internal/export/format.go:225.2,225.22 1 1
github.com/Kyanite/noise/internal/export/format.go:229.65,241.2 5 0
github.com/Kyanite/noise/internal/export/format.go:244.67,251.29 4 0
github.com/Kyanite/noise/internal/export/format.go:251.29,254.91 2 0
github.com/Kyanite/noise/internal/export/format.go:254.91,255.12 1 0
github.com/Kyanite/noise/internal/export/format.go:259.3,260.23 2 0
github.com/Kyanite/noise/internal/export/format.go:260.23,262.69 1 0
github.com/Kyanite/noise/internal/export/format.go:262.69,264.5 1 0
github.com/Kyanite/noise/internal/export/format.go:268.2,268.15 1 0
github.com/Kyanite/noise/internal/export/format.go:272.59,277.23 3 1
github.com/Kyanite/noise/internal/export/format.go:277.23,279.41 2 1
github.com/Kyanite/noise/internal/export/format.go:279.41,281.4 1 1
github.com/Kyanite/noise/internal/export/format.go:284.2,284.10 1 0
github.com/Kyanite/noise/internal/export/format.go:288.64,296.29 5 0
github.com/Kyanite/noise/internal/export/format.go:296.29,298.23 2 0
github.com/Kyanite/noise/internal/export/format.go:298.23,300.24 2 0
github.com/Kyanite/noise/internal/export/format.go:300.24,303.5 2 0
github.com/Kyanite/noise/internal/export/format.go:304.9,304.21 1 0
github.com/Kyanite/noise/internal/export/format.go:304.21,306.94 2 0
github.com/Kyanite/noise/internal/export/format.go:306.94,309.5 2 0
github.com/Kyanite/noise/internal/export/format.go:309.10,309.28 1 0
github.com/Kyanite/noise/internal/export/format.go:309.28,313.5 1 0
github.com/Kyanite/noise/internal/export/format.go:317.2,317.42 1 0
github.com/Kyanite/noise/internal/export/format.go:321.68,324.2 2 0
github.com/Kyanite/noise/internal/export/format.go:327.66,333.29 5 0
github.com/Kyanite/noise/internal/export/format.go:333.29,334.37 1 0
github.com/Kyanite/noise/internal/export/format.go:334.37,336.12 2 0
github.com/Kyanite/noise/internal/export/format.go:339.3,339.11 1 0
github.com/Kyanite/noise/internal/export/format.go:339.11,341.21 2 0
github.com/Kyanite/noise/internal/export/format.go:341.21,343.13 2 0
github.com/Kyanite/noise/internal/export/format.go:346.4,346.72 1 0
github.com/Kyanite/noise/internal/export/format.go:346.72,347.13 1 0
github.com/Kyanite/noise/internal/export/format.go:348.10,350.5 1 0
github.com/Kyanite/noise/internal/export/format.go:353.3,353.32 1 0
github.com/Kyanite/noise/internal/export/format.go:356.2,356.35 1 0
github.com/Kyanite/noise/internal/export/format.go:360.66,385.2 13 1
github.com/Kyanite/noise/internal/export/format.go:388.92,392.25 2 0
github.com/Kyanite/noise/internal/export/format.go:392.25,396.3 3 0
github.com/Kyanite/noise/internal/export/format.go:399.2,399.21 1 0
github.com/Kyanite/noise/internal/export/format.go:399.21,403.3 3 0
github.com/Kyanite/noise/internal/export/format.go:406.2,408.29 2 0
github.com/Kyanite/noise/internal/export/format.go:408.29,412.20 2 0
github.com/Kyanite/noise/internal/export/format.go:412.20,414.12 2 0
github.com/Kyanite/noise/internal/export/format.go:418.3,418.34 1 0
github.com/Kyanite/noise/internal/export/format.go:418.34,421.25 2 0
github.com/Kyanite/noise/internal/export/format.go:421.25,425.13 4 0
github.com/Kyanite/noise/internal/export/format.go:430.3,430.30 1 0
github.com/Kyanite/noise/internal/export/format.go:430.30,435.12 4 0
github.com/Kyanite/noise/internal/export/format.go:439.3,440.28 2 0
github.com/Kyanite/noise/internal/export/format.go:443.2,443.25 1 0
github.com/Kyanite/noise/internal/export/format.go:447.69,453.29 3 1
github.com/Kyanite/noise/internal/export/format.go:453.29,457.20 2 1
github.com/Kyanite/noise/internal/export/format.go:457.20,459.12 2 1
github.com/Kyanite/noise/internal/export/format.go:463.3,466.30 2 1
github.com/Kyanite/noise/internal/export/format.go:466.30,467.12 1 0
github.com/Kyanite/noise/internal/export/format.go:470.3,471.28 2 1
github.com/Kyanite/noise/internal/export/format.go:474.2,474.25 1 1
github.com/Kyanite/noise/internal/export/format.go:478.101,482.25 2 1
github.com/Kyanite/noise/internal/export/format.go:482.25,486.3 3 1
github.com/Kyanite/noise/internal/export/format.go:488.2,489.20 2 1
github.com/Kyanite/noise/internal/export/format.go:489.20,491.3 1 1
github.com/Kyanite/noise/internal/export/format.go:493.2,493.19 1 1
github.com/Kyanite/noise/internal/export/format.go:493.19,497.3 3 1
github.com/Kyanite/noise/internal/export/format.go:500.2,501.15 2 1
github.com/Kyanite/noise/internal/export/format.go:501.15,505.3 3 1
github.com/Kyanite/noise/internal/export/format.go:507.2,512.29 3 1
github.com/Kyanite/noise/internal/export/format.go:512.29,516.20 2 1
github.com/Kyanite/noise/internal/export/format.go:516.20,518.12 2 1
github.com/Kyanite/noise/internal/export/format.go:522.3,522.34 1 1
github.com/Kyanite/noise/internal/export/format.go:522.34,525.25 2 0
github.com/Kyanite/noise/internal/export/format.go:525.25,529.13 4 0
github.com/Kyanite/noise/internal/export/format.go:534.3,534.30 1 1
github.com/Kyanite/noise/internal/export/format.go:534.30,539.12 4 1
github.com/Kyanite/noise/internal/export/format.go:543.3,544.28 2 1
github.com/Kyanite/noise/internal/export/format.go:547.2,547.25 1 1
github.com/Kyanite/noise/internal/export/format.go:553.62,560.40 3 1
github.com/Kyanite/noise/internal/export/format.go:560.40,561.42 1 1
github.com/Kyanite/noise/internal/export/format.go:561.42,563.4 1 0
github.com/Kyanite/noise/internal/export/format.go:565.2,565.14 1 1
github.com/Kyanite/noise/internal/export/format.go:569.67,586.35 5 0
github.com/Kyanite/noise/internal/export/format.go:586.35,587.39 1 0
github.com/Kyanite/noise/internal/export/format.go:587.39,589.4 1 0
github.com/Kyanite/noise/internal/export/format.go:591.2,591.11 1 0
github.com/Kyanite/noise/internal/export/format.go:595.58,601.59 3 1
github.com/Kyanite/noise/internal/export/format.go:601.59,603.3 1 1
github.com/Kyanite/noise/internal/export/format.go:606.2,609.47 3 1
github.com/Kyanite/noise/internal/export/format.go:609.47,611.3 1 0
github.com/Kyanite/noise/internal/export/format.go:613.2,613.14 1 1
github.com/Kyanite/noise/internal/export/format.go:617.61,621.23 3 1
github.com/Kyanite/noise/internal/export/format.go:621.23,623.3 1 0
github.com/Kyanite/noise/internal/export/format.go:626.2,627.32 2 1
github.com/Kyanite/noise/internal/export/format.go:627.32,628.21 1 1
github.com/Kyanite/noise/internal/export/format.go:628.21,631.4 2 1
github.com/Kyanite/noise/internal/export/format.go:635.2,637.37 3 1
github.com/Kyanite/noise/internal/export/format.go:637.37,638.23 1 1
github.com/Kyanite/noise/internal/export/format.go:638.23,641.4 2 1
github.com/Kyanite/noise/internal/export/format.go:644.2,644.23 1 1
github.com/Kyanite/noise/internal/export/service.go:20.56,25.2 1 1
github.com/Kyanite/noise/internal/export/service.go:28.89,31.16 2 1
github.com/Kyanite/noise/internal/export/service.go:31.16,33.3 1 0
github.com/Kyanite/noise/internal/export/service.go:36.2,37.22 2 1
github.com/Kyanite/noise/internal/export/service.go:37.22,39.3 1 0
github.com/Kyanite/noise/internal/export/service.go:42.2,42.33 1 1
github.com/Kyanite/noise/internal/export/service.go:42.33,44.3 1 1
github.com/Kyanite/noise/internal/export/service.go:47.2,47.68 1 1
github.com/Kyanite/noise/internal/export/service.go:47.68,49.3 1 1
github.com/Kyanite/noise/internal/export/service.go:51.2,51.24 1 1
github.com/Kyanite/noise/internal/export/service.go:55.84,60.2 3 0
github.com/Kyanite/noise/internal/export/service.go:63.88,69.2 4 0
github.com/Kyanite/noise/internal/export/service.go:72.87,78.2 4 0
github.com/Kyanite/noise/internal/export/service.go:81.87,87.2 4 0
github.com/Kyanite/noise/internal/export/service.go:90.111,98.2 6 0
github.com/Kyanite/noise/internal/export/service.go:101.89,107.2 4 0
github.com/Kyanite/noise/internal/export/service.go:110.90,116.2 4 0
github.com/Kyanite/noise/internal/export/service.go:119.89,125.2 4 0
github.com/Kyanite/noise/internal/export/service.go:128.58,132.56 2 1
github.com/Kyanite/noise/internal/export/service.go:132.56,134.3 1 0
github.com/Kyanite/noise/internal/export/service.go:137.2,138.16 2 1
github.com/Kyanite/noise/internal/export/service.go:138.16,140.3 1 0
github.com/Kyanite/noise/internal/export/service.go:143.2,143.32 1 1
github.com/Kyanite/noise/internal/export/service.go:143.32,144.62 1 1
github.com/Kyanite/noise/internal/export/service.go:144.62,146.4 1 1
github.com/Kyanite/noise/internal/export/service.go:149.2,149.21 1 1
github.com/Kyanite/noise/internal/export/service.go:153.62,155.31 1 1
github.com/Kyanite/noise/internal/export/service.go:155.31,157.3 1 1
github.com/Kyanite/noise/internal/export/service.go:160.2,160.44 1 1
github.com/Kyanite/noise/internal/export/service.go:160.44,162.3 1 0
github.com/Kyanite/noise/internal/export/service.go:164.2,164.12 1 1
github.com/Kyanite/noise/internal/export/service.go:168.64,169.31 1 1
github.com/Kyanite/noise/internal/export/service.go:169.31,171.3 1 1
github.com/Kyanite/noise/internal/export/service.go:172.2,172.17 1 0
github.com/Kyanite/noise/internal/export/service.go:176.57,178.2 1 0
github.com/Kyanite/noise/internal/export/service.go:181.48,183.2 1 0
github.com/Kyanite/noise/internal/export/service.go:186.76,189.17 2 0
github.com/Kyanite/noise/internal/export/service.go:189.17,191.3 1 0
github.com/Kyanite/noise/internal/export/service.go:194.2,201.22 4 0
github.com/Kyanite/noise/internal/export/service.go:202.26,203.19 1 0
github.com/Kyanite/noise/internal/export/service.go:204.27,205.20 1 0
github.com/Kyanite/noise/internal/export/service.go:206.26,207.20 1 0
github.com/Kyanite/noise/internal/export/service.go:208.10,209.21 1 0
github.com/Kyanite/noise/internal/export/service.go:212.2,214.17 2 0
github.com/Kyanite/noise/internal/export/service.go:218.43,224.31 3 0
github.com/Kyanite/noise/internal/export/service.go:224.31,226.3 1 0
github.com/Kyanite/noise/internal/export/service.go:229.2,229.16 1 0
github.com/Kyanite/noise/internal/export/service.go:229.16,231.3 1 0
github.com/Kyanite/noise/internal/export/service.go:233.2,233.13 1 0
github.com/Kyanite/noise/internal/export/types.go:40.38,41.12 1 0
github.com/Kyanite/noise/internal/export/types.go:42.25,43.19 1 0
github.com/Kyanite/noise/internal/export/types.go:44.24,45.18 1 0
github.com/Kyanite/noise/internal/export/types.go:46.24,47.18 1 0
github.com/Kyanite/noise/internal/export/types.go:48.22,49.16 1 0
github.com/Kyanite/noise/internal/export/types.go:50.26,51.20 1 0
github.com/Kyanite/noise/internal/export/types.go:52.27,53.21 1 0
github.com/Kyanite/noise/internal/export/types.go:54.26,55.20 1 0
github.com/Kyanite/noise/internal/export/types.go:56.10,57.19 1 0
github.com/Kyanite/noise/internal/export/types.go:71.44,79.2 1 1
github.com/Kyanite/noise/internal/app/knowledge/stub.go:27.48,49.2 4 1
github.com/Kyanite/noise/internal/app/knowledge/stub.go:52.63,192.2 11 1
github.com/Kyanite/noise/internal/app/knowledge/stub.go:195.49,197.2 1 1
github.com/Kyanite/noise/internal/app/knowledge/stub.go:200.56,204.32 3 1
github.com/Kyanite/noise/internal/app/knowledge/stub.go:204.32,206.33 2 1
github.com/Kyanite/noise/internal/app/knowledge/stub.go:206.33,208.4 1 1
github.com/Kyanite/noise/internal/app/knowledge/stub.go:211.2,212.38 2 1
github.com/Kyanite/noise/internal/app/knowledge/stub.go:212.38,214.3 1 1
github.com/Kyanite/noise/internal/app/knowledge/stub.go:216.2,217.27 2 1
github.com/Kyanite/noise/internal/app/knowledge/stub.go:217.27,219.3 1 1
github.com/Kyanite/noise/internal/app/knowledge/stub.go:223.118,231.24 4 1
github.com/Kyanite/noise/internal/app/knowledge/stub.go:231.24,233.3 1 0
github.com/Kyanite/noise/internal/app/knowledge/stub.go:234.2,234.31 1 1
github.com/Kyanite/noise/internal/app/knowledge/stub.go:234.31,236.3 1 1
github.com/Kyanite/noise/internal/app/knowledge/stub.go:239.2,242.32 3 1
github.com/Kyanite/noise/internal/app/knowledge/stub.go:242.32,243.45 1 1
github.com/Kyanite/noise/internal/app/knowledge/stub.go:243.45,250.34 5 1
github.com/Kyanite/noise/internal/app/knowledge/stub.go:250.34,251.59 1 1
github.com/Kyanite/noise/internal/app/knowledge/stub.go:251.59,253.11 2 1
github.com/Kyanite/noise/internal/app/knowledge/stub.go:258.4,259.48 2 1
github.com/Kyanite/noise/internal/app/knowledge/stub.go:259.48,260.34 1 1
github.com/Kyanite/noise/internal/app/knowledge/stub.go:260.34,262.11 2 1
github.com/Kyanite/noise/internal/app/knowledge/stub.go:267.4,268.37 2 1
github.com/Kyanite/noise/internal/app/knowledge/stub.go:268.37,269.39 1 1
github.com/Kyanite/noise/internal/app/knowledge/stub.go:269.39,270.24 1 1
github.com/Kyanite/noise/internal/app/knowledge/stub.go:270.24,272.12 2 1
github.com/Kyanite/noise/internal/app/knowledge/stub.go:277.4,278.47 1 1
github.com/Kyanite/noise/internal/app/knowledge/stub.go:278.47,280.5 1 1
github.com/Kyanite/noise/internal/app/knowledge/stub.go:285.2,285.50 1 1
github.com/Kyanite/noise/internal/app/knowledge/stub.go:285.50,287.3 1 1
github.com/Kyanite/noise/internal/app/knowledge/stub.go:290.2,290.40 1 1
github.com/Kyanite/noise/internal/app/knowledge/stub.go:290.40,292.3 1 0
github.com/Kyanite/noise/internal/app/knowledge/stub.go:294.2,303.8 3 1
github.com/Kyanite/noise/internal/app/knowledge/stub.go:307.76,308.19 1 1
github.com/Kyanite/noise/internal/app/knowledge/stub.go:308.19,310.3 1 0
github.com/Kyanite/noise/internal/app/knowledge/stub.go:312.2,320.12 6 1
github.com/Kyanite/noise/internal/app/knowledge/stub.go:324.85,326.13 2 1
github.com/Kyanite/noise/internal/app/knowledge/stub.go:326.13,328.3 1 1
github.com/Kyanite/noise/internal/app/knowledge/stub.go:329.2,329.19 1 1
github.com/Kyanite/noise/internal/app/knowledge/stub.go:333.79,334.45 1 1
github.com/Kyanite/noise/internal/app/knowledge/stub.go:334.45,336.3 1 0
github.com/Kyanite/noise/internal/app/knowledge/stub.go:338.2,342.12 4 1
github.com/Kyanite/noise/internal/app/knowledge/stub.go:346.79,347.40 1 1
github.com/Kyanite/noise/internal/app/knowledge/stub.go:347.40,349.3 1 0
github.com/Kyanite/noise/internal/app/knowledge/stub.go:351.2,357.12 4 1
github.com/Kyanite/noise/internal/app/knowledge/stub.go:361.83,363.2 1 1
github.com/Kyanite/noise/internal/app/knowledge/stub.go:366.77,368.2 1 1
github.com/Kyanite/noise/internal/app/knowledge/stub.go:371.78,374.2 2 1
github.com/Kyanite/noise/internal/app/knowledge/stub.go:377.68,380.2 1 1
github.com/Kyanite/noise/internal/app/knowledge/stub.go:383.68,387.2 2 1
github.com/Kyanite/noise/internal/app/knowledge/stub.go:390.63,393.2 1 1
github.com/Kyanite/noise/internal/app/knowledge/stub.go:401.60,405.2 1 1
github.com/Kyanite/noise/internal/app/knowledge/stub.go:408.136,411.16 2 1
github.com/Kyanite/noise/internal/app/knowledge/stub.go:411.16,413.3 1 0
github.com/Kyanite/noise/internal/app/knowledge/stub.go:416.2,424.58 3 1
github.com/Kyanite/noise/internal/app/knowledge/stub.go:424.58,425.42 1 0
github.com/Kyanite/noise/internal/app/knowledge/stub.go:425.42,426.36 1 0
github.com/Kyanite/noise/internal/app/knowledge/stub.go:426.36,427.27 1 0
github.com/Kyanite/noise/internal/app/knowledge/stub.go:427.27,430.11 3 0
github.com/Kyanite/noise/internal/app/knowledge/stub.go:433.4,433.21 1 0
github.com/Kyanite/noise/internal/app/knowledge/stub.go:433.21,434.10 1 0
github.com/Kyanite/noise/internal/app/knowledge/stub.go:440.2,440.44 1 1
github.com/Kyanite/noise/internal/app/knowledge/stub.go:440.44,443.3 2 0
github.com/Kyanite/noise/internal/app/knowledge/stub.go:446.2,446.50 1 1
github.com/Kyanite/noise/internal/app/knowledge/stub.go:446.50,447.42 1 1
github.com/Kyanite/noise/internal/app/knowledge/stub.go:447.42,448.35 1 1
github.com/Kyanite/noise/internal/app/knowledge/stub.go:448.35,449.26 1 1
github.com/Kyanite/noise/internal/app/knowledge/stub.go:449.26,452.11 3 1
github.com/Kyanite/noise/internal/app/knowledge/stub.go:455.4,455.21 1 1
github.com/Kyanite/noise/internal/app/knowledge/stub.go:455.21,456.10 1 1
github.com/Kyanite/noise/internal/app/knowledge/stub.go:461.2,461.19 1 1
github.com/Kyanite/noise/internal/app/knowledge/stub.go:461.19,462.46 1 1
github.com/Kyanite/noise/internal/app/knowledge/stub.go:462.46,466.4 3 1
github.com/Kyanite/noise/internal/app/knowledge/stub.go:466.9,466.46 1 0
github.com/Kyanite/noise/internal/app/knowledge/stub.go:466.46,470.4 3 0
github.com/Kyanite/noise/internal/app/knowledge/stub.go:470.9,473.4 2 0
github.com/Kyanite/noise/internal/app/knowledge/stub.go:475.3,475.37 1 1
github.com/Kyanite/noise/internal/app/knowledge/stub.go:476.8,480.3 2 1
github.com/Kyanite/noise/internal/app/knowledge/stub.go:482.2,482.24 1 1
github.com/Kyanite/noise/internal/app/knowledge/stub.go:486.141,489.16 2 1
github.com/Kyanite/noise/internal/app/knowledge/stub.go:489.16,491.3 1 0
github.com/Kyanite/noise/internal/app/knowledge/stub.go:494.2,501.27 2 1
github.com/Kyanite/noise/internal/app/knowledge/stub.go:501.27,503.44 2 0
github.com/Kyanite/noise/internal/app/knowledge/stub.go:503.44,507.4 3 0
github.com/Kyanite/noise/internal/app/knowledge/stub.go:507.9,510.4 2 0
github.com/Kyanite/noise/internal/app/knowledge/stub.go:511.8,514.3 2 1
github.com/Kyanite/noise/internal/app/knowledge/stub.go:516.2,516.24 1 1
github.com/Kyanite/noise/internal/app/knowledge/stub.go:520.138,526.17 3 1
github.com/Kyanite/noise/internal/app/knowledge/stub.go:526.17,528.3 1 0
github.com/Kyanite/noise/internal/app/knowledge/stub.go:530.2,530.43 1 1
github.com/Kyanite/noise/internal/app/knowledge/stub.go:534.70,536.2 1 0
github.com/Kyanite/noise/internal/theme/loader.go:9.34,76.2 45 0
github.com/Kyanite/noise/internal/theme/loader.go:79.32,82.2 2 0
github.com/Kyanite/noise/internal/theme/loader.go:85.41,86.16 1 0
github.com/Kyanite/noise/internal/theme/loader.go:86.16,89.3 2 0
github.com/Kyanite/noise/internal/theme/loader.go:92.2,94.19 3 0
github.com/Kyanite/noise/internal/theme/loader.go:94.19,96.3 1 0
github.com/Kyanite/noise/internal/theme/loader.go:97.2,97.25 1 0
github.com/Kyanite/noise/internal/theme/manager.go:18.41,20.14 2 0
github.com/Kyanite/noise/internal/theme/manager.go:20.14,22.3 1 0
github.com/Kyanite/noise/internal/theme/manager.go:23.2,26.3 1 0
github.com/Kyanite/noise/internal/theme/manager.go:30.35,34.2 3 0
github.com/Kyanite/noise/internal/theme/manager.go:37.38,41.2 3 0
github.com/Kyanite/noise/internal/theme/manager.go:44.44,47.31 3 0
github.com/Kyanite/noise/internal/theme/manager.go:47.31,51.3 3 0
github.com/Kyanite/noise/internal/theme/manager.go:53.2,55.14 3 0
github.com/Kyanite/noise/internal/theme/manager.go:59.61,62.31 3 0
github.com/Kyanite/noise/internal/theme/manager.go:62.31,66.3 3 0
github.com/Kyanite/noise/internal/theme/manager.go:67.2,67.25 1 0
github.com/Kyanite/noise/internal/theme/manager.go:72.51,73.16 1 0
github.com/Kyanite/noise/internal/theme/manager.go:73.16,76.3 2 0
github.com/Kyanite/noise/internal/theme/manager.go:78.2,79.19 2 0
github.com/Kyanite/noise/internal/theme/manager.go:79.19,82.3 2 0
github.com/Kyanite/noise/internal/theme/manager.go:83.2,83.21 1 0
github.com/Kyanite/noise/internal/theme/manager.go:94.28,95.17 1 0
github.com/Kyanite/noise/internal/theme/manager.go:95.17,97.3 1 0
github.com/Kyanite/noise/internal/theme/manager.go:98.2,98.22 1 0
github.com/Kyanite/noise/internal/theme/registry.go:12.13,150.2 16 1
github.com/Kyanite/noise/internal/theme/registry.go:153.32,154.31 1 1
github.com/Kyanite/noise/internal/theme/registry.go:154.31,156.3 1 0
github.com/Kyanite/noise/internal/theme/registry.go:157.2,157.31 1 1
github.com/Kyanite/noise/internal/theme/registry.go:161.28,163.26 2 1
github.com/Kyanite/noise/internal/theme/registry.go:163.26,165.3 1 1
github.com/Kyanite/noise/internal/theme/registry.go:166.2,166.12 1 1
github.com/Kyanite/noise/internal/theme/theme.go:17.63,21.2 1 0
github.com/Kyanite/noise/internal/theme/theme.go:24.46,28.2 1 0
github.com/Kyanite/noise/internal/theme/theme.go:31.48,35.2 1 0
github.com/Kyanite/noise/internal/theme/theme.go:38.45,42.2 1 0
github.com/Kyanite/noise/internal/theme/theme.go:45.46,50.2 1 0
github.com/Kyanite/noise/internal/theme/theme.go:53.43,57.2 1 0
github.com/Kyanite/noise/internal/plugins/examples/chord_analyzer.go:20.52,37.2 1 1
github.com/Kyanite/noise/internal/plugins/examples/chord_analyzer.go:40.66,42.2 1 1
github.com/Kyanite/noise/internal/plugins/examples/chord_analyzer.go:45.76,49.2 3 1
github.com/Kyanite/noise/internal/plugins/examples/chord_analyzer.go:52.47,54.2 1 1
github.com/Kyanite/noise/internal/plugins/examples/chord_analyzer.go:57.46,60.2 2 1
github.com/Kyanite/noise/internal/plugins/examples/chord_analyzer.go:63.47,66.2 2 1
github.com/Kyanite/noise/internal/plugins/examples/chord_analyzer.go:69.48,71.2 1 1
github.com/Kyanite/noise/internal/plugins/examples/chord_analyzer.go:74.85,86.2 3 1
github.com/Kyanite/noise/internal/plugins/examples/chord_analyzer.go:89.70,95.32 4 1
github.com/Kyanite/noise/internal/plugins/examples/chord_analyzer.go:95.32,96.39 1 1
github.com/Kyanite/noise/internal/plugins/examples/chord_analyzer.go:96.39,98.40 2 1
github.com/Kyanite/noise/internal/plugins/examples/chord_analyzer.go:98.40,100.5 1 1
github.com/Kyanite/noise/internal/plugins/examples/chord_analyzer.go:101.4,101.40 1 1
github.com/Kyanite/noise/internal/plugins/examples/chord_analyzer.go:101.40,103.5 1 1
github.com/Kyanite/noise/internal/plugins/examples/chord_analyzer.go:104.4,104.34 1 1
github.com/Kyanite/noise/internal/plugins/examples/chord_analyzer.go:108.2,108.15 1 1
github.com/Kyanite/noise/internal/plugins/examples/chord_analyzer.go:112.73,116.31 3 1
github.com/Kyanite/noise/internal/plugins/examples/chord_analyzer.go:116.31,117.19 1 1
github.com/Kyanite/noise/internal/plugins/examples/chord_analyzer.go:117.19,120.4 2 1
github.com/Kyanite/noise/internal/plugins/examples/chord_analyzer.go:123.2,123.15 1 1
github.com/Kyanite/noise/internal/plugins/examples/chord_analyzer.go:127.78,131.22 2 1
github.com/Kyanite/noise/internal/plugins/examples/chord_analyzer.go:131.22,134.3 1 1
github.com/Kyanite/noise/internal/plugins/examples/chord_analyzer.go:136.2,136.21 1 1
github.com/Kyanite/noise/internal/plugins/examples/chord_analyzer.go:140.74,143.22 1 1
github.com/Kyanite/noise/internal/plugins/examples/chord_analyzer.go:143.22,145.3 1 1
github.com/Kyanite/noise/internal/plugins/examples/chord_analyzer.go:148.2,149.31 2 1
github.com/Kyanite/noise/internal/plugins/examples/chord_analyzer.go:149.31,151.3 1 1
github.com/Kyanite/noise/internal/plugins/examples/chord_analyzer.go:154.2,156.39 3 1
github.com/Kyanite/noise/internal/plugins/examples/chord_analyzer.go:156.39,157.23 1 1
github.com/Kyanite/noise/internal/plugins/examples/chord_analyzer.go:157.23,160.4 2 1
github.com/Kyanite/noise/internal/plugins/examples/chord_analyzer.go:163.2,163.59 1 1
github.com/Kyanite/noise/internal/plugins/examples/chord_analyzer.go:167.72,168.22 1 1
github.com/Kyanite/noise/internal/plugins/examples/chord_analyzer.go:168.22,170.3 1 1
github.com/Kyanite/noise/internal/plugins/examples/chord_analyzer.go:172.2,174.31 2 1
github.com/Kyanite/noise/internal/plugins/examples/chord_analyzer.go:187.67,193.49 1 1
github.com/Kyanite/noise/internal/plugins/examples/chord_analyzer.go:193.49,195.18 2 1
github.com/Kyanite/noise/internal/plugins/examples/chord_analyzer.go:195.18,197.5 1 0
github.com/Kyanite/noise/internal/plugins/examples/chord_analyzer.go:199.4,205.43 6 1
github.com/Kyanite/noise/internal/plugins/examples/chord_analyzer.go:205.43,207.5 1 1
github.com/Kyanite/noise/internal/plugins/examples/chord_analyzer.go:209.4,209.22 1 1
github.com/Kyanite/noise/internal/plugins/examples/chord_analyzer.go:217.61,219.2 1 1
github.com/Kyanite/noise/internal/plugins/examples/markdown_export.go:19.54,35.2 1 1
github.com/Kyanite/noise/internal/plugins/examples/markdown_export.go:38.67,40.2 1 1
github.com/Kyanite/noise/internal/plugins/examples/markdown_export.go:43.77,49.16 3 1
github.com/Kyanite/noise/internal/plugins/examples/markdown_export.go:49.17,52.3 0 1
github.com/Kyanite/noise/internal/plugins/examples/markdown_export.go:54.2,54.12 1 1
github.com/Kyanite/noise/internal/plugins/examples/markdown_export.go:58.48,60.2 1 1
github.com/Kyanite/noise/internal/plugins/examples/markdown_export.go:63.47,66.2 2 1
github.com/Kyanite/noise/internal/plugins/examples/markdown_export.go:69.48,72.2 2 1
github.com/Kyanite/noise/internal/plugins/examples/markdown_export.go:75.49,77.2 1 1
github.com/Kyanite/noise/internal/plugins/examples/markdown_export.go:80.81,90.29 6 1
github.com/Kyanite/noise/internal/plugins/examples/markdown_export.go:90.29,94.20 2 1
github.com/Kyanite/noise/internal/plugins/examples/markdown_export.go:94.20,95.52 1 1
github.com/Kyanite/noise/internal/plugins/examples/markdown_export.go:95.52,97.5 1 1
github.com/Kyanite/noise/internal/plugins/examples/markdown_export.go:98.4,98.12 1 1
github.com/Kyanite/noise/internal/plugins/examples/markdown_export.go:102.3,102.30 1 1
github.com/Kyanite/noise/internal/plugins/examples/markdown_export.go:102.30,104.4 1 1
github.com/Kyanite/noise/internal/plugins/examples/markdown_export.go:104.9,106.4 1 1
github.com/Kyanite/noise/internal/plugins/examples/markdown_export.go:109.2,109.39 1 1
github.com/Kyanite/noise/internal/plugins/examples/markdown_export.go:113.63,120.45 3 1
github.com/Kyanite/noise/internal/plugins/examples/markdown_export.go:120.45,121.45 1 1
github.com/Kyanite/noise/internal/plugins/examples/markdown_export.go:121.45,123.4 1 1
github.com/Kyanite/noise/internal/plugins/examples/markdown_export.go:126.2,126.14 1 1
github.com/Kyanite/noise/internal/plugins/examples/markdown_export.go:130.72,137.49 1 1
github.com/Kyanite/noise/internal/plugins/examples/markdown_export.go:137.49,139.4 1 1
github.com/Kyanite/noise/internal/plugins/examples/markdown_export.go:145.62,147.2 1 1
github.com/Kyanite/noise/internal/ui/collaboration/presence_indicator.go:41.58,62.2 1 1
github.com/Kyanite/noise/internal/ui/collaboration/presence_indicator.go:65.67,67.2 1 1
github.com/Kyanite/noise/internal/ui/collaboration/presence_indicator.go:69.61,71.2 1 1
github.com/Kyanite/noise/internal/ui/collaboration/presence_indicator.go:74.90,76.2 1 1
github.com/Kyanite/noise/internal/ui/collaboration/presence_indicator.go:79.48,80.28 1 1
github.com/Kyanite/noise/internal/ui/collaboration/presence_indicator.go:80.28,82.3 1 1
github.com/Kyanite/noise/internal/ui/collaboration/presence_indicator.go:84.2,88.28 3 1
github.com/Kyanite/noise/internal/ui/collaboration/presence_indicator.go:88.28,90.3 1 1
github.com/Kyanite/noise/internal/ui/collaboration/presence_indicator.go:90.8,92.3 1 1
github.com/Kyanite/noise/internal/ui/collaboration/presence_indicator.go:94.2,103.41 4 1
github.com/Kyanite/noise/internal/ui/collaboration/presence_indicator.go:103.41,105.3 1 1
github.com/Kyanite/noise/internal/ui/collaboration/presence_indicator.go:108.2,108.65 1 1
github.com/Kyanite/noise/internal/ui/collaboration/presence_indicator.go:112.123,114.42 2 1
github.com/Kyanite/noise/internal/ui/collaboration/presence_indicator.go:114.42,116.3 1 1
github.com/Kyanite/noise/internal/ui/collaboration/presence_indicator.go:116.8,118.3 1 1
github.com/Kyanite/noise/internal/ui/collaboration/presence_indicator.go:121.2,128.20 4 1
github.com/Kyanite/noise/internal/ui/collaboration/presence_indicator.go:128.20,130.3 1 1
github.com/Kyanite/noise/internal/ui/collaboration/presence_indicator.go:133.2,133.62 1 1
github.com/Kyanite/noise/internal/ui/collaboration/presence_indicator.go:133.62,135.3 1 1
github.com/Kyanite/noise/internal/ui/collaboration/presence_indicator.go:138.2,143.19 4 1
github.com/Kyanite/noise/internal/ui/collaboration/presence_indicator.go:143.19,145.20 2 1
github.com/Kyanite/noise/internal/ui/collaboration/presence_indicator.go:145.20,148.4 2 1
github.com/Kyanite/noise/internal/ui/collaboration/presence_indicator.go:151.2,151.27 1 1
github.com/Kyanite/noise/internal/ui/collaboration/presence_indicator.go:155.99,158.25 2 1
github.com/Kyanite/noise/internal/ui/collaboration/presence_indicator.go:159.15,160.36 1 1
github.com/Kyanite/noise/internal/ui/collaboration/presence_indicator.go:161.16,162.36 1 1
github.com/Kyanite/noise/internal/ui/collaboration/presence_indicator.go:163.13,164.36 1 1
github.com/Kyanite/noise/internal/ui/collaboration/presence_indicator.go:165.14,166.36 1 1
github.com/Kyanite/noise/internal/ui/collaboration/presence_indicator.go:167.10,168.36 1 1
github.com/Kyanite/noise/internal/ui/collaboration/presence_indicator.go:171.2,172.41 2 1
github.com/Kyanite/noise/internal/ui/collaboration/presence_indicator.go:176.89,177.14 1 1
github.com/Kyanite/noise/internal/ui/collaboration/presence_indicator.go:178.31,179.22 1 1
github.com/Kyanite/noise/internal/ui/collaboration/presence_indicator.go:180.32,181.24 1 1
github.com/Kyanite/noise/internal/ui/collaboration/presence_indicator.go:182.32,183.27 1 1
github.com/Kyanite/noise/internal/ui/collaboration/presence_indicator.go:184.10,185.12 1 1
github.com/Kyanite/noise/internal/ui/collaboration/presence_indicator.go:190.92,194.36 2 1
github.com/Kyanite/noise/internal/ui/collaboration/presence_indicator.go:195.34,196.49 1 1
github.com/Kyanite/noise/internal/ui/collaboration/presence_indicator.go:197.32,198.36 1 1
github.com/Kyanite/noise/internal/ui/collaboration/presence_indicator.go:199.32,200.36 1 1
github.com/Kyanite/noise/internal/ui/collaboration/presence_indicator.go:201.35,202.39 1 1
github.com/Kyanite/noise/internal/ui/collaboration/presence_indicator.go:206.2,206.24 1 1
github.com/Kyanite/noise/internal/ui/collaboration/presence_indicator.go:207.31,208.45 1 1
github.com/Kyanite/noise/internal/ui/collaboration/presence_indicator.go:209.32,210.40 1 1
github.com/Kyanite/noise/internal/ui/collaboration/presence_indicator.go:211.32,212.41 1 1
github.com/Kyanite/noise/internal/ui/collaboration/presence_indicator.go:215.2,215.43 1 1
github.com/Kyanite/noise/internal/ui/collaboration/presence_indicator.go:219.50,221.2 1 1
github.com/Kyanite/noise/internal/ui/collaboration/presence_indicator.go:224.47,225.27 1 1
github.com/Kyanite/noise/internal/ui/collaboration/presence_indicator.go:225.27,227.3 1 1
github.com/Kyanite/noise/internal/ui/collaboration/presence_indicator.go:231.47,232.27 1 1
github.com/Kyanite/noise/internal/ui/collaboration/presence_indicator.go:232.27,234.3 1 1
github.com/Kyanite/noise/internal/ui/collaboration/presence_indicator.go:238.78,239.63 1 1
github.com/Kyanite/noise/internal/ui/collaboration/presence_indicator.go:239.63,241.3 1 1
github.com/Kyanite/noise/internal/ui/collaboration/presence_indicator.go:242.2,242.34 1 1
github.com/Kyanite/noise/internal/ui/collaboration/status_bar.go:36.58,56.2 1 1
github.com/Kyanite/noise/internal/ui/collaboration/status_bar.go:59.69,61.2 1 1
github.com/Kyanite/noise/internal/ui/collaboration/status_bar.go:63.63,65.2 1 1
github.com/Kyanite/noise/internal/ui/collaboration/status_bar.go:68.159,74.2 5 1
github.com/Kyanite/noise/internal/ui/collaboration/status_bar.go:77.52,79.2 1 1
github.com/Kyanite/noise/internal/ui/collaboration/status_bar.go:82.50,83.26 1 1
github.com/Kyanite/noise/internal/ui/collaboration/status_bar.go:83.26,85.3 1 1
github.com/Kyanite/noise/internal/ui/collaboration/status_bar.go:87.2,90.22 2 1
github.com/Kyanite/noise/internal/ui/collaboration/status_bar.go:90.22,92.3 1 1
github.com/Kyanite/noise/internal/ui/collaboration/status_bar.go:92.8,94.3 1 1
github.com/Kyanite/noise/internal/ui/collaboration/status_bar.go:97.2,97.25 1 1
github.com/Kyanite/noise/internal/ui/collaboration/status_bar.go:97.25,99.28 2 1
github.com/Kyanite/noise/internal/ui/collaboration/status_bar.go:99.28,101.4 1 1
github.com/Kyanite/noise/internal/ui/collaboration/status_bar.go:102.3,102.64 1 1
github.com/Kyanite/noise/internal/ui/collaboration/status_bar.go:106.2,106.30 1 1
github.com/Kyanite/noise/internal/ui/collaboration/status_bar.go:106.30,108.3 1 1
github.com/Kyanite/noise/internal/ui/collaboration/status_bar.go:111.2,111.31 1 1
github.com/Kyanite/noise/internal/ui/collaboration/status_bar.go:111.31,113.3 1 1
github.com/Kyanite/noise/internal/ui/collaboration/status_bar.go:116.2,116.21 1 1
github.com/Kyanite/noise/internal/ui/collaboration/status_bar.go:116.21,119.3 2 1
github.com/Kyanite/noise/internal/ui/collaboration/status_bar.go:121.2,121.52 1 1
github.com/Kyanite/noise/internal/ui/collaboration/status_bar.go:125.59,128.25 2 1
github.com/Kyanite/noise/internal/ui/collaboration/status_bar.go:128.25,130.3 1 1
github.com/Kyanite/noise/internal/ui/collaboration/status_bar.go:132.2,132.30 1 1
github.com/Kyanite/noise/internal/ui/collaboration/status_bar.go:132.30,134.3 1 1
github.com/Kyanite/noise/internal/ui/collaboration/status_bar.go:136.2,136.31 1 1
github.com/Kyanite/noise/internal/ui/collaboration/status_bar.go:136.31,138.3 1 1
github.com/Kyanite/noise/internal/ui/collaboration/status_bar.go:140.2,140.22 1 1
github.com/Kyanite/noise/internal/ui/collaboration/status_bar.go:140.22,142.3 1 1
github.com/Kyanite/noise/internal/ui/collaboration/status_bar.go:142.8,144.3 1 1
github.com/Kyanite/noise/internal/ui/collaboration/status_bar.go:146.2,148.68 2 1
github.com/Kyanite/noise/internal/ui/collaboration/status_bar.go:152.59,153.26 1 1
github.com/Kyanite/noise/internal/ui/collaboration/status_bar.go:153.26,155.3 1 1
github.com/Kyanite/noise/internal/ui/collaboration/status_bar.go:157.2,157.22 1 1
github.com/Kyanite/noise/internal/ui/collaboration/status_bar.go:157.22,159.3 1 1
github.com/Kyanite/noise/internal/ui/collaboration/status_bar.go:161.2,161.57 1 1
github.com/Kyanite/noise/internal/ui/collaboration/status_bar.go:165.52,167.2 1 1
github.com/Kyanite/noise/internal/ui/collaboration/status_bar.go:170.56,172.2 1 1
github.com/Kyanite/noise/internal/ui/collaboration/test_utils.go:4.38,10.2 1 1
github.com/Kyanite/noise/internal/ui/collaboration/test_utils.go:12.43,13.43 1 1
github.com/Kyanite/noise/internal/ui/collaboration/test_utils.go:13.43,14.35 1 1
github.com/Kyanite/noise/internal/ui/collaboration/test_utils.go:14.35,16.4 1 1
github.com/Kyanite/noise/internal/ui/collaboration/test_utils.go:18.2,18.14 1 1
github.com/Kyanite/noise/internal/config/config.go:123.30,197.2 1 1
github.com/Kyanite/noise/internal/config/config.go:200.30,214.35 4 1
github.com/Kyanite/noise/internal/config/config.go:214.35,216.3 1 1
github.com/Kyanite/noise/internal/config/config.go:219.2,226.41 4 1
github.com/Kyanite/noise/internal/config/config.go:226.41,228.56 1 1
github.com/Kyanite/noise/internal/config/config.go:228.56,230.4 1 1
github.com/Kyanite/noise/internal/config/config.go:234.2,234.44 1 1
github.com/Kyanite/noise/internal/config/config.go:234.44,236.3 1 0
github.com/Kyanite/noise/internal/config/config.go:239.2,242.42 2 1
github.com/Kyanite/noise/internal/config/config.go:242.42,244.3 1 0
github.com/Kyanite/noise/internal/config/config.go:246.2,246.20 1 1
github.com/Kyanite/noise/internal/config/config.go:250.31,253.53 2 1
github.com/Kyanite/noise/internal/config/config.go:253.53,255.3 1 1
github.com/Kyanite/noise/internal/config/config.go:257.2,333.16 7 1
github.com/Kyanite/noise/internal/config/config.go:333.16,335.3 1 0
github.com/Kyanite/noise/internal/config/config.go:337.2,337.60 1 1
github.com/Kyanite/noise/internal/config/config.go:337.60,339.3 1 0
github.com/Kyanite/noise/internal/config/config.go:341.2,341.12 1 1
github.com/Kyanite/noise/internal/config/config.go:345.35,347.22 1 1
github.com/Kyanite/noise/internal/config/config.go:347.22,349.3 1 1
github.com/Kyanite/noise/internal/config/config.go:351.2,351.42 1 1
github.com/Kyanite/noise/internal/config/config.go:351.42,353.3 1 1
github.com/Kyanite/noise/internal/config/config.go:356.2,356.41 1 1
github.com/Kyanite/noise/internal/config/config.go:356.41,358.3 1 1
github.com/Kyanite/noise/internal/config/config.go:361.2,361.53 1 1
github.com/Kyanite/noise/internal/config/config.go:361.53,363.3 1 1
github.com/Kyanite/noise/internal/config/config.go:365.2,365.12 1 1
github.com/Kyanite/noise/internal/config/config.go:369.36,371.55 1 1
github.com/Kyanite/noise/internal/config/config.go:371.55,373.3 1 1
github.com/Kyanite/noise/internal/config/config.go:375.2,375.56 1 1
github.com/Kyanite/noise/internal/config/config.go:375.56,377.3 1 0
github.com/Kyanite/noise/internal/config/config.go:380.2,380.56 1 1
github.com/Kyanite/noise/internal/config/config.go:380.56,382.3 1 0
github.com/Kyanite/noise/internal/config/config.go:384.2,384.56 1 1
github.com/Kyanite/noise/internal/config/config.go:384.56,387.3 1 0
github.com/Kyanite/noise/internal/config/config.go:390.2,390.53 1 1
github.com/Kyanite/noise/internal/config/config.go:390.53,392.3 1 1
github.com/Kyanite/noise/internal/config/config.go:394.2,394.54 1 1
github.com/Kyanite/noise/internal/config/config.go:394.54,396.3 1 0
github.com/Kyanite/noise/internal/config/config.go:398.2,398.53 1 1
github.com/Kyanite/noise/internal/config/config.go:398.53,400.3 1 1
github.com/Kyanite/noise/internal/config/config.go:403.2,403.52 1 1
github.com/Kyanite/noise/internal/config/config.go:403.52,405.3 1 1
github.com/Kyanite/noise/internal/config/config.go:407.2,407.56 1 1
github.com/Kyanite/noise/internal/config/config.go:407.56,409.3 1 0
github.com/Kyanite/noise/internal/config/config.go:413.33,415.16 2 1
github.com/Kyanite/noise/internal/config/config.go:415.16,417.3 1 0
github.com/Kyanite/noise/internal/config/config.go:418.2,418.41 1 1
github.com/Kyanite/noise/internal/config/config.go:422.28,424.16 2 1
github.com/Kyanite/noise/internal/config/config.go:424.16,426.3 1 0
github.com/Kyanite/noise/internal/config/config.go:427.2,427.51 1 1
github.com/Kyanite/noise/internal/config/config.go:431.38,432.57 1 1
github.com/Kyanite/noise/internal/config/config.go:432.57,435.3 1 0
github.com/Kyanite/noise/internal/config/config.go:436.2,436.22 1 1
github.com/Kyanite/noise/internal/config/config.go:440.33,442.2 1 1
github.com/Kyanite/noise/internal/config/config.go:445.35,447.2 1 1
github.com/Kyanite/noise/internal/infra/db/db.go:43.35,44.23 1 1
github.com/Kyanite/noise/internal/infra/db/db.go:44.23,46.3 1 0
github.com/Kyanite/noise/internal/infra/db/db.go:48.2,48.56 1 1
github.com/Kyanite/noise/internal/infra/db/db.go:48.56,50.3 1 0
github.com/Kyanite/noise/internal/infra/db/db.go:52.2,55.16 3 1
github.com/Kyanite/noise/internal/infra/db/db.go:55.16,56.31 1 0
github.com/Kyanite/noise/internal/infra/db/db.go:56.31,58.4 1 0
github.com/Kyanite/noise/internal/infra/db/db.go:59.3,59.49 1 0
github.com/Kyanite/noise/internal/infra/db/db.go:62.2,62.36 1 1
github.com/Kyanite/noise/internal/infra/db/db.go:62.36,64.31 2 0
github.com/Kyanite/noise/internal/infra/db/db.go:64.31,66.4 1 0
github.com/Kyanite/noise/internal/infra/db/db.go:67.3,67.49 1 0
github.com/Kyanite/noise/internal/infra/db/db.go:71.2,76.65 4 1
github.com/Kyanite/noise/internal/infra/db/db.go:76.65,78.31 2 0
github.com/Kyanite/noise/internal/infra/db/db.go:78.31,80.4 1 0
github.com/Kyanite/noise/internal/infra/db/db.go:81.3,81.55 1 0
github.com/Kyanite/noise/internal/infra/db/db.go:85.2,85.47 1 1
github.com/Kyanite/noise/internal/infra/db/db.go:85.47,88.3 2 0
github.com/Kyanite/noise/internal/infra/db/db.go:90.2,94.27 4 1
github.com/Kyanite/noise/internal/infra/db/db.go:94.27,96.3 1 1
github.com/Kyanite/noise/internal/infra/db/db.go:98.2,99.80 2 1
github.com/Kyanite/noise/internal/infra/db/db.go:99.80,102.3 2 0
github.com/Kyanite/noise/internal/infra/db/db.go:104.2,105.151 2 1
github.com/Kyanite/noise/internal/infra/db/db.go:105.151,107.3 1 0
github.com/Kyanite/noise/internal/infra/db/db.go:107.8,107.37 1 1
github.com/Kyanite/noise/internal/infra/db/db.go:107.37,109.3 1 1
github.com/Kyanite/noise/internal/infra/db/db.go:109.8,111.3 1 0
github.com/Kyanite/noise/internal/infra/db/db.go:113.2,120.8 2 1
github.com/Kyanite/noise/internal/infra/db/db.go:123.26,130.2 1 0
github.com/Kyanite/noise/internal/infra/db/db.go:132.42,133.16 1 0
github.com/Kyanite/noise/internal/infra/db/db.go:133.16,135.3 1 0
github.com/Kyanite/noise/internal/infra/db/db.go:137.2,142.68 2 0
github.com/Kyanite/noise/internal/infra/db/db.go:145.44,146.16 1 0
github.com/Kyanite/noise/internal/infra/db/db.go:146.16,148.3 1 0
github.com/Kyanite/noise/internal/infra/db/db.go:149.2,149.70 1 0
github.com/Kyanite/noise/internal/infra/db/db.go:153.47,154.15 1 1
github.com/Kyanite/noise/internal/infra/db/db.go:154.15,156.3 1 0
github.com/Kyanite/noise/internal/infra/db/db.go:158.2,160.45 3 1
github.com/Kyanite/noise/internal/infra/db/db.go:163.39,164.15 1 0
github.com/Kyanite/noise/internal/infra/db/db.go:164.15,166.3 1 0
github.com/Kyanite/noise/internal/infra/db/db.go:168.2,170.24 3 0
github.com/Kyanite/noise/internal/infra/db/db.go:174.29,175.20 1 1
github.com/Kyanite/noise/internal/infra/db/db.go:175.20,177.3 1 1
github.com/Kyanite/noise/internal/infra/db/db.go:178.2,178.12 1 0
github.com/Kyanite/noise/internal/infra/db/db.go:182.28,183.33 1 1
github.com/Kyanite/noise/internal/infra/db/db.go:183.33,185.3 1 0
github.com/Kyanite/noise/internal/infra/db/db.go:186.2,186.23 1 1
github.com/Kyanite/noise/internal/infra/db/db.go:190.43,191.45 1 1
github.com/Kyanite/noise/internal/infra/db/db.go:191.45,193.3 1 0
github.com/Kyanite/noise/internal/infra/db/db.go:194.2,194.12 1 1
github.com/Kyanite/noise/internal/infra/db/db.go:198.33,200.16 2 0
github.com/Kyanite/noise/internal/infra/db/db.go:200.16,202.3 1 0
github.com/Kyanite/noise/internal/infra/db/db.go:203.2,203.41 1 0
github.com/Kyanite/noise/internal/infra/db/db.go:207.35,212.2 1 0
github.com/Kyanite/noise/internal/infra/db/db.go:270.61,271.19 1 1
github.com/Kyanite/noise/internal/infra/db/db.go:271.19,273.3 1 0
github.com/Kyanite/noise/internal/infra/db/db.go:274.2,275.62 2 1
github.com/Kyanite/noise/internal/infra/db/db.go:275.62,277.3 1 0
github.com/Kyanite/noise/internal/infra/db/db.go:278.2,278.17 1 1
github.com/Kyanite/noise/internal/infra/db/db.go:282.55,283.16 1 1
github.com/Kyanite/noise/internal/infra/db/db.go:283.16,285.3 1 0
github.com/Kyanite/noise/internal/infra/db/db.go:286.2,287.16 2 1
github.com/Kyanite/noise/internal/infra/db/db.go:287.16,289.3 1 0
github.com/Kyanite/noise/internal/infra/db/db.go:290.2,290.31 1 1
github.com/Kyanite/noise/internal/infra/db/db.go:294.55,295.19 1 1
github.com/Kyanite/noise/internal/infra/db/db.go:295.19,297.3 1 0
github.com/Kyanite/noise/internal/infra/db/db.go:298.2,299.62 2 1
github.com/Kyanite/noise/internal/infra/db/db.go:299.62,301.3 1 0
github.com/Kyanite/noise/internal/infra/db/db.go:302.2,302.17 1 1
github.com/Kyanite/noise/internal/infra/db/db.go:306.49,307.16 1 1
github.com/Kyanite/noise/internal/infra/db/db.go:307.16,309.3 1 0
github.com/Kyanite/noise/internal/infra/db/db.go:310.2,311.16 2 1
github.com/Kyanite/noise/internal/infra/db/db.go:311.16,313.3 1 0
github.com/Kyanite/noise/internal/infra/db/db.go:314.2,314.31 1 1
github.com/Kyanite/noise/internal/infra/db/db.go:320.131,321.15 1 0
github.com/Kyanite/noise/internal/infra/db/db.go:321.15,323.3 1 0
github.com/Kyanite/noise/internal/infra/db/db.go:325.2,340.16 6 0
github.com/Kyanite/noise/internal/infra/db/db.go:344.76,345.15 1 0
github.com/Kyanite/noise/internal/infra/db/db.go:345.15,347.3 1 0
github.com/Kyanite/noise/internal/infra/db/db.go:349.2,356.62 5 0
github.com/Kyanite/noise/internal/infra/db/db.go:356.62,357.38 1 0
github.com/Kyanite/noise/internal/infra/db/db.go:357.38,360.4 2 0
github.com/Kyanite/noise/internal/infra/db/db.go:363.2,363.17 1 0
github.com/Kyanite/noise/internal/infra/db/db.go:367.67,368.15 1 0
github.com/Kyanite/noise/internal/infra/db/db.go:368.15,370.3 1 0
github.com/Kyanite/noise/internal/infra/db/db.go:372.2,375.38 3 0
github.com/Kyanite/noise/internal/infra/db/db.go:375.38,376.23 1 0
github.com/Kyanite/noise/internal/infra/db/db.go:376.23,378.4 1 0
github.com/Kyanite/noise/internal/infra/db/db.go:381.2,381.60 1 0
github.com/Kyanite/noise/internal/infra/db/db.go:385.51,386.15 1 0
github.com/Kyanite/noise/internal/infra/db/db.go:386.15,388.3 1 0
github.com/Kyanite/noise/internal/infra/db/db.go:390.2,393.38 3 0
github.com/Kyanite/noise/internal/infra/db/db.go:393.38,394.23 1 0
github.com/Kyanite/noise/internal/infra/db/db.go:394.23,397.4 2 0
github.com/Kyanite/noise/internal/infra/db/db.go:400.2,400.55 1 0
github.com/Kyanite/noise/internal/infra/db/repository.go:18.67,20.17 1 1
github.com/Kyanite/noise/internal/infra/db/repository.go:20.17,22.3 1 1
github.com/Kyanite/noise/internal/infra/db/repository.go:25.2,32.33 2 1
github.com/Kyanite/noise/internal/infra/db/repository.go:32.33,34.3 1 1
github.com/Kyanite/noise/internal/infra/db/repository.go:37.2,37.25 1 1
github.com/Kyanite/noise/internal/infra/db/repository.go:37.25,39.32 2 1
github.com/Kyanite/noise/internal/infra/db/repository.go:39.32,41.4 1 1
github.com/Kyanite/noise/internal/infra/db/repository.go:44.2,49.16 4 1
github.com/Kyanite/noise/internal/infra/db/repository.go:49.16,53.3 3 0
github.com/Kyanite/noise/internal/infra/db/repository.go:55.2,62.53 4 1
github.com/Kyanite/noise/internal/infra/db/repository.go:62.53,76.17 2 1
github.com/Kyanite/noise/internal/infra/db/repository.go:76.17,77.9 1 1
github.com/Kyanite/noise/internal/infra/db/repository.go:81.3,81.55 1 1
github.com/Kyanite/noise/internal/infra/db/repository.go:81.55,84.12 3 0
github.com/Kyanite/noise/internal/infra/db/repository.go:88.3,89.64 2 1
github.com/Kyanite/noise/internal/infra/db/repository.go:89.64,91.4 1 1
github.com/Kyanite/noise/internal/infra/db/repository.go:91.9,91.76 1 0
github.com/Kyanite/noise/internal/infra/db/repository.go:91.76,93.4 1 0
github.com/Kyanite/noise/internal/infra/db/repository.go:95.3,96.20 2 1
github.com/Kyanite/noise/internal/infra/db/repository.go:100.2,101.16 2 1
github.com/Kyanite/noise/internal/infra/db/repository.go:101.16,105.3 3 0
github.com/Kyanite/noise/internal/infra/db/repository.go:107.2,112.18 3 1
github.com/Kyanite/noise/internal/infra/db/repository.go:116.118,118.17 1 1
github.com/Kyanite/noise/internal/infra/db/repository.go:118.17,120.3 1 0
github.com/Kyanite/noise/internal/infra/db/repository.go:123.2,130.33 2 1
github.com/Kyanite/noise/internal/infra/db/repository.go:130.33,132.3 1 0
github.com/Kyanite/noise/internal/infra/db/repository.go:135.2,135.25 1 1
github.com/Kyanite/noise/internal/infra/db/repository.go:135.25,137.32 2 1
github.com/Kyanite/noise/internal/infra/db/repository.go:137.32,139.4 1 0
github.com/Kyanite/noise/internal/infra/db/repository.go:142.2,146.16 4 1
github.com/Kyanite/noise/internal/infra/db/repository.go:146.16,148.3 1 0
github.com/Kyanite/noise/internal/infra/db/repository.go:149.2,149.15 1 1
github.com/Kyanite/noise/internal/infra/db/repository.go:149.15,150.17 1 1
github.com/Kyanite/noise/internal/infra/db/repository.go:150.17,151.17 1 0
github.com/Kyanite/noise/internal/infra/db/repository.go:151.17,153.5 1 0
github.com/Kyanite/noise/internal/infra/db/repository.go:158.2,159.16 2 1
github.com/Kyanite/noise/internal/infra/db/repository.go:159.16,163.3 3 0
github.com/Kyanite/noise/internal/infra/db/repository.go:165.2,172.53 4 1
github.com/Kyanite/noise/internal/infra/db/repository.go:172.53,186.17 2 1
github.com/Kyanite/noise/internal/infra/db/repository.go:186.17,187.9 1 1
github.com/Kyanite/noise/internal/infra/db/repository.go:191.3,191.55 1 0
github.com/Kyanite/noise/internal/infra/db/repository.go:191.55,194.12 3 0
github.com/Kyanite/noise/internal/infra/db/repository.go:198.3,199.64 2 0
github.com/Kyanite/noise/internal/infra/db/repository.go:199.64,201.4 1 0
github.com/Kyanite/noise/internal/infra/db/repository.go:201.9,201.76 1 0
github.com/Kyanite/noise/internal/infra/db/repository.go:201.76,203.4 1 0
github.com/Kyanite/noise/internal/infra/db/repository.go:205.3,206.25 2 0
github.com/Kyanite/noise/internal/infra/db/repository.go:210.2,211.16 2 1
github.com/Kyanite/noise/internal/infra/db/repository.go:211.16,215.3 3 0
github.com/Kyanite/noise/internal/infra/db/repository.go:217.2,239.16 5 1
github.com/Kyanite/noise/internal/infra/db/repository.go:239.16,243.3 3 0
github.com/Kyanite/noise/internal/infra/db/repository.go:245.2,246.16 2 1
github.com/Kyanite/noise/internal/infra/db/repository.go:246.16,250.3 3 0
github.com/Kyanite/noise/internal/infra/db/repository.go:252.2,255.73 2 1
github.com/Kyanite/noise/internal/infra/db/repository.go:255.73,257.3 1 0
github.com/Kyanite/noise/internal/infra/db/repository.go:260.2,265.27 2 1
github.com/Kyanite/noise/internal/infra/db/repository.go:269.53,271.13 1 1
github.com/Kyanite/noise/internal/infra/db/repository.go:271.13,273.3 1 0
github.com/Kyanite/noise/internal/infra/db/repository.go:276.2,276.48 1 1
github.com/Kyanite/noise/internal/infra/db/repository.go:276.48,278.3 1 0
github.com/Kyanite/noise/internal/infra/db/repository.go:280.2,306.16 8 1
github.com/Kyanite/noise/internal/infra/db/repository.go:306.16,308.36 2 0
github.com/Kyanite/noise/internal/infra/db/repository.go:308.36,311.4 2 0
github.com/Kyanite/noise/internal/infra/db/repository.go:313.3,314.20 2 0
github.com/Kyanite/noise/internal/infra/db/repository.go:318.2,319.16 2 1
github.com/Kyanite/noise/internal/infra/db/repository.go:319.16,323.3 3 0
github.com/Kyanite/noise/internal/infra/db/repository.go:326.2,331.19 3 1
github.com/Kyanite/noise/internal/infra/db/repository.go:335.72,358.16 6 1
github.com/Kyanite/noise/internal/infra/db/repository.go:358.16,359.27 1 1
github.com/Kyanite/noise/internal/infra/db/repository.go:359.27,361.4 1 1
github.com/Kyanite/noise/internal/infra/db/repository.go:362.3,362.56 1 0
github.com/Kyanite/noise/internal/infra/db/repository.go:366.2,367.16 2 0
github.com/Kyanite/noise/internal/infra/db/repository.go:367.16,369.3 1 0
github.com/Kyanite/noise/internal/infra/db/repository.go:371.2,371.19 1 0
github.com/Kyanite/noise/internal/infra/db/repository.go:375.51,377.16 2 1
github.com/Kyanite/noise/internal/infra/db/repository.go:377.16,379.3 1 0
github.com/Kyanite/noise/internal/infra/db/repository.go:381.2,398.16 3 1
github.com/Kyanite/noise/internal/infra/db/repository.go:398.16,400.3 1 0
github.com/Kyanite/noise/internal/infra/db/repository.go:402.2,402.12 1 1
github.com/Kyanite/noise/internal/infra/db/repository.go:406.40,410.16 3 1
github.com/Kyanite/noise/internal/infra/db/repository.go:410.16,412.3 1 0
github.com/Kyanite/noise/internal/infra/db/repository.go:414.2,415.16 2 1
github.com/Kyanite/noise/internal/infra/db/repository.go:415.16,417.3 1 0
github.com/Kyanite/noise/internal/infra/db/repository.go:419.2,419.23 1 1
github.com/Kyanite/noise/internal/infra/db/repository.go:419.23,421.3 1 1
github.com/Kyanite/noise/internal/infra/db/repository.go:423.2,423.12 1 1
github.com/Kyanite/noise/internal/infra/db/repository.go:427.68,428.16 1 1
github.com/Kyanite/noise/internal/infra/db/repository.go:428.16,430.3 1 0
github.com/Kyanite/noise/internal/infra/db/repository.go:432.2,437.16 3 1
github.com/Kyanite/noise/internal/infra/db/repository.go:437.16,439.3 1 0
github.com/Kyanite/noise/internal/infra/db/repository.go:440.2,443.18 3 1
github.com/Kyanite/noise/internal/infra/db/repository.go:443.18,460.17 4 1
github.com/Kyanite/noise/internal/infra/db/repository.go:460.17,462.4 1 0
github.com/Kyanite/noise/internal/infra/db/repository.go:465.3,466.17 2 1
github.com/Kyanite/noise/internal/infra/db/repository.go:466.17,468.4 1 0
github.com/Kyanite/noise/internal/infra/db/repository.go:470.3,470.31 1 1
github.com/Kyanite/noise/internal/infra/db/repository.go:473.2,473.34 1 1
github.com/Kyanite/noise/internal/infra/db/repository.go:473.34,475.3 1 0
github.com/Kyanite/noise/internal/infra/db/repository.go:477.2,477.19 1 1
github.com/Kyanite/noise/internal/infra/db/repository.go:481.76,482.16 1 1
github.com/Kyanite/noise/internal/infra/db/repository.go:482.16,484.3 1 0
github.com/Kyanite/noise/internal/infra/db/repository.go:487.2,495.16 4 1
github.com/Kyanite/noise/internal/infra/db/repository.go:495.16,497.3 1 0
github.com/Kyanite/noise/internal/infra/db/repository.go:498.2,501.18 3 1
github.com/Kyanite/noise/internal/infra/db/repository.go:501.18,518.17 4 1
github.com/Kyanite/noise/internal/infra/db/repository.go:518.17,520.4 1 0
github.com/Kyanite/noise/internal/infra/db/repository.go:523.3,524.17 2 1
github.com/Kyanite/noise/internal/infra/db/repository.go:524.17,526.4 1 0
github.com/Kyanite/noise/internal/infra/db/repository.go:528.3,528.31 1 1
github.com/Kyanite/noise/internal/infra/db/repository.go:531.2,531.34 1 1
github.com/Kyanite/noise/internal/infra/db/repository.go:531.34,533.3 1 0
github.com/Kyanite/noise/internal/infra/db/repository.go:535.2,535.19 1 1
github.com/Kyanite/noise/internal/infra/db/repository.go:539.111,542.35 2 1
github.com/Kyanite/noise/internal/infra/db/repository.go:542.35,544.3 1 0
github.com/Kyanite/noise/internal/infra/db/repository.go:546.2,551.16 3 1
github.com/Kyanite/noise/internal/infra/db/repository.go:551.16,552.61 1 0
github.com/Kyanite/noise/internal/infra/db/repository.go:552.61,555.4 2 0
github.com/Kyanite/noise/internal/infra/db/repository.go:556.3,556.48 1 0
github.com/Kyanite/noise/internal/infra/db/repository.go:559.2,560.16 2 1
github.com/Kyanite/noise/internal/infra/db/repository.go:560.16,562.3 1 0
github.com/Kyanite/noise/internal/infra/db/repository.go:564.2,573.21 2 1
github.com/Kyanite/noise/internal/infra/db/repository.go:577.77,578.16 1 1
github.com/Kyanite/noise/internal/infra/db/repository.go:578.16,580.3 1 0
github.com/Kyanite/noise/internal/infra/db/repository.go:583.2,583.35 1 1
github.com/Kyanite/noise/internal/infra/db/repository.go:583.35,585.3 1 0
github.com/Kyanite/noise/internal/infra/db/repository.go:587.2,592.16 3 1
github.com/Kyanite/noise/internal/infra/db/repository.go:592.16,594.3 1 0
github.com/Kyanite/noise/internal/infra/db/repository.go:595.2,598.18 3 1
github.com/Kyanite/noise/internal/infra/db/repository.go:598.18,609.17 3 1
github.com/Kyanite/noise/internal/infra/db/repository.go:609.17,611.4 1 0
github.com/Kyanite/noise/internal/infra/db/repository.go:613.3,613.40 1 1
github.com/Kyanite/noise/internal/infra/db/repository.go:616.2,616.34 1 1
github.com/Kyanite/noise/internal/infra/db/repository.go:616.34,618.3 1 0
github.com/Kyanite/noise/internal/infra/db/repository.go:620.2,620.22 1 1
github.com/Kyanite/noise/internal/infra/db/repository.go:624.59,626.35 1 1
github.com/Kyanite/noise/internal/infra/db/repository.go:626.35,628.3 1 0
github.com/Kyanite/noise/internal/infra/db/repository.go:630.2,645.16 5 1
github.com/Kyanite/noise/internal/infra/db/repository.go:645.16,646.27 1 1
github.com/Kyanite/noise/internal/infra/db/repository.go:646.27,648.4 1 1
github.com/Kyanite/noise/internal/infra/db/repository.go:649.3,649.47 1 0
github.com/Kyanite/noise/internal/infra/db/repository.go:652.2,652.22 1 1
github.com/Kyanite/noise/internal/infra/db/repository.go:656.43,658.35 1 1
github.com/Kyanite/noise/internal/infra/db/repository.go:658.35,660.3 1 0
github.com/Kyanite/noise/internal/infra/db/repository.go:662.2,665.16 3 1
github.com/Kyanite/noise/internal/infra/db/repository.go:665.16,667.3 1 0
github.com/Kyanite/noise/internal/infra/db/repository.go:669.2,670.16 2 1
github.com/Kyanite/noise/internal/infra/db/repository.go:670.16,672.3 1 0
github.com/Kyanite/noise/internal/infra/db/repository.go:674.2,674.23 1 1
github.com/Kyanite/noise/internal/infra/db/repository.go:674.23,676.3 1 0
github.com/Kyanite/noise/internal/infra/db/repository.go:678.2,678.12 1 1
github.com/Kyanite/noise/internal/infra/db/repository.go:682.121,687.16 4 1
github.com/Kyanite/noise/internal/infra/db/repository.go:687.16,689.3 1 0
github.com/Kyanite/noise/internal/infra/db/repository.go:690.2,690.15 1 1
github.com/Kyanite/noise/internal/infra/db/repository.go:690.15,691.17 1 1
github.com/Kyanite/noise/internal/infra/db/repository.go:691.17,692.17 1 0
github.com/Kyanite/noise/internal/infra/db/repository.go:692.17,694.5 1 0
github.com/Kyanite/noise/internal/infra/db/repository.go:699.2,700.16 2 1
github.com/Kyanite/noise/internal/infra/db/repository.go:700.16,702.3 1 0
github.com/Kyanite/noise/internal/infra/db/repository.go:704.2,721.16 3 1
github.com/Kyanite/noise/internal/infra/db/repository.go:721.16,723.3 1 0
github.com/Kyanite/noise/internal/infra/db/repository.go:726.2,745.16 4 1
github.com/Kyanite/noise/internal/infra/db/repository.go:745.16,749.3 3 0
github.com/Kyanite/noise/internal/infra/db/repository.go:752.2,752.73 1 1
github.com/Kyanite/noise/internal/infra/db/repository.go:752.73,754.3 1 0
github.com/Kyanite/noise/internal/infra/db/repository.go:756.2,762.12 2 1
github.com/Kyanite/noise/internal/infra/db/repository.go:766.72,767.25 1 1
github.com/Kyanite/noise/internal/infra/db/repository.go:767.25,769.3 1 0
github.com/Kyanite/noise/internal/infra/db/repository.go:771.2,775.16 4 1
github.com/Kyanite/noise/internal/infra/db/repository.go:775.16,777.3 1 0
github.com/Kyanite/noise/internal/infra/db/repository.go:778.2,778.15 1 1
github.com/Kyanite/noise/internal/infra/db/repository.go:778.15,779.17 1 1
github.com/Kyanite/noise/internal/infra/db/repository.go:779.17,780.17 1 0
github.com/Kyanite/noise/internal/infra/db/repository.go:780.17,782.5 1 0
github.com/Kyanite/noise/internal/infra/db/repository.go:787.2,791.34 2 1
github.com/Kyanite/noise/internal/infra/db/repository.go:791.34,800.17 2 1
github.com/Kyanite/noise/internal/infra/db/repository.go:800.17,802.4 1 0
github.com/Kyanite/noise/internal/infra/db/repository.go:806.2,806.68 1 1
github.com/Kyanite/noise/internal/infra/db/repository.go:806.68,808.3 1 0
github.com/Kyanite/noise/internal/infra/db/repository.go:810.2,811.12 2 1
github.com/Kyanite/noise/internal/infra/db/repository.go:816.87,818.16 2 1
github.com/Kyanite/noise/internal/infra/db/repository.go:818.16,820.3 1 0
github.com/Kyanite/noise/internal/infra/db/repository.go:821.2,821.15 1 1
github.com/Kyanite/noise/internal/infra/db/repository.go:821.15,822.17 1 1
github.com/Kyanite/noise/internal/infra/db/repository.go:822.17,823.17 1 1
github.com/Kyanite/noise/internal/infra/db/repository.go:823.17,825.5 1 1
github.com/Kyanite/noise/internal/infra/db/repository.go:829.2,829.30 1 1
github.com/Kyanite/noise/internal/infra/db/repository.go:829.30,831.3 1 1
github.com/Kyanite/noise/internal/infra/db/repository.go:833.2,833.72 1 0
github.com/Kyanite/noise/internal/infra/db/repository.go:833.72,835.3 1 0
github.com/Kyanite/noise/internal/infra/db/repository.go:837.2,837.12 1 0
github.com/Kyanite/noise/internal/infra/db/repository.go:841.61,855.16 3 1
github.com/Kyanite/noise/internal/infra/db/repository.go:855.16,857.3 1 0
github.com/Kyanite/noise/internal/infra/db/repository.go:859.2,859.12 1 1
github.com/Kyanite/noise/internal/infra/db/repository.go:863.70,878.16 5 1
github.com/Kyanite/noise/internal/infra/db/repository.go:878.16,879.27 1 0
github.com/Kyanite/noise/internal/infra/db/repository.go:879.27,881.4 1 0
github.com/Kyanite/noise/internal/infra/db/repository.go:882.3,882.45 1 0
github.com/Kyanite/noise/internal/infra/db/repository.go:885.2,885.20 1 1
github.com/Kyanite/noise/internal/infra/db/repository.go:889.83,895.16 3 1
github.com/Kyanite/noise/internal/infra/db/repository.go:895.16,897.3 1 0
github.com/Kyanite/noise/internal/infra/db/repository.go:898.2,901.18 3 1
github.com/Kyanite/noise/internal/infra/db/repository.go:901.18,913.17 3 1
github.com/Kyanite/noise/internal/infra/db/repository.go:913.17,915.4 1 0
github.com/Kyanite/noise/internal/infra/db/repository.go:917.3,917.31 1 1
github.com/Kyanite/noise/internal/infra/db/repository.go:920.2,920.34 1 1
github.com/Kyanite/noise/internal/infra/db/repository.go:920.34,922.3 1 0
github.com/Kyanite/noise/internal/infra/db/repository.go:924.2,924.19 1 1
github.com/Kyanite/noise/internal/infra/db/repository.go:928.61,942.16 3 1
github.com/Kyanite/noise/internal/infra/db/repository.go:942.16,944.3 1 0
github.com/Kyanite/noise/internal/infra/db/repository.go:946.2,946.12 1 1
github.com/Kyanite/noise/internal/infra/db/repository.go:950.79,952.16 2 1
github.com/Kyanite/noise/internal/infra/db/repository.go:952.16,954.3 1 0
github.com/Kyanite/noise/internal/infra/db/repository.go:956.2,967.16 3 1
github.com/Kyanite/noise/internal/infra/db/repository.go:967.16,969.3 1 0
github.com/Kyanite/noise/internal/infra/db/repository.go:971.2,972.16 2 1
github.com/Kyanite/noise/internal/infra/db/repository.go:972.16,974.3 1 0
github.com/Kyanite/noise/internal/infra/db/repository.go:976.2,977.21 2 1
[...]
github.com/Kyanite/noise/internal/collaboration/presence.go:265.39,266.32 1 0
github.com/Kyanite/noise/internal/collaboration/presence.go:266.32,268.4 1 0
github.com/Kyanite/noise/internal/collaboration/presence.go:271.2,271.14 1 0
github.com/Kyanite/noise/internal/collaboration/presence.go:275.57,280.13 4 0
github.com/Kyanite/noise/internal/collaboration/presence.go:280.13,282.3 1 0
github.com/Kyanite/noise/internal/collaboration/presence.go:284.2,291.4 2 0
github.com/Kyanite/noise/internal/collaboration/presence.go:295.91,300.13 4 0
github.com/Kyanite/noise/internal/collaboration/presence.go:300.13,302.3 1 0
github.com/Kyanite/noise/internal/collaboration/presence.go:304.2,305.32 2 0
github.com/Kyanite/noise/internal/collaboration/presence.go:309.82,314.13 4 0
github.com/Kyanite/noise/internal/collaboration/presence.go:314.13,320.3 1 0
github.com/Kyanite/noise/internal/collaboration/presence.go:322.2,322.54 1 0
github.com/Kyanite/noise/internal/collaboration/presence.go:326.102,331.13 4 0
github.com/Kyanite/noise/internal/collaboration/presence.go:331.13,333.3 1 0
github.com/Kyanite/noise/internal/collaboration/presence.go:335.2,336.43 2 0
github.com/Kyanite/noise/internal/collaboration/presence.go:336.43,338.22 2 0
github.com/Kyanite/noise/internal/collaboration/presence.go:338.22,339.12 1 0
github.com/Kyanite/noise/internal/collaboration/presence.go:342.3,350.45 2 0
github.com/Kyanite/noise/internal/collaboration/presence.go:353.2,353.19 1 0
github.com/Kyanite/noise/internal/collaboration/presence.go:375.67,376.9 1 0
github.com/Kyanite/noise/internal/collaboration/presence.go:377.34,377.34 0 0
github.com/Kyanite/noise/internal/collaboration/presence.go:378.10,378.10 0 0
github.com/Kyanite/noise/internal/collaboration/presence.go:383.52,384.6 1 1
github.com/Kyanite/noise/internal/collaboration/presence.go:384.6,385.10 1 1
github.com/Kyanite/noise/internal/collaboration/presence.go:386.24,387.10 1 1
github.com/Kyanite/noise/internal/collaboration/presence.go:388.37,389.33 1 0
github.com/Kyanite/noise/internal/collaboration/presence.go:394.69,395.20 1 0
github.com/Kyanite/noise/internal/collaboration/presence.go:396.26,397.33 1 0
github.com/Kyanite/noise/internal/collaboration/presence.go:397.33,403.4 1 0
github.com/Kyanite/noise/internal/collaboration/presence.go:404.24,404.24 0 0
github.com/Kyanite/noise/internal/collaboration/presence.go:410.47,414.6 3 1
github.com/Kyanite/noise/internal/collaboration/presence.go:414.6,415.10 1 1
github.com/Kyanite/noise/internal/collaboration/presence.go:416.24,417.10 1 1
github.com/Kyanite/noise/internal/collaboration/presence.go:418.19,419.29 1 1
github.com/Kyanite/noise/internal/collaboration/presence.go:424.51,432.44 6 1
github.com/Kyanite/noise/internal/collaboration/presence.go:432.44,433.84 1 0
github.com/Kyanite/noise/internal/collaboration/presence.go:433.84,435.4 1 0
github.com/Kyanite/noise/internal/collaboration/presence.go:439.2,439.35 1 0
github.com/Kyanite/noise/internal/collaboration/presence.go:439.35,454.3 4 0
github.com/Kyanite/noise/internal/collaboration/presence.go:457.95,458.16 1 0
github.com/Kyanite/noise/internal/collaboration/presence.go:459.20,465.4 1 0
github.com/Kyanite/noise/internal/collaboration/presence.go:466.18,472.4 1 0
github.com/Kyanite/noise/internal/collaboration/presence.go:473.18,479.4 1 0
github.com/Kyanite/noise/internal/collaboration/presence.go:480.21,486.4 1 0
github.com/Kyanite/noise/internal/collaboration/presence.go:487.10,493.4 1 0
github.com/Kyanite/noise/internal/collaboration/presence.go:498.42,501.2 2 1
github.com/Kyanite/noise/internal/collaboration/session_manager.go:24.42,31.2 2 1
github.com/Kyanite/noise/internal/collaboration/session_manager.go:39.3,44.2 4 1
github.com/Kyanite/noise/internal/collaboration/session_manager.go:47.125,68.32 7 0
github.com/Kyanite/noise/internal/collaboration/session_manager.go:68.32,70.3 1 0
github.com/Kyanite/noise/internal/collaboration/session_manager.go:72.2,72.21 1 0
github.com/Kyanite/noise/internal/collaboration/session_manager.go:76.115,81.13 4 0
github.com/Kyanite/noise/internal/collaboration/session_manager.go:81.13,83.3 1 0
github.com/Kyanite/noise/internal/collaboration/session_manager.go:85.2,85.23 1 0
github.com/Kyanite/noise/internal/collaboration/session_manager.go:85.23,87.3 1 0
github.com/Kyanite/noise/internal/collaboration/session_manager.go:90.2,90.73 1 0
github.com/Kyanite/noise/internal/collaboration/session_manager.go:90.73,92.3 1 0
github.com/Kyanite/noise/internal/collaboration/session_manager.go:95.2,95.81 1 0
github.com/Kyanite/noise/internal/collaboration/session_manager.go:95.81,97.3 1 0
github.com/Kyanite/noise/internal/collaboration/session_manager.go:100.2,114.28 3 0
github.com/Kyanite/noise/internal/collaboration/session_manager.go:114.28,116.3 1 0
github.com/Kyanite/noise/internal/collaboration/session_manager.go:118.2,118.21 1 0
github.com/Kyanite/noise/internal/collaboration/session_manager.go:122.72,127.13 4 0
github.com/Kyanite/noise/internal/collaboration/session_manager.go:127.13,129.3 1 0
github.com/Kyanite/noise/internal/collaboration/session_manager.go:131.2,132.24 2 0
github.com/Kyanite/noise/internal/collaboration/session_manager.go:132.24,134.3 1 0
github.com/Kyanite/noise/internal/collaboration/session_manager.go:137.2,140.42 2 0
github.com/Kyanite/noise/internal/collaboration/session_manager.go:140.42,144.31 2 0
github.com/Kyanite/noise/internal/collaboration/session_manager.go:144.31,146.4 1 0
github.com/Kyanite/noise/internal/collaboration/session_manager.go:147.8,149.27 1 0
github.com/Kyanite/noise/internal/collaboration/session_manager.go:149.27,151.4 1 0
github.com/Kyanite/noise/internal/collaboration/session_manager.go:154.2,154.12 1 0
github.com/Kyanite/noise/internal/collaboration/session_manager.go:158.62,163.13 4 0
github.com/Kyanite/noise/internal/collaboration/session_manager.go:163.13,165.3 1 0
github.com/Kyanite/noise/internal/collaboration/session_manager.go:167.2,170.30 2 0
github.com/Kyanite/noise/internal/collaboration/session_manager.go:170.30,172.3 1 0
github.com/Kyanite/noise/internal/collaboration/session_manager.go:174.2,174.12 1 0
github.com/Kyanite/noise/internal/collaboration/session_manager.go:178.74,183.13 4 0
github.com/Kyanite/noise/internal/collaboration/session_manager.go:183.13,185.3 1 0
github.com/Kyanite/noise/internal/collaboration/session_manager.go:187.2,187.21 1 0
github.com/Kyanite/noise/internal/collaboration/session_manager.go:191.85,196.13 4 0
github.com/Kyanite/noise/internal/collaboration/session_manager.go:196.13,198.3 1 0
github.com/Kyanite/noise/internal/collaboration/session_manager.go:200.2,201.33 2 0
github.com/Kyanite/noise/internal/collaboration/session_manager.go:201.33,203.3 1 0
github.com/Kyanite/noise/internal/collaboration/session_manager.go:205.2,205.20 1 0
github.com/Kyanite/noise/internal/collaboration/session_manager.go:209.90,214.13 4 0
github.com/Kyanite/noise/internal/collaboration/session_manager.go:214.13,216.3 1 0
github.com/Kyanite/noise/internal/collaboration/session_manager.go:218.2,219.13 2 0
github.com/Kyanite/noise/internal/collaboration/session_manager.go:219.13,221.3 1 0
github.com/Kyanite/noise/internal/collaboration/session_manager.go:223.2,223.25 1 0
github.com/Kyanite/noise/internal/collaboration/session_manager.go:227.58,232.38 4 0
github.com/Kyanite/noise/internal/collaboration/session_manager.go:232.38,233.23 1 0
github.com/Kyanite/noise/internal/collaboration/session_manager.go:233.23,235.4 1 0
github.com/Kyanite/noise/internal/collaboration/session_manager.go:238.2,238.17 1 0
github.com/Kyanite/noise/internal/collaboration/session_manager.go:242.72,247.38 4 0
github.com/Kyanite/noise/internal/collaboration/session_manager.go:247.38,248.66 1 0
github.com/Kyanite/noise/internal/collaboration/session_manager.go:248.66,249.63 1 0
github.com/Kyanite/noise/internal/collaboration/session_manager.go:249.63,251.5 1 0
github.com/Kyanite/noise/internal/collaboration/session_manager.go:255.2,255.17 1 0
github.com/Kyanite/noise/internal/collaboration/session_manager.go:259.104,264.13 4 0
github.com/Kyanite/noise/internal/collaboration/session_manager.go:264.13,266.3 1 0
github.com/Kyanite/noise/internal/collaboration/session_manager.go:268.2,269.13 2 0
github.com/Kyanite/noise/internal/collaboration/session_manager.go:269.13,271.3 1 0
github.com/Kyanite/noise/internal/collaboration/session_manager.go:273.2,276.12 3 0
github.com/Kyanite/noise/internal/collaboration/session_manager.go:280.74,285.13 4 0
github.com/Kyanite/noise/internal/collaboration/session_manager.go:285.13,287.3 1 0
github.com/Kyanite/noise/internal/collaboration/session_manager.go:289.2,290.15 2 0
github.com/Kyanite/noise/internal/collaboration/session_manager.go:294.49,299.2 3 0
github.com/Kyanite/noise/internal/collaboration/session_manager.go:302.55,307.38 4 0
github.com/Kyanite/noise/internal/collaboration/session_manager.go:307.38,308.23 1 0
github.com/Kyanite/noise/internal/collaboration/session_manager.go:308.23,310.4 1 0
github.com/Kyanite/noise/internal/collaboration/session_manager.go:313.2,313.14 1 0
github.com/Kyanite/noise/internal/collaboration/session_manager.go:317.84,324.46 5 0
github.com/Kyanite/noise/internal/collaboration/session_manager.go:324.46,326.63 1 0
github.com/Kyanite/noise/internal/collaboration/session_manager.go:326.63,331.4 3 0
github.com/Kyanite/noise/internal/collaboration/session_manager.go:334.2,334.24 1 0
github.com/Kyanite/noise/internal/collaboration/session_manager.go:339.94,340.14 1 0
github.com/Kyanite/noise/internal/collaboration/session_manager.go:341.17,347.4 1 0
github.com/Kyanite/noise/internal/collaboration/session_manager.go:348.18,354.4 1 0
github.com/Kyanite/noise/internal/collaboration/session_manager.go:355.18,361.4 1 0
github.com/Kyanite/noise/internal/collaboration/session_manager.go:362.10,363.34 1 0
github.com/Kyanite/noise/internal/collaboration/session_manager.go:389.48,393.2 1 0
github.com/Kyanite/noise/internal/collaboration/session_manager.go:396.155,414.2 5 0
github.com/Kyanite/noise/internal/collaboration/session_manager.go:417.89,422.13 4 0
github.com/Kyanite/noise/internal/collaboration/session_manager.go:422.13,424.3 1 0
github.com/Kyanite/noise/internal/collaboration/session_manager.go:426.2,426.44 1 0
github.com/Kyanite/noise/internal/collaboration/session_manager.go:426.44,428.3 1 0
github.com/Kyanite/noise/internal/collaboration/session_manager.go:430.2,430.25 1 0
github.com/Kyanite/noise/internal/collaboration/session_manager.go:430.25,432.3 1 0
github.com/Kyanite/noise/internal/collaboration/session_manager.go:434.2,435.24 2 0
github.com/Kyanite/noise/internal/collaboration/session_manager.go:439.75,444.13 4 0
github.com/Kyanite/noise/internal/collaboration/session_manager.go:444.13,446.3 1 0
github.com/Kyanite/noise/internal/collaboration/session_manager.go:449.2,450.12 2 0
github.com/Kyanite/noise/internal/collaboration/session_manager.go:454.86,459.13 4 0
github.com/Kyanite/noise/internal/collaboration/session_manager.go:459.13,461.3 1 0
github.com/Kyanite/noise/internal/collaboration/session_manager.go:463.2,463.24 1 0
github.com/Kyanite/noise/internal/collaboration/session_manager.go:467.81,472.44 4 0
github.com/Kyanite/noise/internal/collaboration/session_manager.go:472.44,473.101 1 0
github.com/Kyanite/noise/internal/collaboration/session_manager.go:473.101,475.4 1 0
github.com/Kyanite/noise/internal/collaboration/session_manager.go:478.2,478.24 1 0
github.com/Kyanite/noise/internal/collaboration/session_manager.go:482.86,487.44 4 0
github.com/Kyanite/noise/internal/collaboration/session_manager.go:487.44,488.107 1 0
github.com/Kyanite/noise/internal/collaboration/session_manager.go:488.107,490.4 1 0
github.com/Kyanite/noise/internal/collaboration/session_manager.go:493.2,493.27 1 0
github.com/Kyanite/noise/internal/collaboration/session_manager.go:497.72,504.45 5 0
github.com/Kyanite/noise/internal/collaboration/session_manager.go:504.45,505.38 1 0
github.com/Kyanite/noise/internal/collaboration/session_manager.go:505.38,508.4 2 0
github.com/Kyanite/noise/internal/collaboration/session_manager.go:511.2,511.16 1 0
github.com/Kyanite/noise/internal/collaboration/session_manager.go:516.36,518.2 1 0
github.com/Kyanite/noise/internal/collaboration/test_infrastructure.go:23.26,30.2 1 1
github.com/Kyanite/noise/internal/collaboration/test_infrastructure.go:33.46,37.2 3 0
github.com/Kyanite/noise/internal/collaboration/test_infrastructure.go:49.74,66.34 5 1
github.com/Kyanite/noise/internal/collaboration/test_infrastructure.go:66.34,67.28 1 1
github.com/Kyanite/noise/internal/collaboration/test_infrastructure.go:67.28,73.5 1 0
github.com/Kyanite/noise/internal/collaboration/test_infrastructure.go:75.35,76.29 1 0
github.com/Kyanite/noise/internal/collaboration/test_infrastructure.go:76.29,82.5 1 0
github.com/Kyanite/noise/internal/collaboration/test_infrastructure.go:84.29,90.4 1 0
github.com/Kyanite/noise/internal/collaboration/test_infrastructure.go:93.2,93.12 1 1
github.com/Kyanite/noise/internal/collaboration/test_infrastructure.go:97.77,101.2 3 0
github.com/Kyanite/noise/internal/collaboration/test_infrastructure.go:104.71,111.2 5 0
github.com/Kyanite/noise/internal/collaboration/test_infrastructure.go:114.52,118.2 3 0
github.com/Kyanite/noise/internal/collaboration/test_infrastructure.go:136.50,146.26 3 1
github.com/Kyanite/noise/internal/collaboration/test_infrastructure.go:146.26,152.4 1 0
github.com/Kyanite/noise/internal/collaboration/test_infrastructure.go:153.26,159.4 1 0
github.com/Kyanite/noise/internal/collaboration/test_infrastructure.go:160.52,167.4 1 0
github.com/Kyanite/noise/internal/collaboration/test_infrastructure.go:168.52,175.4 1 0
github.com/Kyanite/noise/internal/collaboration/test_infrastructure.go:178.2,178.12 1 1
github.com/Kyanite/noise/internal/collaboration/test_infrastructure.go:182.65,186.2 3 0
github.com/Kyanite/noise/internal/collaboration/test_infrastructure.go:189.66,196.2 5 0
github.com/Kyanite/noise/internal/collaboration/test_infrastructure.go:199.53,203.2 3 0
github.com/Kyanite/noise/internal/collaboration/test_infrastructure.go:213.52,223.35 3 1
github.com/Kyanite/noise/internal/collaboration/test_infrastructure.go:223.35,229.4 1 0
github.com/Kyanite/noise/internal/collaboration/test_infrastructure.go:230.34,237.4 1 0
github.com/Kyanite/noise/internal/collaboration/test_infrastructure.go:238.34,245.4 1 0
github.com/Kyanite/noise/internal/collaboration/test_infrastructure.go:248.2,248.12 1 1
github.com/Kyanite/noise/internal/collaboration/test_infrastructure.go:252.67,256.2 3 0
github.com/Kyanite/noise/internal/collaboration/test_infrastructure.go:259.69,266.2 5 1
github.com/Kyanite/noise/internal/collaboration/test_infrastructure.go:269.55,273.2 3 1
github.com/Kyanite/noise/internal/collaboration/test_infrastructure.go:281.46,283.2 1 1
github.com/Kyanite/noise/internal/collaboration/test_infrastructure.go:286.77,302.2 1 0
github.com/Kyanite/noise/internal/collaboration/test_infrastructure.go:305.115,317.2 1 0
github.com/Kyanite/noise/internal/collaboration/test_infrastructure.go:320.130,333.2 1 1
github.com/Kyanite/noise/internal/collaboration/test_infrastructure.go:336.72,354.2 1 0
github.com/Kyanite/noise/internal/collaboration/test_infrastructure.go:357.47,358.16 1 1
github.com/Kyanite/noise/internal/collaboration/test_infrastructure.go:358.16,360.3 1 1
github.com/Kyanite/noise/internal/collaboration/test_infrastructure.go:364.45,365.16 1 1
github.com/Kyanite/noise/internal/collaboration/test_infrastructure.go:365.16,367.3 1 0
github.com/Kyanite/noise/internal/collaboration/test_infrastructure.go:371.64,372.24 1 1
github.com/Kyanite/noise/internal/collaboration/test_infrastructure.go:372.24,374.3 1 0
github.com/Kyanite/noise/internal/collaboration/test_infrastructure.go:378.67,379.24 1 1
github.com/Kyanite/noise/internal/collaboration/test_infrastructure.go:379.24,381.3 1 0
github.com/Kyanite/noise/internal/collaboration/test_infrastructure.go:385.76,386.16 1 1
github.com/Kyanite/noise/internal/collaboration/test_infrastructure.go:386.16,387.27 1 1
github.com/Kyanite/noise/internal/collaboration/test_infrastructure.go:387.27,389.4 1 1
github.com/Kyanite/noise/internal/collaboration/test_infrastructure.go:389.9,389.34 1 1
github.com/Kyanite/noise/internal/collaboration/test_infrastructure.go:389.34,391.4 1 1
github.com/Kyanite/noise/internal/collaboration/test_infrastructure.go:391.9,395.4 3 1
github.com/Kyanite/noise/internal/collaboration/test_infrastructure.go:400.62,401.15 1 1
github.com/Kyanite/noise/internal/collaboration/test_infrastructure.go:401.15,403.3 1 0
github.com/Kyanite/noise/internal/collaboration/test_infrastructure.go:407.54,408.18 1 1
github.com/Kyanite/noise/internal/collaboration/test_infrastructure.go:408.18,410.3 1 0
github.com/Kyanite/noise/internal/collaboration/test_infrastructure.go:414.68,415.27 1 1
github.com/Kyanite/noise/internal/collaboration/test_infrastructure.go:416.17,417.25 1 0
github.com/Kyanite/noise/internal/collaboration/test_infrastructure.go:417.25,419.4 1 0
github.com/Kyanite/noise/internal/collaboration/test_infrastructure.go:420.21,421.25 1 0
github.com/Kyanite/noise/internal/collaboration/test_infrastructure.go:421.25,423.4 1 0
github.com/Kyanite/noise/internal/collaboration/test_infrastructure.go:424.19,425.25 1 0
github.com/Kyanite/noise/internal/collaboration/test_infrastructure.go:425.25,427.4 1 0
github.com/Kyanite/noise/internal/collaboration/test_infrastructure.go:428.28,429.25 1 0
github.com/Kyanite/noise/internal/collaboration/test_infrastructure.go:429.25,431.4 1 0
github.com/Kyanite/noise/internal/collaboration/test_infrastructure.go:432.23,433.25 1 0
github.com/Kyanite/noise/internal/collaboration/test_infrastructure.go:433.25,435.4 1 0
github.com/Kyanite/noise/internal/collaboration/test_infrastructure.go:436.22,437.25 1 0
github.com/Kyanite/noise/internal/collaboration/test_infrastructure.go:437.25,439.4 1 0
github.com/Kyanite/noise/internal/collaboration/test_infrastructure.go:440.18,441.25 1 0
github.com/Kyanite/noise/internal/collaboration/test_infrastructure.go:441.25,443.4 1 0
github.com/Kyanite/noise/internal/collaboration/test_infrastructure.go:444.24,445.25 1 0
github.com/Kyanite/noise/internal/collaboration/test_infrastructure.go:445.25,447.4 1 0
github.com/Kyanite/noise/internal/collaboration/test_infrastructure.go:448.21,449.25 1 0
github.com/Kyanite/noise/internal/collaboration/test_infrastructure.go:449.25,451.4 1 0
github.com/Kyanite/noise/internal/collaboration/test_infrastructure.go:452.10,455.41 2 1
github.com/Kyanite/noise/internal/collaboration/test_infrastructure.go:455.41,456.36 1 1
github.com/Kyanite/noise/internal/collaboration/test_infrastructure.go:456.36,458.5 1 1
github.com/Kyanite/noise/internal/collaboration/test_infrastructure.go:459.9,461.4 1 0
github.com/Kyanite/noise/internal/collaboration/test_infrastructure.go:466.101,468.34 2 0
github.com/Kyanite/noise/internal/collaboration/test_infrastructure.go:468.34,469.18 1 0
github.com/Kyanite/noise/internal/collaboration/test_infrastructure.go:469.18,471.4 1 0
github.com/Kyanite/noise/internal/collaboration/test_infrastructure.go:472.3,472.36 1 0
github.com/Kyanite/noise/internal/collaboration/test_infrastructure.go:475.2,475.61 1 0
github.com/Kyanite/noise/internal/collaboration/test_infrastructure.go:489.44,496.20 6 1
github.com/Kyanite/noise/internal/collaboration/test_infrastructure.go:496.20,499.3 2 1
github.com/Kyanite/noise/internal/collaboration/test_infrastructure.go:501.2,508.3 1 1
github.com/Kyanite/noise/internal/collaboration/test_infrastructure.go:512.73,513.14 1 0
github.com/Kyanite/noise/internal/collaboration/test_infrastructure.go:514.17,520.4 1 0
github.com/Kyanite/noise/internal/collaboration/test_infrastructure.go:521.18,527.4 1 0
github.com/Kyanite/noise/internal/collaboration/test_infrastructure.go:528.18,534.4 1 0
github.com/Kyanite/noise/internal/collaboration/test_infrastructure.go:535.10,536.34 1 0
