mode: set
github.com/Kyanite/noise/test/e2e/load_testing_framework.go:28.45,39.2 1 0
github.com/Kyanite/noise/test/e2e/load_testing_framework.go:67.69,75.2 2 1
github.com/Kyanite/noise/test/e2e/load_testing_framework.go:78.64,96.49 8 1
github.com/Kyanite/noise/test/e2e/load_testing_framework.go:96.49,97.23 1 1
github.com/Kyanite/noise/test/e2e/load_testing_framework.go:97.23,101.4 3 1
github.com/Kyanite/noise/test/e2e/load_testing_framework.go:105.2,105.12 1 1
github.com/Kyanite/noise/test/e2e/load_testing_framework.go:105.12,108.3 2 1
github.com/Kyanite/noise/test/e2e/load_testing_framework.go:111.2,115.33 4 1
github.com/Kyanite/noise/test/e2e/load_testing_framework.go:115.33,124.38 7 1
github.com/Kyanite/noise/test/e2e/load_testing_framework.go:124.38,126.4 1 1
github.com/Kyanite/noise/test/e2e/load_testing_framework.go:129.3,129.52 1 1
github.com/Kyanite/noise/test/e2e/load_testing_framework.go:129.52,131.4 1 0
github.com/Kyanite/noise/test/e2e/load_testing_framework.go:135.2,137.40 2 1
github.com/Kyanite/noise/test/e2e/load_testing_framework.go:137.40,140.3 2 1
github.com/Kyanite/noise/test/e2e/load_testing_framework.go:143.2,143.29 1 1
github.com/Kyanite/noise/test/e2e/load_testing_framework.go:143.29,148.41 4 1
github.com/Kyanite/noise/test/e2e/load_testing_framework.go:148.41,150.24 2 1
github.com/Kyanite/noise/test/e2e/load_testing_framework.go:150.24,152.5 1 1
github.com/Kyanite/noise/test/e2e/load_testing_framework.go:153.4,153.24 1 1
github.com/Kyanite/noise/test/e2e/load_testing_framework.go:153.24,155.5 1 0
github.com/Kyanite/noise/test/e2e/load_testing_framework.go:158.3,160.87 3 1
github.com/Kyanite/noise/test/e2e/load_testing_framework.go:163.2,179.23 12 1
github.com/Kyanite/noise/test/e2e/load_testing_framework.go:183.56,184.36 1 1
github.com/Kyanite/noise/test/e2e/load_testing_framework.go:184.36,185.50 1 0
github.com/Kyanite/noise/test/e2e/load_testing_framework.go:185.50,187.4 1 0
github.com/Kyanite/noise/test/e2e/load_testing_framework.go:188.3,188.9 1 0
github.com/Kyanite/noise/test/e2e/load_testing_framework.go:191.2,193.49 2 1
github.com/Kyanite/noise/test/e2e/load_testing_framework.go:193.49,195.38 2 1
github.com/Kyanite/noise/test/e2e/load_testing_framework.go:195.38,197.4 1 1
github.com/Kyanite/noise/test/e2e/load_testing_framework.go:202.68,209.51 3 1
github.com/Kyanite/noise/test/e2e/load_testing_framework.go:209.51,218.17 6 1
github.com/Kyanite/noise/test/e2e/load_testing_framework.go:218.17,221.12 3 0
github.com/Kyanite/noise/test/e2e/load_testing_framework.go:225.3,227.17 3 1
github.com/Kyanite/noise/test/e2e/load_testing_framework.go:227.18,229.4 0 0
github.com/Kyanite/noise/test/e2e/load_testing_framework.go:232.3,244.17 3 1
github.com/Kyanite/noise/test/e2e/load_testing_framework.go:244.17,247.12 3 0
github.com/Kyanite/noise/test/e2e/load_testing_framework.go:250.3,253.36 2 1
github.com/Kyanite/noise/test/e2e/load_testing_framework.go:253.36,264.18 5 1
github.com/Kyanite/noise/test/e2e/load_testing_framework.go:264.18,266.5 1 0
github.com/Kyanite/noise/test/e2e/load_testing_framework.go:266.10,268.5 1 1
github.com/Kyanite/noise/test/e2e/load_testing_framework.go:272.3,272.48 1 1
github.com/Kyanite/noise/test/e2e/load_testing_framework.go:272.48,286.18 3 1
github.com/Kyanite/noise/test/e2e/load_testing_framework.go:286.18,288.5 1 0
github.com/Kyanite/noise/test/e2e/load_testing_framework.go:288.10,293.5 2 1
github.com/Kyanite/noise/test/e2e/load_testing_framework.go:296.3,301.46 4 1
github.com/Kyanite/noise/test/e2e/load_testing_framework.go:301.46,303.4 1 0
github.com/Kyanite/noise/test/e2e/load_testing_framework.go:306.2,309.37 2 1
github.com/Kyanite/noise/test/e2e/load_testing_framework.go:309.37,311.3 1 1
github.com/Kyanite/noise/test/e2e/load_testing_framework.go:313.2,313.15 1 1
github.com/Kyanite/noise/test/e2e/load_testing_framework.go:317.53,325.2 5 0
github.com/Kyanite/noise/test/e2e/load_testing_framework.go:328.33,329.21 1 1
github.com/Kyanite/noise/test/e2e/load_testing_framework.go:329.21,331.3 1 1
